TN:
SF:src/App.tsx
FN:11,App
FNF:1
FNH:0
FNDA:0,App
DA:9,0
DA:12,0
DA:14,0
LF:3
LH:0
BRDA:17,0,0,0
BRDA:17,0,1,0
BRF:2
BRH:0
end_of_record
TN:
SF:src/router.tsx
FN:41,(anonymous_0)
FN:41,(anonymous_1)
FN:45,(anonymous_2)
FN:45,(anonymous_3)
FN:49,(anonymous_4)
FN:49,(anonymous_5)
FN:54,(anonymous_6)
FN:54,(anonymous_7)
FN:58,(anonymous_8)
FN:58,(anonymous_9)
FN:62,(anonymous_10)
FN:62,(anonymous_11)
FN:66,(anonymous_12)
FN:66,(anonymous_13)
FN:71,(anonymous_14)
FN:71,(anonymous_15)
FN:75,(anonymous_16)
FN:75,(anonymous_17)
FN:79,(anonymous_18)
FN:79,(anonymous_19)
FN:83,(anonymous_20)
FN:83,(anonymous_21)
FN:87,(anonymous_22)
FN:87,(anonymous_23)
FN:91,(anonymous_24)
FN:91,(anonymous_25)
FN:95,(anonymous_26)
FN:95,(anonymous_27)
FN:100,(anonymous_28)
FN:100,(anonymous_29)
FN:104,(anonymous_30)
FN:104,(anonymous_31)
FN:108,(anonymous_32)
FN:108,(anonymous_33)
FN:112,(anonymous_34)
FN:112,(anonymous_35)
FN:116,(anonymous_36)
FN:116,(anonymous_37)
FN:120,(anonymous_38)
FN:120,(anonymous_39)
FN:124,(anonymous_40)
FN:124,(anonymous_41)
FN:129,(anonymous_42)
FN:129,(anonymous_43)
FN:133,(anonymous_44)
FN:133,(anonymous_45)
FN:137,(anonymous_46)
FN:137,(anonymous_47)
FN:141,(anonymous_48)
FN:141,(anonymous_49)
FN:145,(anonymous_50)
FN:145,(anonymous_51)
FN:149,(anonymous_52)
FN:149,(anonymous_53)
FN:154,(anonymous_54)
FN:154,(anonymous_55)
FN:158,(anonymous_56)
FN:158,(anonymous_57)
FN:162,(anonymous_58)
FN:162,(anonymous_59)
FN:166,(anonymous_60)
FN:166,(anonymous_61)
FN:170,(anonymous_62)
FN:170,(anonymous_63)
FN:174,(anonymous_64)
FN:174,(anonymous_65)
FN:178,(anonymous_66)
FN:178,(anonymous_67)
FN:183,(anonymous_68)
FN:183,(anonymous_69)
FN:187,(anonymous_70)
FN:187,(anonymous_71)
FN:191,(anonymous_72)
FN:191,(anonymous_73)
FN:195,(anonymous_74)
FN:195,(anonymous_75)
FN:199,(anonymous_76)
FN:199,(anonymous_77)
FN:203,(anonymous_78)
FN:203,(anonymous_79)
FN:208,(anonymous_80)
FN:208,(anonymous_81)
FN:212,(anonymous_82)
FN:212,(anonymous_83)
FN:216,(anonymous_84)
FN:216,(anonymous_85)
FN:220,(anonymous_86)
FN:220,(anonymous_87)
FN:224,(anonymous_88)
FN:224,(anonymous_89)
FN:228,(anonymous_90)
FN:228,(anonymous_91)
FN:232,(anonymous_92)
FN:232,(anonymous_93)
FN:237,(anonymous_94)
FN:237,(anonymous_95)
FN:241,(anonymous_96)
FN:241,(anonymous_97)
FN:245,(anonymous_98)
FN:245,(anonymous_99)
FN:249,(anonymous_100)
FN:249,(anonymous_101)
FN:267,(anonymous_102)
FN:267,(anonymous_103)
FN:273,(anonymous_104)
FN:296,(anonymous_105)
FN:296,(anonymous_106)
FN:300,(anonymous_107)
FN:300,(anonymous_108)
FN:304,(anonymous_109)
FN:304,(anonymous_110)
FN:309,(anonymous_111)
FN:309,(anonymous_112)
FN:313,(anonymous_113)
FN:313,(anonymous_114)
FN:318,(anonymous_115)
FN:318,(anonymous_116)
FN:322,(anonymous_117)
FN:322,(anonymous_118)
FN:326,(anonymous_119)
FN:326,(anonymous_120)
FN:330,(anonymous_121)
FN:330,(anonymous_122)
FN:334,(anonymous_123)
FN:334,(anonymous_124)
FN:338,(anonymous_125)
FN:338,(anonymous_126)
FN:342,(anonymous_127)
FN:342,(anonymous_128)
FN:347,(anonymous_129)
FN:347,(anonymous_130)
FN:351,(anonymous_131)
FN:351,(anonymous_132)
FN:355,(anonymous_133)
FN:355,(anonymous_134)
FN:359,(anonymous_135)
FN:359,(anonymous_136)
FN:363,(anonymous_137)
FN:363,(anonymous_138)
FN:367,(anonymous_139)
FN:367,(anonymous_140)
FN:371,(anonymous_141)
FN:371,(anonymous_142)
FN:376,(anonymous_143)
FN:376,(anonymous_144)
FN:380,(anonymous_145)
FN:380,(anonymous_146)
FN:384,(anonymous_147)
FN:384,(anonymous_148)
FN:388,(anonymous_149)
FN:388,(anonymous_150)
FN:392,(anonymous_151)
FN:392,(anonymous_152)
FN:396,(anonymous_153)
FN:396,(anonymous_154)
FN:401,(anonymous_155)
FN:401,(anonymous_156)
FN:405,(anonymous_157)
FN:405,(anonymous_158)
FN:409,(anonymous_159)
FN:409,(anonymous_160)
FN:413,(anonymous_161)
FN:413,(anonymous_162)
FN:417,(anonymous_163)
FN:417,(anonymous_164)
FN:421,(anonymous_165)
FN:421,(anonymous_166)
FN:425,(anonymous_167)
FN:425,(anonymous_168)
FN:430,(anonymous_169)
FN:430,(anonymous_170)
FN:434,(anonymous_171)
FN:434,(anonymous_172)
FN:438,(anonymous_173)
FN:438,(anonymous_174)
FN:442,(anonymous_175)
FN:442,(anonymous_176)
FN:446,(anonymous_177)
FN:446,(anonymous_178)
FN:450,(anonymous_179)
FN:450,(anonymous_180)
FN:455,(anonymous_181)
FN:455,(anonymous_182)
FN:459,(anonymous_183)
FN:459,(anonymous_184)
FN:463,(anonymous_185)
FN:463,(anonymous_186)
FN:467,(anonymous_187)
FN:467,(anonymous_188)
FN:471,(anonymous_189)
FN:471,(anonymous_190)
FN:475,(anonymous_191)
FN:475,(anonymous_192)
FN:479,(anonymous_193)
FN:479,(anonymous_194)
FN:484,(anonymous_195)
FN:484,(anonymous_196)
FN:488,(anonymous_197)
FN:488,(anonymous_198)
FN:494,(anonymous_199)
FN:512,(anonymous_200)
FN:512,(anonymous_201)
FN:517,(anonymous_202)
FN:517,(anonymous_203)
FN:521,(anonymous_204)
FN:521,(anonymous_205)
FN:525,(anonymous_206)
FN:525,(anonymous_207)
FN:530,(anonymous_208)
FN:530,(anonymous_209)
FN:535,(anonymous_210)
FN:535,(anonymous_211)
FN:539,(anonymous_212)
FN:539,(anonymous_213)
FN:543,(anonymous_214)
FN:543,(anonymous_215)
FN:547,(anonymous_216)
FN:547,(anonymous_217)
FN:551,(anonymous_218)
FN:551,(anonymous_219)
FN:555,(anonymous_220)
FN:555,(anonymous_221)
FN:559,(anonymous_222)
FN:559,(anonymous_223)
FN:564,(anonymous_224)
FN:564,(anonymous_225)
FN:568,(anonymous_226)
FN:568,(anonymous_227)
FN:572,(anonymous_228)
FN:572,(anonymous_229)
FN:576,(anonymous_230)
FN:576,(anonymous_231)
FN:580,(anonymous_232)
FN:580,(anonymous_233)
FN:584,(anonymous_234)
FN:584,(anonymous_235)
FN:588,(anonymous_236)
FN:588,(anonymous_237)
FN:593,(anonymous_238)
FN:593,(anonymous_239)
FN:597,(anonymous_240)
FN:597,(anonymous_241)
FN:601,(anonymous_242)
FN:601,(anonymous_243)
FN:605,(anonymous_244)
FN:605,(anonymous_245)
FN:609,(anonymous_246)
FN:609,(anonymous_247)
FN:613,(anonymous_248)
FN:613,(anonymous_249)
FN:618,(anonymous_250)
FN:618,(anonymous_251)
FN:622,(anonymous_252)
FN:622,(anonymous_253)
FN:626,(anonymous_254)
FN:626,(anonymous_255)
FN:630,(anonymous_256)
FN:630,(anonymous_257)
FN:634,(anonymous_258)
FN:634,(anonymous_259)
FN:638,(anonymous_260)
FN:638,(anonymous_261)
FN:642,(anonymous_262)
FN:642,(anonymous_263)
FN:647,(anonymous_264)
FN:647,(anonymous_265)
FN:651,(anonymous_266)
FN:651,(anonymous_267)
FN:655,(anonymous_268)
FN:655,(anonymous_269)
FN:659,(anonymous_270)
FN:659,(anonymous_271)
FN:663,(anonymous_272)
FN:663,(anonymous_273)
FN:667,(anonymous_274)
FN:667,(anonymous_275)
FN:672,(anonymous_276)
FN:672,(anonymous_277)
FN:676,(anonymous_278)
FN:676,(anonymous_279)
FN:680,(anonymous_280)
FN:680,(anonymous_281)
FN:684,(anonymous_282)
FN:684,(anonymous_283)
FN:688,(anonymous_284)
FN:688,(anonymous_285)
FN:692,(anonymous_286)
FN:692,(anonymous_287)
FN:696,(anonymous_288)
FN:696,(anonymous_289)
FN:701,(anonymous_290)
FN:701,(anonymous_291)
FN:752,(anonymous_292)
FN:752,(anonymous_293)
FN:756,(anonymous_294)
FN:756,(anonymous_295)
FN:771,AppRouter
FNF:297
FNH:0
FNDA:0,(anonymous_0)
FNDA:0,(anonymous_1)
FNDA:0,(anonymous_2)
FNDA:0,(anonymous_3)
FNDA:0,(anonymous_4)
FNDA:0,(anonymous_5)
FNDA:0,(anonymous_6)
FNDA:0,(anonymous_7)
FNDA:0,(anonymous_8)
FNDA:0,(anonymous_9)
FNDA:0,(anonymous_10)
FNDA:0,(anonymous_11)
FNDA:0,(anonymous_12)
FNDA:0,(anonymous_13)
FNDA:0,(anonymous_14)
FNDA:0,(anonymous_15)
FNDA:0,(anonymous_16)
FNDA:0,(anonymous_17)
FNDA:0,(anonymous_18)
FNDA:0,(anonymous_19)
FNDA:0,(anonymous_20)
FNDA:0,(anonymous_21)
FNDA:0,(anonymous_22)
FNDA:0,(anonymous_23)
FNDA:0,(anonymous_24)
FNDA:0,(anonymous_25)
FNDA:0,(anonymous_26)
FNDA:0,(anonymous_27)
FNDA:0,(anonymous_28)
FNDA:0,(anonymous_29)
FNDA:0,(anonymous_30)
FNDA:0,(anonymous_31)
FNDA:0,(anonymous_32)
FNDA:0,(anonymous_33)
FNDA:0,(anonymous_34)
FNDA:0,(anonymous_35)
FNDA:0,(anonymous_36)
FNDA:0,(anonymous_37)
FNDA:0,(anonymous_38)
FNDA:0,(anonymous_39)
FNDA:0,(anonymous_40)
FNDA:0,(anonymous_41)
FNDA:0,(anonymous_42)
FNDA:0,(anonymous_43)
FNDA:0,(anonymous_44)
FNDA:0,(anonymous_45)
FNDA:0,(anonymous_46)
FNDA:0,(anonymous_47)
FNDA:0,(anonymous_48)
FNDA:0,(anonymous_49)
FNDA:0,(anonymous_50)
FNDA:0,(anonymous_51)
FNDA:0,(anonymous_52)
FNDA:0,(anonymous_53)
FNDA:0,(anonymous_54)
FNDA:0,(anonymous_55)
FNDA:0,(anonymous_56)
FNDA:0,(anonymous_57)
FNDA:0,(anonymous_58)
FNDA:0,(anonymous_59)
FNDA:0,(anonymous_60)
FNDA:0,(anonymous_61)
FNDA:0,(anonymous_62)
FNDA:0,(anonymous_63)
FNDA:0,(anonymous_64)
FNDA:0,(anonymous_65)
FNDA:0,(anonymous_66)
FNDA:0,(anonymous_67)
FNDA:0,(anonymous_68)
FNDA:0,(anonymous_69)
FNDA:0,(anonymous_70)
FNDA:0,(anonymous_71)
FNDA:0,(anonymous_72)
FNDA:0,(anonymous_73)
FNDA:0,(anonymous_74)
FNDA:0,(anonymous_75)
FNDA:0,(anonymous_76)
FNDA:0,(anonymous_77)
FNDA:0,(anonymous_78)
FNDA:0,(anonymous_79)
FNDA:0,(anonymous_80)
FNDA:0,(anonymous_81)
FNDA:0,(anonymous_82)
FNDA:0,(anonymous_83)
FNDA:0,(anonymous_84)
FNDA:0,(anonymous_85)
FNDA:0,(anonymous_86)
FNDA:0,(anonymous_87)
FNDA:0,(anonymous_88)
FNDA:0,(anonymous_89)
FNDA:0,(anonymous_90)
FNDA:0,(anonymous_91)
FNDA:0,(anonymous_92)
FNDA:0,(anonymous_93)
FNDA:0,(anonymous_94)
FNDA:0,(anonymous_95)
FNDA:0,(anonymous_96)
FNDA:0,(anonymous_97)
FNDA:0,(anonymous_98)
FNDA:0,(anonymous_99)
FNDA:0,(anonymous_100)
FNDA:0,(anonymous_101)
FNDA:0,(anonymous_102)
FNDA:0,(anonymous_103)
FNDA:0,(anonymous_104)
FNDA:0,(anonymous_105)
FNDA:0,(anonymous_106)
FNDA:0,(anonymous_107)
FNDA:0,(anonymous_108)
FNDA:0,(anonymous_109)
FNDA:0,(anonymous_110)
FNDA:0,(anonymous_111)
FNDA:0,(anonymous_112)
FNDA:0,(anonymous_113)
FNDA:0,(anonymous_114)
FNDA:0,(anonymous_115)
FNDA:0,(anonymous_116)
FNDA:0,(anonymous_117)
FNDA:0,(anonymous_118)
FNDA:0,(anonymous_119)
FNDA:0,(anonymous_120)
FNDA:0,(anonymous_121)
FNDA:0,(anonymous_122)
FNDA:0,(anonymous_123)
FNDA:0,(anonymous_124)
FNDA:0,(anonymous_125)
FNDA:0,(anonymous_126)
FNDA:0,(anonymous_127)
FNDA:0,(anonymous_128)
FNDA:0,(anonymous_129)
FNDA:0,(anonymous_130)
FNDA:0,(anonymous_131)
FNDA:0,(anonymous_132)
FNDA:0,(anonymous_133)
FNDA:0,(anonymous_134)
FNDA:0,(anonymous_135)
FNDA:0,(anonymous_136)
FNDA:0,(anonymous_137)
FNDA:0,(anonymous_138)
FNDA:0,(anonymous_139)
FNDA:0,(anonymous_140)
FNDA:0,(anonymous_141)
FNDA:0,(anonymous_142)
FNDA:0,(anonymous_143)
FNDA:0,(anonymous_144)
FNDA:0,(anonymous_145)
FNDA:0,(anonymous_146)
FNDA:0,(anonymous_147)
FNDA:0,(anonymous_148)
FNDA:0,(anonymous_149)
FNDA:0,(anonymous_150)
FNDA:0,(anonymous_151)
FNDA:0,(anonymous_152)
FNDA:0,(anonymous_153)
FNDA:0,(anonymous_154)
FNDA:0,(anonymous_155)
FNDA:0,(anonymous_156)
FNDA:0,(anonymous_157)
FNDA:0,(anonymous_158)
FNDA:0,(anonymous_159)
FNDA:0,(anonymous_160)
FNDA:0,(anonymous_161)
FNDA:0,(anonymous_162)
FNDA:0,(anonymous_163)
FNDA:0,(anonymous_164)
FNDA:0,(anonymous_165)
FNDA:0,(anonymous_166)
FNDA:0,(anonymous_167)
FNDA:0,(anonymous_168)
FNDA:0,(anonymous_169)
FNDA:0,(anonymous_170)
FNDA:0,(anonymous_171)
FNDA:0,(anonymous_172)
FNDA:0,(anonymous_173)
FNDA:0,(anonymous_174)
FNDA:0,(anonymous_175)
FNDA:0,(anonymous_176)
FNDA:0,(anonymous_177)
FNDA:0,(anonymous_178)
FNDA:0,(anonymous_179)
FNDA:0,(anonymous_180)
FNDA:0,(anonymous_181)
FNDA:0,(anonymous_182)
FNDA:0,(anonymous_183)
FNDA:0,(anonymous_184)
FNDA:0,(anonymous_185)
FNDA:0,(anonymous_186)
FNDA:0,(anonymous_187)
FNDA:0,(anonymous_188)
FNDA:0,(anonymous_189)
FNDA:0,(anonymous_190)
FNDA:0,(anonymous_191)
FNDA:0,(anonymous_192)
FNDA:0,(anonymous_193)
FNDA:0,(anonymous_194)
FNDA:0,(anonymous_195)
FNDA:0,(anonymous_196)
FNDA:0,(anonymous_197)
FNDA:0,(anonymous_198)
FNDA:0,(anonymous_199)
FNDA:0,(anonymous_200)
FNDA:0,(anonymous_201)
FNDA:0,(anonymous_202)
FNDA:0,(anonymous_203)
FNDA:0,(anonymous_204)
FNDA:0,(anonymous_205)
FNDA:0,(anonymous_206)
FNDA:0,(anonymous_207)
FNDA:0,(anonymous_208)
FNDA:0,(anonymous_209)
FNDA:0,(anonymous_210)
FNDA:0,(anonymous_211)
FNDA:0,(anonymous_212)
FNDA:0,(anonymous_213)
FNDA:0,(anonymous_214)
FNDA:0,(anonymous_215)
FNDA:0,(anonymous_216)
FNDA:0,(anonymous_217)
FNDA:0,(anonymous_218)
FNDA:0,(anonymous_219)
FNDA:0,(anonymous_220)
FNDA:0,(anonymous_221)
FNDA:0,(anonymous_222)
FNDA:0,(anonymous_223)
FNDA:0,(anonymous_224)
FNDA:0,(anonymous_225)
FNDA:0,(anonymous_226)
FNDA:0,(anonymous_227)
FNDA:0,(anonymous_228)
FNDA:0,(anonymous_229)
FNDA:0,(anonymous_230)
FNDA:0,(anonymous_231)
FNDA:0,(anonymous_232)
FNDA:0,(anonymous_233)
FNDA:0,(anonymous_234)
FNDA:0,(anonymous_235)
FNDA:0,(anonymous_236)
FNDA:0,(anonymous_237)
FNDA:0,(anonymous_238)
FNDA:0,(anonymous_239)
FNDA:0,(anonymous_240)
FNDA:0,(anonymous_241)
FNDA:0,(anonymous_242)
FNDA:0,(anonymous_243)
FNDA:0,(anonymous_244)
FNDA:0,(anonymous_245)
FNDA:0,(anonymous_246)
FNDA:0,(anonymous_247)
FNDA:0,(anonymous_248)
FNDA:0,(anonymous_249)
FNDA:0,(anonymous_250)
FNDA:0,(anonymous_251)
FNDA:0,(anonymous_252)
FNDA:0,(anonymous_253)
FNDA:0,(anonymous_254)
FNDA:0,(anonymous_255)
FNDA:0,(anonymous_256)
FNDA:0,(anonymous_257)
FNDA:0,(anonymous_258)
FNDA:0,(anonymous_259)
FNDA:0,(anonymous_260)
FNDA:0,(anonymous_261)
FNDA:0,(anonymous_262)
FNDA:0,(anonymous_263)
FNDA:0,(anonymous_264)
FNDA:0,(anonymous_265)
FNDA:0,(anonymous_266)
FNDA:0,(anonymous_267)
FNDA:0,(anonymous_268)
FNDA:0,(anonymous_269)
FNDA:0,(anonymous_270)
FNDA:0,(anonymous_271)
FNDA:0,(anonymous_272)
FNDA:0,(anonymous_273)
FNDA:0,(anonymous_274)
FNDA:0,(anonymous_275)
FNDA:0,(anonymous_276)
FNDA:0,(anonymous_277)
FNDA:0,(anonymous_278)
FNDA:0,(anonymous_279)
FNDA:0,(anonymous_280)
FNDA:0,(anonymous_281)
FNDA:0,(anonymous_282)
FNDA:0,(anonymous_283)
FNDA:0,(anonymous_284)
FNDA:0,(anonymous_285)
FNDA:0,(anonymous_286)
FNDA:0,(anonymous_287)
FNDA:0,(anonymous_288)
FNDA:0,(anonymous_289)
FNDA:0,(anonymous_290)
FNDA:0,(anonymous_291)
FNDA:0,(anonymous_292)
FNDA:0,(anonymous_293)
FNDA:0,(anonymous_294)
FNDA:0,(anonymous_295)
FNDA:0,AppRouter
DA:24,0
DA:41,0
DA:45,0
DA:49,0
DA:54,0
DA:58,0
DA:62,0
DA:66,0
DA:71,0
DA:75,0
DA:79,0
DA:83,0
DA:87,0
DA:91,0
DA:95,0
DA:100,0
DA:104,0
DA:108,0
DA:112,0
DA:116,0
DA:120,0
DA:124,0
DA:129,0
DA:133,0
DA:137,0
DA:141,0
DA:145,0
DA:149,0
DA:154,0
DA:158,0
DA:162,0
DA:166,0
DA:170,0
DA:174,0
DA:178,0
DA:183,0
DA:187,0
DA:191,0
DA:195,0
DA:199,0
DA:203,0
DA:208,0
DA:212,0
DA:216,0
DA:220,0
DA:224,0
DA:228,0
DA:232,0
DA:237,0
DA:241,0
DA:245,0
DA:249,0
DA:255,0
DA:267,0
DA:273,0
DA:274,0
DA:275,0
DA:285,0
DA:296,0
DA:300,0
DA:304,0
DA:309,0
DA:313,0
DA:318,0
DA:322,0
DA:326,0
DA:330,0
DA:334,0
DA:338,0
DA:342,0
DA:347,0
DA:351,0
DA:355,0
DA:359,0
DA:363,0
DA:367,0
DA:371,0
DA:376,0
DA:380,0
DA:384,0
DA:388,0
DA:392,0
DA:396,0
DA:401,0
DA:405,0
DA:409,0
DA:413,0
DA:417,0
DA:421,0
DA:425,0
DA:430,0
DA:434,0
DA:438,0
DA:442,0
DA:446,0
DA:450,0
DA:455,0
DA:459,0
DA:463,0
DA:467,0
DA:471,0
DA:475,0
DA:479,0
DA:484,0
DA:488,0
DA:494,0
DA:495,0
DA:496,0
DA:506,0
DA:512,0
DA:517,0
DA:521,0
DA:525,0
DA:530,0
DA:535,0
DA:539,0
DA:543,0
DA:547,0
DA:551,0
DA:555,0
DA:559,0
DA:564,0
DA:568,0
DA:572,0
DA:576,0
DA:580,0
DA:584,0
DA:588,0
DA:593,0
DA:597,0
DA:601,0
DA:605,0
DA:609,0
DA:613,0
DA:618,0
DA:622,0
DA:626,0
DA:630,0
DA:634,0
DA:638,0
DA:642,0
DA:647,0
DA:651,0
DA:655,0
DA:659,0
DA:663,0
DA:667,0
DA:672,0
DA:676,0
DA:680,0
DA:684,0
DA:688,0
DA:692,0
DA:696,0
DA:701,0
DA:707,0
DA:752,0
DA:756,0
DA:772,0
LF:159
LH:0
BRF:0
BRH:0
end_of_record
TN:
SF:src/api/clerk-webhooks.ts
FN:25,syncUserProfile
FN:93,deleteUserProfile
FN:119,handleClerkWebhook
FN:171,clerkWebhookHandler
FNF:4
FNH:0
FNDA:0,syncUserProfile
FNDA:0,deleteUserProfile
FNDA:0,handleClerkWebhook
FNDA:0,clerkWebhookHandler
DA:26,0
DA:27,0
DA:28,0
DA:29,0
DA:32,0
DA:36,0
DA:48,0
DA:54,0
DA:56,0
DA:61,0
DA:62,0
DA:66,0
DA:70,0
DA:71,0
DA:75,0
DA:85,0
DA:87,0
DA:88,0
DA:94,0
DA:96,0
DA:102,0
DA:107,0
DA:108,0
DA:111,0
DA:113,0
DA:114,0
DA:123,0
DA:125,0
DA:126,0
DA:129,0
DA:130,0
DA:131,0
DA:133,0
DA:135,0
DA:136,0
DA:137,0
DA:140,0
DA:141,0
DA:142,0
DA:145,0
DA:146,0
DA:147,0
DA:150,0
DA:152,0
DA:155,0
DA:157,0
DA:160,0
DA:163,0
DA:165,0
DA:166,0
DA:172,0
DA:173,0
DA:174,0
DA:180,0
DA:182,0
DA:184,0
DA:185,0
LF:57
LH:0
BRDA:28,0,0,0
BRDA:32,1,0,0
BRDA:32,1,1,0
BRDA:32,2,0,0
BRDA:32,2,1,0
BRDA:34,3,0,0
BRDA:34,3,1,0
BRDA:34,3,2,0
BRDA:41,4,0,0
BRDA:41,4,1,0
BRDA:42,5,0,0
BRDA:42,5,1,0
BRDA:54,6,0,0
BRDA:54,6,1,0
BRDA:61,7,0,0
BRDA:70,8,0,0
BRDA:107,9,0,0
BRDA:125,10,0,0
BRDA:133,11,0,0
BRDA:133,11,1,0
BRDA:133,11,2,0
BRDA:133,11,3,0
BRDA:133,11,4,0
BRDA:133,11,5,0
BRF:24
BRH:0
end_of_record
TN:
SF:src/api/index.ts
FN:10,(anonymous_0)
FN:23,(anonymous_1)
FNF:2
FNH:0
FNDA:0,(anonymous_0)
FNDA:0,(anonymous_1)
DA:7,0
DA:10,0
DA:11,0
DA:23,0
DA:24,0
DA:33,0
LF:6
LH:0
BRDA:28,0,0,0
BRDA:28,0,1,0
BRF:2
BRH:0
end_of_record
TN:
SF:src/api/inventory.ts
FN:46,(anonymous_0)
FN:88,(anonymous_1)
FN:131,(anonymous_2)
FN:168,(anonymous_3)
FN:197,(anonymous_4)
FN:221,(anonymous_5)
FN:247,(anonymous_6)
FN:288,(anonymous_7)
FN:324,(anonymous_8)
FN:360,(anonymous_9)
FN:391,(anonymous_10)
FN:423,(anonymous_11)
FN:454,(anonymous_12)
FN:484,(anonymous_13)
FN:528,(anonymous_14)
FN:573,(anonymous_15)
FNF:16
FNH:0
FNDA:0,(anonymous_0)
FNDA:0,(anonymous_1)
FNDA:0,(anonymous_2)
FNDA:0,(anonymous_3)
FNDA:0,(anonymous_4)
FNDA:0,(anonymous_5)
FNDA:0,(anonymous_6)
FNDA:0,(anonymous_7)
FNDA:0,(anonymous_8)
FNDA:0,(anonymous_9)
FNDA:0,(anonymous_10)
FNDA:0,(anonymous_11)
FNDA:0,(anonymous_12)
FNDA:0,(anonymous_13)
FNDA:0,(anonymous_14)
FNDA:0,(anonymous_15)
DA:22,0
DA:23,0
DA:24,0
DA:34,0
DA:47,0
DA:48,0
DA:58,0
DA:60,0
DA:71,0
DA:72,0
DA:84,0
DA:89,0
DA:90,0
DA:92,0
DA:93,0
DA:99,0
DA:104,0
DA:105,0
DA:117,0
DA:132,0
DA:133,0
DA:134,0
DA:136,0
DA:142,0
DA:143,0
DA:155,0
DA:169,0
DA:170,0
DA:171,0
DA:173,0
DA:179,0
DA:180,0
DA:192,0
DA:198,0
DA:199,0
DA:201,0
DA:206,0
DA:207,0
DA:219,0
DA:222,0
DA:223,0
DA:225,0
DA:230,0
DA:231,0
DA:243,0
DA:248,0
DA:249,0
DA:251,0
DA:256,0
DA:257,0
DA:273,0
DA:289,0
DA:290,0
DA:291,0
DA:293,0
DA:299,0
DA:300,0
DA:312,0
DA:325,0
DA:326,0
DA:327,0
DA:329,0
DA:335,0
DA:336,0
DA:348,0
DA:361,0
DA:362,0
DA:363,0
DA:365,0
DA:371,0
DA:372,0
DA:384,0
DA:392,0
DA:393,0
DA:398,0
DA:403,0
DA:404,0
DA:416,0
DA:424,0
DA:425,0
DA:426,0
DA:428,0
DA:433,0
DA:434,0
DA:446,0
DA:455,0
DA:456,0
DA:462,0
DA:467,0
DA:468,0
DA:480,0
DA:485,0
DA:486,0
DA:487,0
DA:488,0
DA:494,0
DA:496,0
DA:501,0
DA:502,0
DA:514,0
DA:529,0
DA:530,0
DA:531,0
DA:532,0
DA:538,0
DA:544,0
DA:546,0
DA:552,0
DA:553,0
DA:565,0
DA:574,0
DA:575,0
DA:576,0
DA:582,0
DA:591,0
DA:592,0
LF:116
LH:0
BRDA:52,0,0,0
BRDA:52,0,1,0
BRDA:53,1,0,0
BRDA:53,1,1,0
BRDA:54,2,0,0
BRDA:54,2,1,0
BRDA:55,3,0,0
BRDA:55,3,1,0
BRDA:74,4,0,0
BRDA:74,4,1,0
BRDA:92,5,0,0
BRDA:107,6,0,0
BRDA:107,6,1,0
BRDA:145,7,0,0
BRDA:145,7,1,0
BRDA:182,8,0,0
BRDA:182,8,1,0
BRDA:209,9,0,0
BRDA:209,9,1,0
BRDA:233,10,0,0
BRDA:233,10,1,0
BRDA:259,11,0,0
BRDA:259,11,1,0
BRDA:302,12,0,0
BRDA:302,12,1,0
BRDA:338,13,0,0
BRDA:338,13,1,0
BRDA:374,14,0,0
BRDA:374,14,1,0
BRDA:406,15,0,0
BRDA:406,15,1,0
BRDA:425,16,0,0
BRDA:425,16,1,0
BRDA:436,17,0,0
BRDA:436,17,1,0
BRDA:470,18,0,0
BRDA:470,18,1,0
BRDA:487,19,0,0
BRDA:504,20,0,0
BRDA:504,20,1,0
BRDA:531,21,0,0
BRDA:555,22,0,0
BRDA:555,22,1,0
BRDA:594,23,0,0
BRDA:594,23,1,0
BRF:45
BRH:0
end_of_record
TN:
SF:src/api/profitability.ts
FN:32,fetchProfitabilityReport
FN:64,fetchItemProfitability
FN:97,fetchCostBreakdown
FN:141,fetchMarginAnalysis
FN:188,fetchProfitabilityTrends
FN:218,saveProfitabilityReport
FN:243,exportProfitabilityReport
FN:294,fetchTopPerformingItems
FN:320,fetchUnderperformingItems
FN:345,assessProfitability
FN:355,subscribeToProfitabilityUpdates
FN:367,downloadReport
FN:383,createDateRange
FN:419,getProfitabilityStatusColor
FN:439,formatMarginPercent
FN:449,formatMoney
FNF:16
FNH:0
FNDA:0,fetchProfitabilityReport
FNDA:0,fetchItemProfitability
FNDA:0,fetchCostBreakdown
FNDA:0,fetchMarginAnalysis
FNDA:0,fetchProfitabilityTrends
FNDA:0,saveProfitabilityReport
FNDA:0,exportProfitabilityReport
FNDA:0,fetchTopPerformingItems
FNDA:0,fetchUnderperformingItems
FNDA:0,assessProfitability
FNDA:0,subscribeToProfitabilityUpdates
FNDA:0,downloadReport
FNDA:0,createDateRange
FNDA:0,getProfitabilityStatusColor
FNDA:0,formatMarginPercent
FNDA:0,formatMoney
DA:35,0
DA:36,0
DA:38,0
DA:39,0
DA:45,0
DA:50,0
DA:51,0
DA:68,0
DA:69,0
DA:71,0
DA:72,0
DA:78,0
DA:83,0
DA:84,0
DA:113,0
DA:114,0
DA:116,0
DA:117,0
DA:123,0
DA:128,0
DA:129,0
DA:158,0
DA:159,0
DA:161,0
DA:162,0
DA:168,0
DA:173,0
DA:174,0
DA:193,0
DA:194,0
DA:200,0
DA:205,0
DA:206,0
DA:221,0
DA:222,0
DA:224,0
DA:229,0
DA:230,0
DA:247,0
DA:248,0
DA:250,0
DA:251,0
DA:258,0
DA:259,0
DA:260,0
DA:261,0
DA:268,0
DA:269,0
DA:275,0
DA:280,0
DA:281,0
DA:298,0
DA:299,0
DA:301,0
DA:306,0
DA:307,0
DA:324,0
DA:325,0
DA:327,0
DA:332,0
DA:333,0
DA:346,0
DA:359,0
DA:368,0
DA:369,0
DA:370,0
DA:371,0
DA:372,0
DA:373,0
DA:374,0
DA:375,0
DA:384,0
DA:385,0
DA:387,0
DA:389,0
DA:390,0
DA:392,0
DA:393,0
DA:395,0
DA:396,0
DA:398,0
DA:399,0
DA:401,0
DA:402,0
DA:405,0
DA:408,0
DA:409,0
DA:411,0
DA:420,0
DA:422,0
DA:424,0
DA:426,0
DA:428,0
DA:430,0
DA:440,0
DA:450,0
DA:451,0
DA:458,0
LF:98
LH:0
BRDA:38,0,0,0
BRDA:53,1,0,0
BRDA:53,1,1,0
BRDA:71,2,0,0
BRDA:86,3,0,0
BRDA:86,3,1,0
BRDA:116,4,0,0
BRDA:131,5,0,0
BRDA:131,5,1,0
BRDA:161,6,0,0
BRDA:176,7,0,0
BRDA:176,7,1,0
BRDA:208,8,0,0
BRDA:208,8,1,0
BRDA:226,9,0,0
BRDA:226,9,1,0
BRDA:232,10,0,0
BRDA:232,10,1,0
BRDA:250,11,0,0
BRDA:258,12,0,0
BRDA:268,13,0,0
BRDA:283,14,0,0
BRDA:283,14,1,0
BRDA:309,15,0,0
BRDA:309,15,1,0
BRDA:335,16,0,0
BRDA:335,16,1,0
BRDA:387,17,0,0
BRDA:387,17,1,0
BRDA:387,17,2,0
BRDA:387,17,3,0
BRDA:387,17,4,0
BRDA:387,17,5,0
BRDA:420,18,0,0
BRDA:420,18,1,0
BRDA:420,18,2,0
BRDA:420,18,3,0
BRDA:420,18,4,0
BRDA:449,19,0,0
BRDA:450,20,0,0
BRF:40
BRH:0
end_of_record
TN:
SF:src/components/auth/ClerkAuthComponents.tsx
FN:13,(anonymous_0)
FN:60,(anonymous_1)
FN:68,(anonymous_2)
FN:77,(anonymous_3)
FN:119,(anonymous_4)
FN:119,(anonymous_5)
FN:139,(anonymous_6)
FN:139,(anonymous_7)
FN:212,(anonymous_8)
FN:220,(anonymous_9)
FN:232,(anonymous_10)
FN:244,(anonymous_11)
FNF:12
FNH:0
FNDA:0,(anonymous_0)
FNDA:0,(anonymous_1)
FNDA:0,(anonymous_2)
FNDA:0,(anonymous_3)
FNDA:0,(anonymous_4)
FNDA:0,(anonymous_5)
FNDA:0,(anonymous_6)
FNDA:0,(anonymous_7)
FNDA:0,(anonymous_8)
FNDA:0,(anonymous_9)
FNDA:0,(anonymous_10)
FNDA:0,(anonymous_11)
DA:13,0
DA:14,0
DA:15,0
DA:17,0
DA:18,0
DA:43,0
DA:60,0
DA:61,0
DA:62,0
DA:63,0
DA:68,0
DA:69,0
DA:70,0
DA:77,0
DA:78,0
DA:79,0
DA:80,0
DA:82,0
DA:86,0
DA:87,0
DA:94,0
DA:119,0
DA:139,0
DA:212,0
DA:220,0
DA:232,0
DA:233,0
DA:244,0
DA:245,0
DA:246,0
DA:247,0
DA:249,0
DA:250,0
DA:253,0
LF:34
LH:0
BRDA:17,0,0,0
BRDA:17,1,0,0
BRDA:17,1,1,0
BRDA:31,2,0,0
BRDA:31,2,1,0
BRDA:64,3,0,0
BRDA:64,3,1,0
BRDA:65,4,0,0
BRDA:65,4,1,0
BRDA:69,5,0,0
BRDA:86,6,0,0
BRDA:115,7,0,0
BRDA:115,7,1,0
BRDA:136,8,0,0
BRDA:136,8,1,0
BRDA:162,9,0,0
BRDA:162,9,1,0
BRDA:168,10,0,0
BRDA:168,10,1,0
BRDA:174,11,0,0
BRDA:174,11,1,0
BRDA:175,12,0,0
BRDA:175,12,1,0
BRDA:177,13,0,0
BRDA:177,13,1,0
BRDA:178,14,0,0
BRDA:178,14,1,0
BRDA:180,15,0,0
BRDA:180,15,1,0
BRDA:181,16,0,0
BRDA:181,16,1,0
BRDA:183,17,0,0
BRDA:183,17,1,0
BRDA:184,18,0,0
BRDA:184,18,1,0
BRDA:186,19,0,0
BRDA:186,19,1,0
BRDA:187,20,0,0
BRDA:187,20,1,0
BRDA:189,21,0,0
BRDA:189,21,1,0
BRDA:190,22,0,0
BRDA:190,22,1,0
BRDA:192,23,0,0
BRDA:192,23,1,0
BRDA:203,24,0,0
BRDA:203,24,1,0
BRDA:249,25,0,0
BRDA:259,26,0,0
BRDA:259,26,1,0
BRDA:260,27,0,0
BRDA:260,27,1,0
BRDA:263,28,0,0
BRDA:263,28,1,0
BRDA:263,28,2,0
BRDA:275,29,0,0
BRDA:275,29,1,0
BRDA:276,30,0,0
BRDA:276,30,1,0
BRF:59
BRH:0
end_of_record
TN:
SF:src/components/auth/DashboardRedirect.tsx
FN:7,DashboardRedirect
FN:14,(anonymous_1)
FN:24,(anonymous_2)
FN:34,(anonymous_3)
FN:54,(anonymous_4)
FN:130,(anonymous_5)
FNF:6
FNH:0
FNDA:0,DashboardRedirect
FNDA:0,(anonymous_1)
FNDA:0,(anonymous_2)
FNDA:0,(anonymous_3)
FNDA:0,(anonymous_4)
FNDA:0,(anonymous_5)
DA:8,0
DA:9,0
DA:10,0
DA:11,0
DA:14,0
DA:15,0
DA:24,0
DA:25,0
DA:26,0
DA:31,0
DA:34,0
DA:35,0
DA:40,0
DA:41,0
DA:43,0
DA:45,0
DA:46,0
DA:49,0
DA:50,0
DA:54,0
DA:57,0
DA:58,0
DA:63,0
DA:64,0
DA:68,0
DA:69,0
DA:74,0
DA:75,0
DA:79,0
DA:80,0
DA:85,0
DA:86,0
DA:90,0
DA:94,0
DA:97,0
DA:98,0
DA:100,0
DA:101,0
DA:107,0
DA:111,0
DA:112,0
DA:123,0
DA:124,0
DA:130,0
DA:141,0
LF:45
LH:0
BRDA:16,0,0,0
BRDA:16,0,1,0
BRDA:25,1,0,0
BRDA:25,2,0,0
BRDA:25,2,1,0
BRDA:36,3,0,0
BRDA:36,3,1,0
BRDA:45,4,0,0
BRDA:57,5,0,0
BRDA:68,6,0,0
BRDA:79,7,0,0
BRDA:79,8,0,0
BRDA:79,8,1,0
BRDA:111,9,0,0
BRDA:111,10,0,0
BRDA:111,10,1,0
BRDA:123,11,0,0
BRF:17
BRH:0
end_of_record
TN:
SF:src/components/auth/PermissionGuard.tsx
FN:18,PermissionGuard
FN:34,(anonymous_1)
FN:35,(anonymous_2)
FN:108,(anonymous_3)
FN:154,(anonymous_4)
FN:160,(anonymous_5)
FN:189,PermissionWrapper
FN:235,PermissionAlert
FNF:8
FNH:0
FNDA:0,PermissionGuard
FNDA:0,(anonymous_1)
FNDA:0,(anonymous_2)
FNDA:0,(anonymous_3)
FNDA:0,(anonymous_4)
FNDA:0,(anonymous_5)
FNDA:0,PermissionWrapper
FNDA:0,PermissionAlert
DA:28,0
DA:29,0
DA:30,0
DA:31,0
DA:32,0
DA:34,0
DA:35,0
DA:36,0
DA:37,0
DA:39,0
DA:41,0
DA:42,0
DA:43,0
DA:44,0
DA:48,0
DA:49,0
DA:50,0
DA:51,0
DA:55,0
DA:56,0
DA:57,0
DA:58,0
DA:59,0
DA:60,0
DA:64,0
DA:65,0
DA:66,0
DA:67,0
DA:71,0
DA:72,0
DA:73,0
DA:74,0
DA:79,0
DA:80,0
DA:81,0
DA:82,0
DA:86,0
DA:87,0
DA:88,0
DA:89,0
DA:90,0
DA:94,0
DA:96,0
DA:97,0
DA:98,0
DA:100,0
DA:104,0
DA:108,0
DA:109,0
DA:110,0
DA:111,0
DA:113,0
DA:118,0
DA:119,0
DA:130,0
DA:132,0
DA:133,0
DA:137,0
DA:138,0
DA:154,0
DA:160,0
DA:172,0
DA:176,0
DA:197,0
DA:198,0
DA:201,0
DA:202,0
DA:206,0
DA:207,0
DA:211,0
DA:212,0
DA:216,0
DA:217,0
DA:221,0
DA:222,0
DA:225,0
DA:240,0
DA:246,0
DA:252,0
DA:258,0
LF:80
LH:0
BRDA:20,0,0,0
BRDA:26,1,0,0
BRDA:41,2,0,0
BRDA:48,3,0,0
BRDA:55,4,0,0
BRDA:57,5,0,0
BRDA:58,6,0,0
BRDA:58,6,1,0
BRDA:64,7,0,0
BRDA:65,8,0,0
BRDA:65,8,1,0
BRDA:71,9,0,0
BRDA:71,10,0,0
BRDA:71,10,1,0
BRDA:71,10,2,0
BRDA:79,11,0,0
BRDA:79,12,0,0
BRDA:79,12,1,0
BRDA:87,13,0,0
BRDA:109,14,0,0
BRDA:109,15,0,0
BRDA:109,15,1,0
BRDA:109,15,2,0
BRDA:110,16,0,0
BRDA:110,17,0,0
BRDA:110,17,1,0
BRDA:118,18,0,0
BRDA:130,19,0,0
BRDA:132,20,0,0
BRDA:137,21,0,0
BRDA:150,22,0,0
BRDA:150,22,1,0
BRDA:195,23,0,0
BRDA:201,24,0,0
BRDA:206,25,0,0
BRDA:206,26,0,0
BRDA:206,26,1,0
BRDA:211,27,0,0
BRDA:211,28,0,0
BRDA:211,28,1,0
BRDA:211,28,2,0
BRDA:216,29,0,0
BRDA:216,30,0,0
BRDA:216,30,1,0
BRDA:221,31,0,0
BRDA:221,32,0,0
BRDA:221,32,1,0
BRDA:236,33,0,0
BRDA:237,34,0,0
BRDA:238,35,0,0
BRDA:260,36,0,0
BRDA:260,36,1,0
BRF:52
BRH:0
end_of_record
TN:
SF:src/components/auth/ProtectedRoute.tsx
FN:15,ProtectedRoute
FN:41,(anonymous_1)
FN:42,(anonymous_2)
FN:70,(anonymous_3)
FN:133,(anonymous_4)
FN:158,(anonymous_5)
FNF:6
FNH:0
FNDA:0,ProtectedRoute
FNDA:0,(anonymous_1)
FNDA:0,(anonymous_2)
FNDA:0,(anonymous_3)
FNDA:0,(anonymous_4)
FNDA:0,(anonymous_5)
DA:20,0
DA:21,0
DA:24,0
DA:27,0
DA:28,0
DA:31,0
DA:34,0
DA:35,0
DA:36,0
DA:37,0
DA:38,0
DA:41,0
DA:42,0
DA:43,0
DA:44,0
DA:46,0
DA:47,0
DA:48,0
DA:49,0
DA:56,0
DA:58,0
DA:59,0
DA:62,0
DA:66,0
DA:70,0
DA:71,0
DA:83,0
DA:84,0
DA:85,0
DA:88,0
DA:89,0
DA:95,0
DA:107,0
DA:109,0
DA:114,0
DA:115,0
DA:118,0
DA:120,0
DA:127,0
DA:133,0
DA:143,0
DA:145,0
DA:152,0
DA:158,0
DA:168,0
DA:176,0
LF:46
LH:0
BRDA:28,0,0,0
BRDA:28,0,1,0
BRDA:31,1,0,0
BRDA:31,1,1,0
BRDA:34,2,0,0
BRDA:34,2,1,0
BRDA:35,3,0,0
BRDA:35,3,1,0
BRDA:36,4,0,0
BRDA:36,4,1,0
BRDA:37,5,0,0
BRDA:37,5,1,0
BRDA:38,6,0,0
BRDA:38,6,1,0
BRDA:46,7,0,0
BRDA:46,7,1,0
BRDA:46,8,0,0
BRDA:46,8,1,0
BRDA:46,8,2,0
BRDA:54,9,0,0
BRDA:54,9,1,0
BRDA:73,10,0,0
BRDA:73,10,1,0
BRDA:83,11,0,0
BRDA:88,12,0,0
BRDA:88,13,0,0
BRDA:88,13,1,0
BRDA:100,14,0,0
BRDA:100,14,1,0
BRDA:107,15,0,0
BRDA:111,16,0,0
BRDA:111,16,1,0
BRDA:114,17,0,0
BRDA:114,17,1,0
BRDA:118,18,0,0
BRDA:118,19,0,0
BRDA:118,19,1,0
BRDA:143,20,0,0
BRDA:143,21,0,0
BRDA:143,21,1,0
BRF:40
BRH:0
end_of_record
TN:
SF:src/components/auth/enhanced/CulinaryAuthLayout.tsx
FN:23,CulinaryAuthLayout
FN:202,AuthCardHeader
FN:236,AuthFooterLink
FNF:3
FNH:0
FNDA:0,CulinaryAuthLayout
FNDA:0,AuthCardHeader
FNDA:0,AuthFooterLink
DA:32,0
DA:211,0
DA:247,0
LF:3
LH:0
BRDA:28,0,0,0
BRDA:29,1,0,0
BRDA:30,2,0,0
BRDA:69,3,0,0
BRDA:69,3,1,0
BRDA:118,4,0,0
BRDA:118,4,1,0
BRDA:123,5,0,0
BRDA:123,5,1,0
BRDA:213,6,0,0
BRDA:213,6,1,0
BRDA:223,7,0,0
BRDA:223,7,1,0
BRF:13
BRH:0
end_of_record
TN:
SF:src/components/auth/enhanced/CulinarySignIn.tsx
FN:22,CulinarySignIn
FN:216,CulinarySignInModal
FNF:2
FNH:0
FNDA:0,CulinarySignIn
FNDA:0,CulinarySignInModal
DA:27,0
DA:220,0
LF:2
LH:0
BRDA:23,0,0,0
BRDA:24,1,0,0
BRF:2
BRH:0
end_of_record
TN:
SF:src/components/auth/enhanced/CulinarySignUp.tsx
FN:21,CulinarySignUp
FN:274,QuickSignUp
FNF:2
FNH:0
FNDA:0,CulinarySignUp
FNDA:0,QuickSignUp
DA:26,0
DA:278,0
LF:2
LH:0
BRDA:22,0,0,0
BRDA:23,1,0,0
BRF:2
BRH:0
end_of_record
TN:
SF:src/components/auth/shared/AuthCard.tsx
FN:16,AuthCard
FN:79,AuthCardHeader
FN:114,AuthCardFooter
FNF:3
FNH:3
FNDA:13,AuthCard
FNDA:12,AuthCardHeader
FNDA:10,AuthCardFooter
DA:2,1
DA:16,1
DA:21,13
DA:54,13
DA:79,1
DA:85,12
DA:114,1
DA:118,10
LF:8
LH:8
BRDA:19,0,0,5
BRDA:57,1,0,13
BRDA:57,1,1,4
BRDA:87,2,0,12
BRDA:87,2,1,2
BRDA:97,3,0,12
BRDA:97,3,1,4
BRF:7
BRH:7
end_of_record
TN:
SF:src/components/auth/shared/AuthLoadingSpinner.tsx
FN:17,AuthLoadingSpinner
FN:88,(anonymous_1)
FN:145,LoadingOverlay
FN:175,ButtonLoading
FN:201,Skeleton
FN:223,CardSkeleton
FNF:6
FNH:6
FNDA:42,AuthLoadingSpinner
FNDA:45,(anonymous_1)
FNDA:11,LoadingOverlay
FNDA:8,ButtonLoading
FNDA:48,Skeleton
FNDA:4,CardSkeleton
DA:1,1
DA:2,1
DA:17,1
DA:23,42
DA:41,42
DA:43,42
DA:44,8
DA:71,34
DA:72,2
DA:84,32
DA:85,15
DA:89,45
DA:111,17
DA:145,1
DA:150,11
DA:152,10
DA:175,1
DA:181,8
DA:201,1
DA:205,48
DA:211,48
DA:223,1
DA:224,4
LF:23
LH:23
BRDA:18,0,0,14
BRDA:19,1,0,8
BRDA:20,2,0,21
BRDA:43,3,0,8
BRDA:57,4,0,2
BRDA:57,4,1,6
BRDA:57,5,0,4
BRDA:57,5,1,2
BRDA:62,6,0,8
BRDA:62,6,1,8
BRDA:71,7,0,2
BRDA:75,8,0,2
BRDA:75,8,1,2
BRDA:84,9,0,15
BRDA:93,10,0,33
BRDA:93,10,1,12
BRDA:93,11,0,9
BRDA:93,11,1,3
BRDA:101,12,0,15
BRDA:101,12,1,15
BRDA:127,13,0,17
BRDA:127,13,1,16
BRDA:147,14,0,8
BRDA:148,15,0,8
BRDA:150,16,0,1
BRDA:183,17,0,8
BRDA:183,17,1,5
BRDA:187,18,0,3
BRDA:187,18,1,5
BRDA:187,19,0,8
BRDA:187,19,1,5
BRDA:203,20,0,13
BRF:32
BRH:32
end_of_record
TN:
SF:src/components/auth/shared/BrandLogo.tsx
FN:18,BrandLogo
FN:55,(anonymous_1)
FN:162,TextLogo
FN:167,(anonymous_3)
FNF:4
FNH:4
FNDA:47,BrandLogo
FNDA:47,(anonymous_1)
FNDA:15,TextLogo
FNDA:15,(anonymous_3)
DA:1,1
DA:2,1
DA:18,1
DA:25,47
DA:52,47
DA:55,47
DA:56,47
DA:58,10
DA:65,4
DA:72,1
DA:79,32
DA:88,47
DA:90,47
DA:107,47
DA:113,47
DA:162,1
DA:167,15
DA:168,15
DA:170,3
DA:172,2
DA:174,2
DA:176,8
DA:180,15
DA:186,15
LF:24
LH:24
BRDA:19,0,0,31
BRDA:20,1,0,43
BRDA:23,2,0,35
BRDA:56,3,0,10
BRDA:56,3,1,4
BRDA:56,3,2,1
BRDA:56,3,3,32
BRDA:117,4,0,6
BRDA:117,4,1,41
BRDA:131,5,0,47
BRDA:131,5,1,43
BRDA:136,6,0,6
BRDA:136,6,1,37
BRDA:142,7,0,43
BRDA:142,7,1,24
BRDA:142,7,2,20
BRDA:163,8,0,12
BRDA:168,9,0,3
BRDA:168,9,1,2
BRDA:168,9,2,2
BRDA:168,9,3,8
BRF:21
BRH:21
end_of_record
TN:
SF:src/components/auth/shared/StepIndicator.tsx
FN:23,StepIndicator
FN:68,(anonymous_1)
FN:141,(anonymous_2)
FN:188,CircularProgress
FNF:4
FNH:4
FNDA:44,StepIndicator
FNDA:36,(anonymous_1)
FNDA:80,(anonymous_2)
FNDA:17,CircularProgress
DA:1,1
DA:2,1
DA:23,1
DA:29,44
DA:30,44
DA:32,44
DA:33,6
DA:53,38
DA:54,12
DA:69,36
DA:70,36
DA:72,36
DA:117,26
DA:142,80
DA:143,80
DA:145,80
DA:188,1
DA:194,17
DA:200,17
DA:201,17
DA:202,17
DA:203,17
DA:204,17
DA:206,17
LF:24
LH:24
BRDA:27,0,0,26
BRDA:32,1,0,6
BRDA:53,2,0,12
BRDA:77,3,0,36
BRDA:77,3,1,12
BRDA:78,4,0,36
BRDA:78,4,1,16
BRDA:83,5,0,36
BRDA:83,5,1,16
BRDA:84,6,0,36
BRDA:84,6,1,12
BRDA:85,7,0,36
BRDA:85,7,1,20
BRDA:85,7,2,8
BRDA:87,8,0,16
BRDA:87,8,1,20
BRDA:96,9,0,36
BRDA:96,9,1,12
BRDA:97,10,0,36
BRDA:97,10,1,16
BRDA:98,11,0,36
BRDA:98,11,1,20
BRDA:98,11,2,8
BRDA:102,12,0,36
BRDA:102,12,1,30
BRDA:152,13,0,80
BRDA:152,13,1,28
BRDA:153,14,0,80
BRDA:153,14,1,22
BRDA:154,15,0,80
BRDA:154,15,1,52
BRDA:154,15,2,30
BRDA:156,16,0,28
BRDA:156,16,1,52
BRDA:164,17,0,80
BRDA:164,17,1,22
BRDA:165,18,0,80
BRDA:165,18,1,28
BRDA:166,19,0,80
BRDA:166,19,1,52
BRDA:166,19,2,30
BRDA:190,20,0,11
BRDA:191,21,0,15
BRDA:236,22,0,17
BRDA:236,22,1,15
BRF:45
BRH:45
end_of_record
TN:
SF:src/components/brand/BrandDigitalMarketingDashboard.tsx
FN:22,(anonymous_0)
FN:30,(anonymous_1)
FN:53,(anonymous_2)
FN:74,(anonymous_3)
FNF:4
FNH:0
FNDA:0,(anonymous_0)
FNDA:0,(anonymous_1)
FNDA:0,(anonymous_2)
FNDA:0,(anonymous_3)
DA:22,0
DA:27,0
DA:28,0
DA:30,0
DA:31,0
DA:32,0
DA:40,0
DA:41,0
DA:45,0
DA:46,0
DA:49,0
DA:53,0
DA:54,0
DA:55,0
DA:56,0
DA:60,0
DA:61,0
DA:64,0
DA:65,0
DA:68,0
DA:70,0
DA:74,0
DA:75,0
DA:76,0
DA:118,0
DA:119,0
DA:120,0
DA:121,0
DA:123,0
DA:165,0
LF:30
LH:0
BRDA:40,0,0,0
BRDA:45,1,0,0
BRDA:60,2,0,0
BRDA:64,3,0,0
BRDA:75,4,0,0
BRDA:118,5,0,0
BRDA:118,5,1,0
BRDA:119,6,0,0
BRDA:119,6,1,0
BRDA:120,7,0,0
BRDA:120,7,1,0
BRDA:121,8,0,0
BRDA:121,8,1,0
BRDA:177,9,0,0
BRDA:177,9,1,0
BRDA:184,10,0,0
BRDA:184,10,1,0
BRDA:213,11,0,0
BRDA:213,11,1,0
BRDA:219,12,0,0
BRDA:219,12,1,0
BRDA:225,13,0,0
BRDA:225,13,1,0
BRDA:239,14,0,0
BRDA:239,14,1,0
BRDA:244,15,0,0
BRDA:244,15,1,0
BRDA:249,16,0,0
BRDA:249,16,1,0
BRF:29
BRH:0
end_of_record
TN:
SF:src/components/brand/GoogleAnalyticsWidget.tsx
FN:13,(anonymous_0)
FN:20,(anonymous_1)
FN:36,(anonymous_2)
FN:151,(anonymous_3)
FN:180,(anonymous_4)
FN:211,(anonymous_5)
FN:241,(anonymous_6)
FNF:7
FNH:0
FNDA:0,(anonymous_0)
FNDA:0,(anonymous_1)
FNDA:0,(anonymous_2)
FNDA:0,(anonymous_3)
FNDA:0,(anonymous_4)
FNDA:0,(anonymous_5)
FNDA:0,(anonymous_6)
DA:13,0
DA:17,0
DA:18,0
DA:20,0
DA:21,0
DA:22,0
DA:23,0
DA:24,0
DA:25,0
DA:27,0
DA:28,0
DA:30,0
DA:32,0
DA:36,0
DA:37,0
DA:38,0
DA:42,0
DA:43,0
DA:61,0
DA:62,0
DA:84,0
DA:152,0
DA:181,0
DA:212,0
DA:242,0
LF:25
LH:0
BRDA:17,0,0,0
BRDA:17,0,1,0
BRDA:24,1,0,0
BRDA:37,2,0,0
BRDA:42,3,0,0
BRDA:61,4,0,0
BRDA:102,5,0,0
BRDA:102,5,1,0
BRDA:104,6,0,0
BRDA:104,6,1,0
BRDA:104,7,0,0
BRDA:104,7,1,0
BRDA:114,8,0,0
BRDA:114,8,1,0
BRDA:116,9,0,0
BRDA:116,9,1,0
BRDA:126,10,0,0
BRDA:126,10,1,0
BRDA:136,11,0,0
BRDA:136,11,1,0
BRDA:151,12,0,0
BRDA:151,12,1,0
BRDA:180,13,0,0
BRDA:180,13,1,0
BRDA:211,14,0,0
BRDA:211,14,1,0
BRDA:241,15,0,0
BRDA:241,15,1,0
BRF:28
BRH:0
end_of_record
TN:
SF:src/components/brand/InstagramAnalyticsWidget.tsx
FN:14,(anonymous_0)
FN:24,(anonymous_1)
FN:40,(anonymous_2)
FN:53,(anonymous_3)
FN:60,(anonymous_4)
FN:102,(anonymous_5)
FN:118,(anonymous_6)
FN:166,(anonymous_7)
FN:194,(anonymous_8)
FN:210,(anonymous_9)
FN:291,(anonymous_10)
FN:320,(anonymous_11)
FN:352,(anonymous_12)
FN:400,(anonymous_13)
FNF:14
FNH:0
FNDA:0,(anonymous_0)
FNDA:0,(anonymous_1)
FNDA:0,(anonymous_2)
FNDA:0,(anonymous_3)
FNDA:0,(anonymous_4)
FNDA:0,(anonymous_5)
FNDA:0,(anonymous_6)
FNDA:0,(anonymous_7)
FNDA:0,(anonymous_8)
FNDA:0,(anonymous_9)
FNDA:0,(anonymous_10)
FNDA:0,(anonymous_11)
FNDA:0,(anonymous_12)
FNDA:0,(anonymous_13)
DA:14,0
DA:19,0
DA:20,0
DA:21,0
DA:22,0
DA:24,0
DA:25,0
DA:26,0
DA:27,0
DA:28,0
DA:29,0
DA:31,0
DA:32,0
DA:34,0
DA:36,0
DA:40,0
DA:41,0
DA:42,0
DA:43,0
DA:44,0
DA:46,0
DA:47,0
DA:49,0
DA:53,0
DA:54,0
DA:55,0
DA:57,0
DA:60,0
DA:61,0
DA:62,0
DA:63,0
DA:64,0
DA:65,0
DA:69,0
DA:70,0
DA:88,0
DA:89,0
DA:102,0
DA:119,0
DA:120,0
DA:121,0
DA:166,0
DA:181,0
DA:194,0
DA:211,0
DA:292,0
DA:321,0
DA:353,0
DA:354,0
DA:355,0
DA:400,0
LF:51
LH:0
BRDA:19,0,0,0
BRDA:19,0,1,0
BRDA:28,1,0,0
BRDA:43,2,0,0
BRDA:47,3,0,0
BRDA:47,3,1,0
BRDA:54,4,0,0
BRDA:61,5,0,0
BRDA:69,6,0,0
BRDA:88,7,0,0
BRDA:88,8,0,0
BRDA:88,8,1,0
BRDA:111,9,0,0
BRDA:111,9,1,0
BRDA:219,10,0,0
BRDA:219,10,1,0
BRDA:224,11,0,0
BRDA:224,11,1,0
BRDA:225,12,0,0
BRDA:225,12,1,0
BRDA:235,13,0,0
BRDA:235,13,1,0
BRDA:243,14,0,0
BRDA:243,14,1,0
BRDA:245,15,0,0
BRDA:245,15,1,0
BRDA:245,16,0,0
BRDA:245,16,1,0
BRDA:255,17,0,0
BRDA:255,17,1,0
BRDA:265,18,0,0
BRDA:265,18,1,0
BRDA:276,19,0,0
BRDA:276,19,1,0
BRDA:291,20,0,0
BRDA:291,20,1,0
BRDA:320,21,0,0
BRDA:320,21,1,0
BRDA:323,22,0,0
BRDA:323,22,1,0
BRDA:345,23,0,0
BRDA:345,23,1,0
BRF:42
BRH:0
end_of_record
TN:
SF:src/components/brand-logos/CafeLogo.tsx
FN:8,(anonymous_0)
FNF:1
FNH:0
FNDA:0,(anonymous_0)
DA:8,0
DA:12,0
LF:2
LH:0
BRDA:10,0,0,0
BRF:1
BRH:0
end_of_record
TN:
SF:src/components/brand-logos/DefaultBrandIcon.tsx
FN:8,(anonymous_0)
FNF:1
FNH:0
FNDA:0,(anonymous_0)
DA:8,0
DA:12,0
LF:2
LH:0
BRDA:10,0,0,0
BRF:1
BRH:0
end_of_record
TN:
SF:src/components/brand-logos/MillabLogo.tsx
FN:8,(anonymous_0)
FNF:1
FNH:0
FNDA:0,(anonymous_0)
DA:8,0
DA:12,0
LF:2
LH:0
BRDA:10,0,0,0
BRF:1
BRH:0
end_of_record
TN:
SF:src/components/brand-logos/RestaurantLogo.tsx
FN:8,(anonymous_0)
FNF:1
FNH:0
FNDA:0,(anonymous_0)
DA:8,0
DA:12,0
LF:2
LH:0
BRDA:10,0,0,0
BRF:1
BRH:0
end_of_record
TN:
SF:src/components/common/Footer.tsx
FN:24,Footer
FN:35,(anonymous_1)
FN:58,(anonymous_2)
FN:63,(anonymous_3)
FN:75,(anonymous_4)
FN:79,(anonymous_5)
FN:82,(anonymous_6)
FN:115,StyleGuideFooter
FN:144,(anonymous_8)
FN:159,(anonymous_9)
FN:161,(anonymous_10)
FN:163,(anonymous_11)
FN:180,ExampleFooter
FNF:13
FNH:0
FNDA:0,Footer
FNDA:0,(anonymous_1)
FNDA:0,(anonymous_2)
FNDA:0,(anonymous_3)
FNDA:0,(anonymous_4)
FNDA:0,(anonymous_5)
FNDA:0,(anonymous_6)
FNDA:0,StyleGuideFooter
FNDA:0,(anonymous_8)
FNDA:0,(anonymous_9)
FNDA:0,(anonymous_10)
FNDA:0,(anonymous_11)
FNDA:0,ExampleFooter
DA:32,0
DA:33,0
DA:35,0
DA:36,0
DA:37,0
DA:38,0
DA:39,0
DA:43,0
DA:59,0
DA:63,0
DA:76,0
DA:80,0
DA:82,0
DA:116,0
DA:137,0
DA:144,0
DA:145,0
DA:146,0
DA:147,0
DA:150,0
DA:151,0
DA:152,0
DA:153,0
DA:159,0
DA:161,0
DA:163,0
DA:167,0
DA:181,0
DA:220,0
DA:227,0
LF:30
LH:0
BRDA:25,0,0,0
BRDA:26,1,0,0
BRDA:27,2,0,0
BRDA:28,3,0,0
BRDA:30,4,0,0
BRDA:33,5,0,0
BRDA:33,5,1,0
BRDA:36,6,0,0
BRDA:36,6,1,0
BRDA:38,7,0,0
BRDA:56,8,0,0
BRDA:56,8,1,0
BRDA:145,9,0,0
BRDA:145,9,1,0
BRDA:145,10,0,0
BRDA:145,10,1,0
BRDA:145,10,2,0
BRDA:145,10,3,0
BRDA:146,11,0,0
BRDA:150,12,0,0
BRDA:150,12,1,0
BRDA:152,13,0,0
BRF:22
BRH:0
end_of_record
TN:
SF:src/components/common/Navigation.tsx
FN:19,Navigation
FN:28,(anonymous_1)
FN:52,(anonymous_2)
FN:55,(anonymous_3)
FN:72,(anonymous_4)
FN:107,(anonymous_5)
FN:110,(anonymous_6)
FN:134,StyleGuideNavigation
FN:159,ExampleNavigation
FNF:9
FNH:0
FNDA:0,Navigation
FNDA:0,(anonymous_1)
FNDA:0,(anonymous_2)
FNDA:0,(anonymous_3)
FNDA:0,(anonymous_4)
FNDA:0,(anonymous_5)
FNDA:0,(anonymous_6)
FNDA:0,StyleGuideNavigation
FNDA:0,ExampleNavigation
DA:26,0
DA:28,0
DA:29,0
DA:30,0
DA:31,0
DA:32,0
DA:36,0
DA:39,0
DA:53,0
DA:55,0
DA:72,0
DA:108,0
DA:110,0
DA:138,0
DA:147,0
DA:160,0
DA:162,0
DA:169,0
LF:18
LH:0
BRDA:24,0,0,0
BRDA:29,1,0,0
BRDA:29,1,1,0
BRDA:31,2,0,0
BRDA:57,3,0,0
BRDA:57,3,1,0
BRDA:77,4,0,0
BRDA:77,4,1,0
BRDA:83,5,0,0
BRDA:83,5,1,0
BRDA:104,6,0,0
BRDA:104,6,1,0
BRDA:112,7,0,0
BRDA:112,7,1,0
BRF:14
BRH:0
end_of_record
TN:
SF:src/components/dashboard/ActivityFeed.tsx
FN:47,ActivityFeed
FN:55,(anonymous_1)
FN:80,(anonymous_2)
FN:99,(anonymous_3)
FN:110,(anonymous_4)
FNF:5
FNH:0
FNDA:0,ActivityFeed
FNDA:0,(anonymous_1)
FNDA:0,(anonymous_2)
FNDA:0,(anonymous_3)
FNDA:0,(anonymous_4)
DA:32,0
DA:40,0
DA:55,0
DA:56,0
DA:57,0
DA:58,0
DA:59,0
DA:60,0
DA:62,0
DA:63,0
DA:64,0
DA:65,0
DA:68,0
DA:81,0
DA:100,0
DA:101,0
DA:103,0
DA:110,0
LF:18
LH:0
BRDA:49,0,0,0
BRDA:52,1,0,0
BRDA:53,2,0,0
BRDA:62,3,0,0
BRDA:63,4,0,0
BRDA:64,5,0,0
BRDA:77,6,0,0
BRDA:77,6,1,0
BRDA:90,7,0,0
BRDA:90,7,1,0
BRDA:100,8,0,0
BRDA:100,8,1,0
BRDA:101,9,0,0
BRDA:101,9,1,0
BRDA:108,10,0,0
BRDA:108,10,1,0
BRDA:125,11,0,0
BRDA:125,11,1,0
BRDA:144,12,0,0
BRDA:144,12,1,0
BRDA:144,12,2,0
BRF:21
BRH:0
end_of_record
TN:
SF:src/components/dashboard/BrandDigitalMarketingDashboard.tsx
FN:58,(anonymous_0)
FN:69,(anonymous_1)
FN:70,(anonymous_2)
FN:73,(anonymous_3)
FN:77,(anonymous_4)
FN:114,(anonymous_5)
FN:135,(anonymous_6)
FN:144,(anonymous_7)
FN:149,(anonymous_8)
FN:163,(anonymous_9)
FN:168,(anonymous_10)
FN:180,(anonymous_11)
FN:190,(anonymous_12)
FN:193,(anonymous_13)
FN:203,(anonymous_14)
FN:378,(anonymous_15)
FNF:16
FNH:0
FNDA:0,(anonymous_0)
FNDA:0,(anonymous_1)
FNDA:0,(anonymous_2)
FNDA:0,(anonymous_3)
FNDA:0,(anonymous_4)
FNDA:0,(anonymous_5)
FNDA:0,(anonymous_6)
FNDA:0,(anonymous_7)
FNDA:0,(anonymous_8)
FNDA:0,(anonymous_9)
FNDA:0,(anonymous_10)
FNDA:0,(anonymous_11)
FNDA:0,(anonymous_12)
FNDA:0,(anonymous_13)
FNDA:0,(anonymous_14)
FNDA:0,(anonymous_15)
DA:58,0
DA:62,0
DA:63,0
DA:64,0
DA:65,0
DA:69,0
DA:70,0
DA:71,0
DA:73,0
DA:74,0
DA:77,0
DA:78,0
DA:79,0
DA:80,0
DA:83,0
DA:88,0
DA:89,0
DA:92,0
DA:105,0
DA:107,0
DA:108,0
DA:110,0
DA:114,0
DA:115,0
DA:116,0
DA:119,0
DA:120,0
DA:122,0
DA:126,0
DA:128,0
DA:129,0
DA:131,0
DA:135,0
DA:136,0
DA:137,0
DA:139,0
DA:140,0
DA:141,0
DA:144,0
DA:145,0
DA:149,0
DA:150,0
DA:153,0
DA:160,0
DA:163,0
DA:164,0
DA:167,0
DA:168,0
DA:169,0
DA:179,0
DA:180,0
DA:181,0
DA:190,0
DA:193,0
DA:194,0
DA:195,0
DA:197,0
DA:198,0
DA:200,0
DA:203,0
DA:204,0
DA:207,0
DA:208,0
DA:227,0
DA:228,0
DA:250,0
DA:379,0
LF:67
LH:0
BRDA:60,0,0,0
BRDA:88,1,0,0
BRDA:88,1,1,0
BRDA:89,2,0,0
BRDA:89,2,1,0
BRDA:94,3,0,0
BRDA:94,3,1,0
BRDA:95,4,0,0
BRDA:95,4,1,0
BRDA:96,5,0,0
BRDA:96,5,1,0
BRDA:97,6,0,0
BRDA:97,6,1,0
BRDA:98,7,0,0
BRDA:98,7,1,0
BRDA:98,8,0,0
BRDA:98,8,1,0
BRDA:99,9,0,0
BRDA:99,9,1,0
BRDA:108,10,0,0
BRDA:108,10,1,0
BRDA:129,11,0,0
BRDA:129,11,1,0
BRDA:155,12,0,0
BRDA:155,12,1,0
BRDA:156,13,0,0
BRDA:156,13,1,0
BRDA:167,14,0,0
BRDA:179,15,0,0
BRDA:183,16,0,0
BRDA:183,16,1,0
BRDA:194,17,0,0
BRDA:197,18,0,0
BRDA:207,19,0,0
BRDA:227,20,0,0
BRDA:276,21,0,0
BRDA:276,21,1,0
BRDA:277,22,0,0
BRDA:277,22,1,0
BRDA:285,23,0,0
BRDA:285,23,1,0
BRDA:342,24,0,0
BRDA:342,24,1,0
BRDA:374,25,0,0
BRDA:374,25,1,0
BRDA:381,26,0,0
BRDA:381,26,1,0
BRDA:387,27,0,0
BRDA:387,27,1,0
BRF:49
BRH:0
end_of_record
TN:
SF:src/components/dashboard/CategoryManagement.tsx
FN:18,(anonymous_0)
FN:26,(anonymous_1)
FN:49,(anonymous_2)
FN:71,(anonymous_3)
FN:89,(anonymous_4)
FN:101,(anonymous_5)
FN:118,(anonymous_6)
FN:153,(anonymous_7)
FN:159,(anonymous_8)
FN:174,(anonymous_9)
FN:183,(anonymous_10)
FNF:11
FNH:0
FNDA:0,(anonymous_0)
FNDA:0,(anonymous_1)
FNDA:0,(anonymous_2)
FNDA:0,(anonymous_3)
FNDA:0,(anonymous_4)
FNDA:0,(anonymous_5)
FNDA:0,(anonymous_6)
FNDA:0,(anonymous_7)
FNDA:0,(anonymous_8)
FNDA:0,(anonymous_9)
FNDA:0,(anonymous_10)
DA:18,0
DA:19,0
DA:20,0
DA:21,0
DA:22,0
DA:23,0
DA:26,0
DA:27,0
DA:28,0
DA:29,0
DA:31,0
DA:32,0
DA:36,0
DA:49,0
DA:50,0
DA:52,0
DA:53,0
DA:54,0
DA:59,0
DA:60,0
DA:61,0
DA:62,0
DA:64,0
DA:65,0
DA:67,0
DA:71,0
DA:72,0
DA:73,0
DA:74,0
DA:75,0
DA:78,0
DA:90,0
DA:92,0
DA:102,0
DA:118,0
DA:153,0
DA:160,0
DA:174,0
DA:183,0
LF:39
LH:0
BRDA:27,0,0,0
BRDA:27,0,1,0
BRDA:28,1,0,0
BRDA:50,2,0,0
BRDA:56,3,0,0
BRDA:56,3,1,0
BRDA:73,4,0,0
BRDA:73,4,1,0
BRDA:74,5,0,0
BRDA:74,5,1,0
BRDA:90,6,0,0
BRDA:90,6,1,0
BRDA:99,7,0,0
BRDA:99,7,1,0
BRDA:109,8,0,0
BRDA:109,8,1,0
BRDA:192,9,0,0
BRDA:192,9,1,0
BRF:18
BRH:0
end_of_record
TN:
SF:src/components/dashboard/CompanyDashboard.tsx
FN:26,(anonymous_0)
FN:64,(anonymous_1)
FN:68,(anonymous_2)
FN:94,(anonymous_3)
FN:118,(anonymous_4)
FN:152,(anonymous_5)
FN:198,(anonymous_6)
FN:249,(anonymous_7)
FN:258,(anonymous_8)
FN:267,(anonymous_9)
FN:275,(anonymous_10)
FN:281,(anonymous_11)
FN:294,(anonymous_12)
FN:307,(anonymous_13)
FN:308,(anonymous_14)
FN:386,(anonymous_15)
FN:399,(anonymous_16)
FN:408,(anonymous_17)
FN:417,(anonymous_18)
FN:428,(anonymous_19)
FN:437,(anonymous_20)
FN:445,(anonymous_21)
FN:454,(anonymous_22)
FN:467,(anonymous_23)
FN:475,(anonymous_24)
FN:483,(anonymous_25)
FN:503,(anonymous_26)
FN:504,(anonymous_27)
FN:565,(anonymous_28)
FNF:29
FNH:0
FNDA:0,(anonymous_0)
FNDA:0,(anonymous_1)
FNDA:0,(anonymous_2)
FNDA:0,(anonymous_3)
FNDA:0,(anonymous_4)
FNDA:0,(anonymous_5)
FNDA:0,(anonymous_6)
FNDA:0,(anonymous_7)
FNDA:0,(anonymous_8)
FNDA:0,(anonymous_9)
FNDA:0,(anonymous_10)
FNDA:0,(anonymous_11)
FNDA:0,(anonymous_12)
FNDA:0,(anonymous_13)
FNDA:0,(anonymous_14)
FNDA:0,(anonymous_15)
FNDA:0,(anonymous_16)
FNDA:0,(anonymous_17)
FNDA:0,(anonymous_18)
FNDA:0,(anonymous_19)
FNDA:0,(anonymous_20)
FNDA:0,(anonymous_21)
FNDA:0,(anonymous_22)
FNDA:0,(anonymous_23)
FNDA:0,(anonymous_24)
FNDA:0,(anonymous_25)
FNDA:0,(anonymous_26)
FNDA:0,(anonymous_27)
FNDA:0,(anonymous_28)
DA:26,0
DA:27,0
DA:28,0
DA:29,0
DA:30,0
DA:31,0
DA:32,0
DA:33,0
DA:36,0
DA:45,0
DA:64,0
DA:65,0
DA:68,0
DA:69,0
DA:70,0
DA:73,0
DA:74,0
DA:77,0
DA:78,0
DA:81,0
DA:82,0
DA:83,0
DA:84,0
DA:86,0
DA:88,0
DA:90,0
DA:94,0
DA:95,0
DA:97,0
DA:103,0
DA:104,0
DA:112,0
DA:114,0
DA:118,0
DA:119,0
DA:121,0
DA:126,0
DA:127,0
DA:146,0
DA:148,0
DA:152,0
DA:153,0
DA:165,0
DA:168,0
DA:169,0
DA:172,0
DA:198,0
DA:249,0
DA:258,0
DA:267,0
DA:275,0
DA:282,0
DA:294,0
DA:308,0
DA:309,0
DA:387,0
DA:399,0
DA:408,0
DA:417,0
DA:428,0
DA:437,0
DA:445,0
DA:454,0
DA:467,0
DA:475,0
DA:483,0
DA:504,0
DA:505,0
LF:68
LH:0
BRDA:165,0,0,0
BRDA:165,0,1,0
BRDA:168,1,0,0
BRDA:315,2,0,0
BRDA:315,2,1,0
BRDA:318,3,0,0
BRDA:318,3,1,0
BRDA:321,4,0,0
BRDA:321,4,1,0
BRDA:341,5,0,0
BRDA:341,5,1,0
BRDA:511,6,0,0
BRDA:511,6,1,0
BRDA:514,7,0,0
BRDA:514,7,1,0
BRDA:517,8,0,0
BRDA:517,8,1,0
BRDA:533,9,0,0
BRDA:533,9,1,0
BRDA:538,10,0,0
BRDA:538,10,1,0
BRDA:542,11,0,0
BRDA:542,11,1,0
BRDA:544,12,0,0
BRDA:544,12,1,0
BRDA:544,13,0,0
BRDA:544,13,1,0
BRDA:546,14,0,0
BRDA:546,14,1,0
BRDA:547,15,0,0
BRDA:547,15,1,0
BRDA:547,16,0,0
BRDA:547,16,1,0
BRDA:565,17,0,0
BRDA:565,17,1,0
BRF:35
BRH:0
end_of_record
TN:
SF:src/components/dashboard/DashboardSwitcher.tsx
FN:11,DashboardSwitcher
FN:25,(anonymous_1)
FN:51,(anonymous_2)
FN:95,(anonymous_3)
FN:113,(anonymous_4)
FN:132,(anonymous_5)
FN:146,(anonymous_6)
FN:165,(anonymous_7)
FN:168,(anonymous_8)
FNF:9
FNH:0
FNDA:0,DashboardSwitcher
FNDA:0,(anonymous_1)
FNDA:0,(anonymous_2)
FNDA:0,(anonymous_3)
FNDA:0,(anonymous_4)
FNDA:0,(anonymous_5)
FNDA:0,(anonymous_6)
FNDA:0,(anonymous_7)
FNDA:0,(anonymous_8)
DA:12,0
DA:13,0
DA:14,0
DA:15,0
DA:17,0
DA:18,0
DA:21,0
DA:22,0
DA:23,0
DA:25,0
DA:26,0
DA:27,0
DA:28,0
DA:31,0
DA:32,0
DA:33,0
DA:37,0
DA:38,0
DA:40,0
DA:45,0
DA:47,0
DA:51,0
DA:52,0
DA:53,0
DA:54,0
DA:57,0
DA:58,0
DA:59,0
DA:60,0
DA:61,0
DA:63,0
DA:66,0
DA:68,0
DA:72,0
DA:95,0
DA:113,0
DA:132,0
DA:148,0
DA:166,0
DA:168,0
LF:40
LH:0
BRDA:11,0,0,0
BRDA:17,1,0,0
BRDA:26,2,0,0
BRDA:27,3,0,0
BRDA:27,3,1,0
BRDA:33,4,0,0
BRDA:33,4,1,0
BRDA:34,5,0,0
BRDA:34,5,1,0
BRDA:38,6,0,0
BRDA:40,7,0,0
BRDA:40,7,1,0
BRDA:41,8,0,0
BRDA:41,8,1,0
BRDA:42,9,0,0
BRDA:42,9,1,0
BRDA:52,10,0,0
BRDA:60,11,0,0
BRDA:77,12,0,0
BRDA:77,12,1,0
BRDA:83,13,0,0
BRDA:83,13,1,0
BRDA:85,14,0,0
BRDA:85,14,1,0
BRDA:91,15,0,0
BRDA:91,15,1,0
BRDA:93,16,0,0
BRDA:93,16,1,0
BRDA:96,17,0,0
BRDA:96,17,1,0
BRDA:99,18,0,0
BRDA:99,18,1,0
BRDA:103,19,0,0
BRDA:103,19,1,0
BRDA:111,20,0,0
BRDA:111,20,1,0
BRDA:114,21,0,0
BRDA:114,21,1,0
BRDA:117,22,0,0
BRDA:117,22,1,0
BRDA:121,23,0,0
BRDA:121,23,1,0
BRDA:130,24,0,0
BRDA:130,24,1,0
BRDA:130,24,2,0
BRDA:144,25,0,0
BRDA:144,25,1,0
BRDA:159,26,0,0
BRDA:159,26,1,0
BRDA:169,27,0,0
BRDA:169,27,1,0
BRDA:172,28,0,0
BRDA:172,28,1,0
BRDA:176,29,0,0
BRDA:176,29,1,0
BRDA:179,30,0,0
BRDA:179,30,1,0
BRDA:180,31,0,0
BRDA:180,31,1,0
BRDA:191,32,0,0
BRDA:191,32,1,0
BRF:61
BRH:0
end_of_record
TN:
SF:src/components/dashboard/GoogleAnalyticsWidget.tsx
FN:20,(anonymous_0)
FN:31,(anonymous_1)
FN:33,(anonymous_2)
FN:37,(anonymous_3)
FN:52,(anonymous_4)
FN:56,(anonymous_5)
FN:66,(anonymous_6)
FN:70,(anonymous_7)
FN:79,(anonymous_8)
FN:250,(anonymous_9)
FN:280,(anonymous_10)
FN:285,(anonymous_11)
FN:294,(anonymous_12)
FN:332,(anonymous_13)
FNF:14
FNH:0
FNDA:0,(anonymous_0)
FNDA:0,(anonymous_1)
FNDA:0,(anonymous_2)
FNDA:0,(anonymous_3)
FNDA:0,(anonymous_4)
FNDA:0,(anonymous_5)
FNDA:0,(anonymous_6)
FNDA:0,(anonymous_7)
FNDA:0,(anonymous_8)
FNDA:0,(anonymous_9)
FNDA:0,(anonymous_10)
FNDA:0,(anonymous_11)
FNDA:0,(anonymous_12)
FNDA:0,(anonymous_13)
DA:18,0
DA:20,0
DA:24,0
DA:25,0
DA:26,0
DA:27,0
DA:31,0
DA:33,0
DA:34,0
DA:37,0
DA:38,0
DA:39,0
DA:40,0
DA:42,0
DA:43,0
DA:45,0
DA:46,0
DA:48,0
DA:52,0
DA:53,0
DA:56,0
DA:57,0
DA:58,0
DA:60,0
DA:61,0
DA:63,0
DA:66,0
DA:67,0
DA:70,0
DA:71,0
DA:72,0
DA:73,0
DA:74,0
DA:76,0
DA:79,0
DA:80,0
DA:81,0
DA:82,0
DA:85,0
DA:86,0
DA:103,0
DA:104,0
DA:124,0
DA:125,0
DA:142,0
DA:251,0
DA:280,0
DA:286,0
DA:295,0
DA:333,0
LF:50
LH:0
BRDA:22,0,0,0
BRDA:46,1,0,0
BRDA:46,1,1,0
BRDA:57,2,0,0
BRDA:60,3,0,0
BRDA:71,4,0,0
BRDA:71,4,1,0
BRDA:73,5,0,0
BRDA:80,6,0,0
BRDA:81,7,0,0
BRDA:85,8,0,0
BRDA:103,9,0,0
BRDA:124,10,0,0
BRDA:178,11,0,0
BRDA:178,11,1,0
BRDA:192,12,0,0
BRDA:192,12,1,0
BRDA:206,13,0,0
BRDA:206,13,1,0
BRDA:220,14,0,0
BRDA:220,14,1,0
BRDA:230,15,0,0
BRDA:230,15,1,0
BRDA:230,15,2,0
BRDA:248,16,0,0
BRDA:248,16,1,0
BRDA:248,17,0,0
BRDA:248,17,1,0
BRDA:270,18,0,0
BRDA:270,18,1,0
BRDA:270,19,0,0
BRDA:270,19,1,0
BRDA:318,20,0,0
BRDA:318,20,1,0
BRDA:318,21,0,0
BRDA:318,21,1,0
BRF:36
BRH:0
end_of_record
TN:
SF:src/components/dashboard/InstagramAnalyticsWidget.tsx
FN:21,(anonymous_0)
FN:38,(anonymous_1)
FN:39,(anonymous_2)
FN:41,(anonymous_3)
FN:45,(anonymous_4)
FN:51,(anonymous_5)
FN:61,(anonymous_6)
FN:76,(anonymous_7)
FN:90,(anonymous_8)
FN:100,(anonymous_9)
FN:104,(anonymous_10)
FN:113,(anonymous_11)
FN:119,(anonymous_12)
FN:136,(anonymous_13)
FN:161,(anonymous_14)
FN:347,(anonymous_15)
FN:416,(anonymous_16)
FN:421,(anonymous_17)
FNF:18
FNH:0
FNDA:0,(anonymous_0)
FNDA:0,(anonymous_1)
FNDA:0,(anonymous_2)
FNDA:0,(anonymous_3)
FNDA:0,(anonymous_4)
FNDA:0,(anonymous_5)
FNDA:0,(anonymous_6)
FNDA:0,(anonymous_7)
FNDA:0,(anonymous_8)
FNDA:0,(anonymous_9)
FNDA:0,(anonymous_10)
FNDA:0,(anonymous_11)
FNDA:0,(anonymous_12)
FNDA:0,(anonymous_13)
FNDA:0,(anonymous_14)
FNDA:0,(anonymous_15)
FNDA:0,(anonymous_16)
FNDA:0,(anonymous_17)
DA:19,0
DA:21,0
DA:25,0
DA:26,0
DA:27,0
DA:28,0
DA:34,0
DA:38,0
DA:39,0
DA:41,0
DA:42,0
DA:45,0
DA:46,0
DA:47,0
DA:51,0
DA:52,0
DA:53,0
DA:54,0
DA:56,0
DA:57,0
DA:61,0
DA:62,0
DA:63,0
DA:64,0
DA:66,0
DA:67,0
DA:69,0
DA:70,0
DA:72,0
DA:76,0
DA:77,0
DA:78,0
DA:79,0
DA:80,0
DA:81,0
DA:83,0
DA:84,0
DA:86,0
DA:90,0
DA:91,0
DA:92,0
DA:94,0
DA:95,0
DA:97,0
DA:100,0
DA:101,0
DA:104,0
DA:105,0
DA:106,0
DA:107,0
DA:108,0
DA:110,0
DA:113,0
DA:114,0
DA:115,0
DA:116,0
DA:119,0
DA:120,0
DA:123,0
DA:124,0
DA:146,0
DA:147,0
DA:170,0
DA:171,0
DA:188,0
DA:189,0
DA:209,0
DA:210,0
DA:231,0
DA:348,0
DA:416,0
DA:422,0
LF:72
LH:0
BRDA:23,0,0,0
BRDA:46,1,0,0
BRDA:46,2,0,0
BRDA:46,2,1,0
BRDA:70,3,0,0
BRDA:70,3,1,0
BRDA:84,4,0,0
BRDA:84,4,1,0
BRDA:91,5,0,0
BRDA:94,6,0,0
BRDA:105,7,0,0
BRDA:105,7,1,0
BRDA:107,8,0,0
BRDA:114,9,0,0
BRDA:115,10,0,0
BRDA:123,11,0,0
BRDA:146,12,0,0
BRDA:170,13,0,0
BRDA:188,14,0,0
BRDA:209,15,0,0
BRDA:238,16,0,0
BRDA:238,16,1,0
BRDA:245,17,0,0
BRDA:245,17,1,0
BRDA:275,18,0,0
BRDA:275,18,1,0
BRDA:289,19,0,0
BRDA:289,19,1,0
BRDA:303,20,0,0
BRDA:303,20,1,0
BRDA:317,21,0,0
BRDA:317,21,1,0
BRDA:327,22,0,0
BRDA:327,22,1,0
BRDA:327,22,2,0
BRDA:345,23,0,0
BRDA:345,23,1,0
BRDA:345,24,0,0
BRDA:345,24,1,0
BRDA:349,25,0,0
BRDA:349,25,1,0
BRDA:363,26,0,0
BRDA:363,26,1,0
BRDA:365,27,0,0
BRDA:365,27,1,0
BRDA:393,28,0,0
BRDA:393,28,1,0
BRDA:393,29,0,0
BRDA:393,29,1,0
BRDA:437,30,0,0
BRDA:437,30,1,0
BRF:51
BRH:0
end_of_record
TN:
SF:src/components/dashboard/InventoryAlerts.tsx
FN:64,(anonymous_0)
FN:77,(anonymous_1)
FN:90,InventoryAlerts
FN:101,(anonymous_3)
FNF:4
FNH:0
FNDA:0,(anonymous_0)
FNDA:0,(anonymous_1)
FNDA:0,InventoryAlerts
FNDA:0,(anonymous_3)
DA:17,0
DA:64,0
DA:65,0
DA:67,0
DA:69,0
DA:71,0
DA:73,0
DA:77,0
DA:78,0
DA:80,0
DA:82,0
DA:84,0
DA:86,0
DA:91,0
DA:102,0
LF:15
LH:0
BRDA:65,0,0,0
BRDA:65,0,1,0
BRDA:65,0,2,0
BRDA:65,0,3,0
BRDA:78,1,0,0
BRDA:78,1,1,0
BRDA:78,1,2,0
BRDA:78,1,3,0
BRDA:111,2,0,0
BRDA:111,2,1,0
BRDA:111,3,0,0
BRDA:111,3,1,0
BRDA:137,4,0,0
BRDA:137,4,1,0
BRF:14
BRH:0
end_of_record
TN:
SF:src/components/dashboard/InventoryChart.tsx
FN:15,InventoryChart
FN:17,(anonymous_1)
FN:42,(anonymous_2)
FN:75,(anonymous_3)
FN:109,(anonymous_4)
FNF:5
FNH:0
FNDA:0,InventoryChart
FNDA:0,(anonymous_1)
FNDA:0,(anonymous_2)
FNDA:0,(anonymous_3)
FNDA:0,(anonymous_4)
DA:17,0
DA:19,0
DA:20,0
DA:42,0
DA:50,0
DA:76,0
DA:77,0
DA:79,0
DA:109,0
LF:9
LH:0
BRDA:15,0,0,0
BRDA:19,1,0,0
BRDA:42,2,0,0
BRDA:42,2,1,0
BRDA:77,3,0,0
BRDA:77,3,1,0
BRDA:113,4,0,0
BRDA:113,4,1,0
BRF:8
BRH:0
end_of_record
TN:
SF:src/components/dashboard/MainDashboard.tsx
FN:28,(anonymous_0)
FN:39,(anonymous_1)
FN:43,(anonymous_2)
FN:49,(anonymous_3)
FN:55,(anonymous_4)
FN:134,(anonymous_5)
FN:150,(anonymous_6)
FN:166,(anonymous_7)
FN:176,(anonymous_8)
FN:191,(anonymous_9)
FN:258,(anonymous_10)
FN:269,(anonymous_11)
FN:280,(anonymous_12)
FN:301,(anonymous_13)
FN:320,(anonymous_14)
FN:339,(anonymous_15)
FNF:16
FNH:0
FNDA:0,(anonymous_0)
FNDA:0,(anonymous_1)
FNDA:0,(anonymous_2)
FNDA:0,(anonymous_3)
FNDA:0,(anonymous_4)
FNDA:0,(anonymous_5)
FNDA:0,(anonymous_6)
FNDA:0,(anonymous_7)
FNDA:0,(anonymous_8)
FNDA:0,(anonymous_9)
FNDA:0,(anonymous_10)
FNDA:0,(anonymous_11)
FNDA:0,(anonymous_12)
FNDA:0,(anonymous_13)
FNDA:0,(anonymous_14)
FNDA:0,(anonymous_15)
DA:28,0
DA:29,0
DA:30,0
DA:31,0
DA:32,0
DA:33,0
DA:34,0
DA:35,0
DA:36,0
DA:37,0
DA:39,0
DA:40,0
DA:43,0
DA:44,0
DA:45,0
DA:49,0
DA:50,0
DA:51,0
DA:55,0
DA:56,0
DA:57,0
DA:60,0
DA:61,0
DA:63,0
DA:65,0
DA:67,0
DA:69,0
DA:70,0
DA:71,0
DA:72,0
DA:73,0
DA:75,0
DA:77,0
DA:78,0
DA:79,0
DA:80,0
DA:81,0
DA:82,0
DA:85,0
DA:87,0
DA:88,0
DA:89,0
DA:90,0
DA:91,0
DA:92,0
DA:95,0
DA:96,0
DA:97,0
DA:98,0
DA:102,0
DA:104,0
DA:105,0
DA:106,0
DA:107,0
DA:108,0
DA:109,0
DA:112,0
DA:113,0
DA:114,0
DA:115,0
DA:117,0
DA:118,0
DA:119,0
DA:120,0
DA:128,0
DA:130,0
DA:134,0
DA:135,0
DA:137,0
DA:138,0
DA:139,0
DA:142,0
DA:143,0
DA:146,0
DA:150,0
DA:151,0
DA:153,0
DA:154,0
DA:155,0
DA:158,0
DA:159,0
DA:162,0
DA:166,0
DA:167,0
DA:173,0
DA:176,0
DA:177,0
DA:179,0
DA:181,0
DA:183,0
DA:185,0
DA:187,0
DA:191,0
DA:192,0
DA:194,0
DA:197,0
DA:199,0
DA:201,0
DA:203,0
DA:207,0
DA:208,0
DA:218,0
DA:219,0
DA:226,0
DA:258,0
DA:269,0
DA:280,0
DA:302,0
DA:321,0
DA:340,0
LF:110
LH:0
BRDA:44,0,0,0
BRDA:50,1,0,0
BRDA:63,2,0,0
BRDA:67,3,0,0
BRDA:67,3,1,0
BRDA:71,4,0,0
BRDA:75,5,0,0
BRDA:75,5,1,0
BRDA:77,6,0,0
BRDA:79,7,0,0
BRDA:85,8,0,0
BRDA:85,8,1,0
BRDA:87,9,0,0
BRDA:89,10,0,0
BRDA:96,11,0,0
BRDA:102,12,0,0
BRDA:104,13,0,0
BRDA:106,14,0,0
BRDA:113,15,0,0
BRDA:118,16,0,0
BRDA:135,17,0,0
BRDA:142,18,0,0
BRDA:142,19,0,0
BRDA:142,19,1,0
BRDA:142,19,2,0
BRDA:151,20,0,0
BRDA:158,21,0,0
BRDA:158,22,0,0
BRDA:158,22,1,0
BRDA:158,22,2,0
BRDA:173,23,0,0
BRDA:173,23,1,0
BRDA:177,24,0,0
BRDA:177,24,1,0
BRDA:177,24,2,0
BRDA:177,24,3,0
BRDA:177,24,4,0
BRDA:192,25,0,0
BRDA:194,26,0,0
BRDA:194,26,1,0
BRDA:194,26,2,0
BRDA:194,26,3,0
BRDA:194,26,4,0
BRDA:207,27,0,0
BRDA:218,28,0,0
BRDA:254,29,0,0
BRDA:254,29,1,0
BRDA:256,30,0,0
BRDA:256,30,1,0
BRDA:265,31,0,0
BRDA:265,31,1,0
BRDA:267,32,0,0
BRDA:267,32,1,0
BRDA:276,33,0,0
BRDA:276,33,1,0
BRDA:278,34,0,0
BRDA:278,34,1,0
BRDA:293,35,0,0
BRDA:293,35,1,0
BRDA:312,36,0,0
BRDA:312,36,1,0
BRDA:312,36,2,0
BRDA:331,37,0,0
BRDA:331,37,1,0
BRDA:331,37,2,0
BRDA:355,38,0,0
BRDA:355,38,1,0
BRDA:355,38,2,0
BRDA:359,39,0,0
BRDA:359,39,1,0
BRDA:359,39,2,0
BRDA:363,40,0,0
BRDA:363,40,1,0
BRDA:363,40,2,0
BRDA:368,41,0,0
BRDA:368,41,1,0
BRDA:368,41,2,0
BRDA:368,41,3,0
BRDA:368,41,4,0
BRDA:368,41,5,0
BRDA:368,41,6,0
BRDA:376,42,0,0
BRDA:376,42,1,0
BRDA:377,43,0,0
BRDA:377,43,1,0
BRDA:378,44,0,0
BRDA:378,44,1,0
BRF:87
BRH:0
end_of_record
TN:
SF:src/components/dashboard/MetricCard.tsx
FN:20,MetricCard
FNF:1
FNH:0
FNDA:0,MetricCard
DA:32,0
DA:34,0
LF:2
LH:0
BRDA:29,0,0,0
BRDA:32,1,0,0
BRDA:32,1,1,0
BRDA:32,2,0,0
BRDA:32,2,1,0
BRDA:32,3,0,0
BRDA:32,3,1,0
BRDA:40,4,0,0
BRDA:40,4,1,0
BRDA:52,5,0,0
BRDA:52,5,1,0
BRDA:61,6,0,0
BRDA:61,6,1,0
BRDA:70,7,0,0
BRDA:70,7,1,0
BRDA:74,8,0,0
BRDA:74,8,1,0
BRDA:75,9,0,0
BRDA:75,9,1,0
BRDA:77,10,0,0
BRDA:77,10,1,0
BRDA:82,11,0,0
BRDA:82,11,1,0
BRDA:84,12,0,0
BRDA:84,12,1,0
BRDA:93,13,0,0
BRDA:93,13,1,0
BRDA:101,14,0,0
BRDA:101,14,1,0
BRF:29
BRH:0
end_of_record
TN:
SF:src/components/dashboard/MockDashboardAnalytics.tsx
FN:47,(anonymous_0)
FN:60,(anonymous_1)
FN:64,(anonymous_2)
FN:104,(anonymous_3)
FN:111,(anonymous_4)
FN:250,(anonymous_5)
FN:251,(anonymous_6)
FN:285,(anonymous_7)
FN:327,(anonymous_8)
FN:365,(anonymous_9)
FN:366,(anonymous_10)
FN:367,(anonymous_11)
FNF:12
FNH:0
FNDA:0,(anonymous_0)
FNDA:0,(anonymous_1)
FNDA:0,(anonymous_2)
FNDA:0,(anonymous_3)
FNDA:0,(anonymous_4)
FNDA:0,(anonymous_5)
FNDA:0,(anonymous_6)
FNDA:0,(anonymous_7)
FNDA:0,(anonymous_8)
FNDA:0,(anonymous_9)
FNDA:0,(anonymous_10)
FNDA:0,(anonymous_11)
DA:47,0
DA:52,0
DA:53,0
DA:54,0
DA:55,0
DA:56,0
DA:57,0
DA:58,0
DA:60,0
DA:61,0
DA:64,0
DA:65,0
DA:66,0
DA:69,0
DA:70,0
DA:73,0
DA:74,0
DA:77,0
DA:78,0
DA:79,0
DA:83,0
DA:84,0
DA:85,0
DA:86,0
DA:87,0
DA:88,0
DA:90,0
DA:91,0
DA:92,0
DA:93,0
DA:95,0
DA:98,0
DA:100,0
DA:104,0
DA:105,0
DA:111,0
DA:112,0
DA:115,0
DA:116,0
DA:123,0
DA:124,0
DA:131,0
DA:251,0
DA:252,0
DA:286,0
DA:328,0
DA:366,0
DA:367,0
DA:369,0
LF:49
LH:0
BRDA:77,0,0,0
BRDA:83,1,0,0
BRDA:83,1,1,0
BRDA:86,2,0,0
BRDA:115,3,0,0
BRDA:123,4,0,0
BRDA:138,5,0,0
BRDA:138,5,1,0
BRDA:138,6,0,0
BRDA:138,6,1,0
BRDA:210,7,0,0
BRDA:210,7,1,0
BRDA:257,8,0,0
BRDA:257,8,1,0
BRDA:263,9,0,0
BRDA:263,9,1,0
BRDA:311,10,0,0
BRDA:311,10,1,0
BRDA:317,11,0,0
BRDA:317,11,1,0
BRDA:325,12,0,0
BRDA:325,12,1,0
BRDA:390,13,0,0
BRDA:390,13,1,0
BRF:24
BRH:0
end_of_record
TN:
SF:src/components/dashboard/OrderSummary.tsx
FN:84,(anonymous_0)
FN:99,(anonymous_1)
FN:114,(anonymous_2)
FN:121,(anonymous_3)
FN:125,(anonymous_4)
FN:138,(anonymous_5)
FN:151,OrderSummary
FN:161,(anonymous_7)
FN:191,(anonymous_8)
FNF:9
FNH:0
FNDA:0,(anonymous_0)
FNDA:0,(anonymous_1)
FNDA:0,(anonymous_2)
FNDA:0,(anonymous_3)
FNDA:0,(anonymous_4)
FNDA:0,(anonymous_5)
FNDA:0,OrderSummary
FNDA:0,(anonymous_7)
FNDA:0,(anonymous_8)
DA:23,0
DA:54,0
DA:84,0
DA:85,0
DA:87,0
DA:89,0
DA:91,0
DA:93,0
DA:95,0
DA:99,0
DA:100,0
DA:102,0
DA:104,0
DA:106,0
DA:108,0
DA:110,0
DA:114,0
DA:115,0
DA:121,0
DA:122,0
DA:125,0
DA:126,0
DA:128,0
DA:130,0
DA:132,0
DA:134,0
DA:138,0
DA:139,0
DA:141,0
DA:143,0
DA:145,0
DA:147,0
DA:152,0
DA:162,0
DA:192,0
LF:35
LH:0
BRDA:85,0,0,0
BRDA:85,0,1,0
BRDA:85,0,2,0
BRDA:85,0,3,0
BRDA:85,0,4,0
BRDA:100,1,0,0
BRDA:100,1,1,0
BRDA:100,1,2,0
BRDA:100,1,3,0
BRDA:100,1,4,0
BRDA:126,2,0,0
BRDA:126,2,1,0
BRDA:126,2,2,0
BRDA:126,2,3,0
BRDA:139,3,0,0
BRDA:139,3,1,0
BRDA:139,3,2,0
BRDA:139,3,3,0
BRDA:166,4,0,0
BRDA:166,4,1,0
BRDA:169,5,0,0
BRDA:169,5,1,0
BRF:22
BRH:0
end_of_record
TN:
SF:src/components/dashboard/PopularItems.tsx
FN:3,PopularItems
FN:63,(anonymous_1)
FN:120,(anonymous_2)
FN:126,(anonymous_3)
FNF:4
FNH:0
FNDA:0,PopularItems
FNDA:0,(anonymous_1)
FNDA:0,(anonymous_2)
FNDA:0,(anonymous_3)
DA:5,0
DA:53,0
DA:64,0
DA:65,0
DA:120,0
DA:126,0
LF:6
LH:0
BRDA:96,0,0,0
BRDA:96,0,1,0
BRDA:98,1,0,0
BRDA:98,1,1,0
BRF:4
BRH:0
end_of_record
TN:
SF:src/components/dashboard/QuickActions.tsx
FN:41,QuickActions
FN:61,(anonymous_1)
FN:98,(anonymous_2)
FN:164,(anonymous_3)
FN:172,(anonymous_4)
FN:180,(anonymous_5)
FN:189,(anonymous_6)
FN:200,(anonymous_7)
FN:208,(anonymous_8)
FN:217,(anonymous_9)
FN:225,(anonymous_10)
FNF:11
FNH:0
FNDA:0,QuickActions
FNDA:0,(anonymous_1)
FNDA:0,(anonymous_2)
FNDA:0,(anonymous_3)
FNDA:0,(anonymous_4)
FNDA:0,(anonymous_5)
FNDA:0,(anonymous_6)
FNDA:0,(anonymous_7)
FNDA:0,(anonymous_8)
FNDA:0,(anonymous_9)
FNDA:0,(anonymous_10)
DA:34,0
DA:48,0
DA:54,0
DA:55,0
DA:62,0
DA:63,0
DA:89,0
DA:99,0
DA:100,0
DA:102,0
DA:158,0
DA:164,0
DA:172,0
DA:180,0
DA:189,0
DA:194,0
DA:200,0
DA:208,0
DA:217,0
DA:225,0
LF:20
LH:0
BRDA:43,0,0,0
BRDA:45,1,0,0
BRDA:46,2,0,0
BRDA:54,3,0,0
BRDA:57,4,0,0
BRDA:57,4,1,0
BRDA:71,5,0,0
BRDA:71,5,1,0
BRDA:76,6,0,0
BRDA:76,6,1,0
BRDA:91,7,0,0
BRDA:91,7,1,0
BRDA:100,8,0,0
BRDA:100,8,1,0
BRDA:111,9,0,0
BRDA:111,9,1,0
BRDA:112,10,0,0
BRDA:112,10,1,0
BRDA:129,11,0,0
BRDA:129,11,1,0
BRDA:135,12,0,0
BRDA:135,12,1,0
BRF:22
BRH:0
end_of_record
TN:
SF:src/components/dashboard/RecentActivity.tsx
FN:62,(anonymous_0)
FN:79,RecentActivity
FN:90,(anonymous_2)
FNF:3
FNH:0
FNDA:0,(anonymous_0)
FNDA:0,RecentActivity
FNDA:0,(anonymous_2)
DA:14,0
DA:62,0
DA:63,0
DA:65,0
DA:67,0
DA:69,0
DA:71,0
DA:73,0
DA:75,0
DA:80,0
DA:91,0
LF:11
LH:0
BRDA:63,0,0,0
BRDA:63,0,1,0
BRDA:63,0,2,0
BRDA:63,0,3,0
BRDA:63,0,4,0
BRDA:63,0,5,0
BRF:6
BRH:0
end_of_record
TN:
SF:src/components/dashboard/RecentOrders.tsx
FN:4,RecentOrders
FN:54,(anonymous_1)
FN:69,(anonymous_2)
FN:84,(anonymous_3)
FN:105,(anonymous_4)
FN:164,(anonymous_5)
FNF:6
FNH:0
FNDA:0,RecentOrders
FNDA:0,(anonymous_1)
FNDA:0,(anonymous_2)
FNDA:0,(anonymous_3)
FNDA:0,(anonymous_4)
FNDA:0,(anonymous_5)
DA:6,0
DA:54,0
DA:55,0
DA:57,0
DA:59,0
DA:61,0
DA:63,0
DA:65,0
DA:69,0
DA:70,0
DA:72,0
DA:74,0
DA:76,0
DA:78,0
DA:80,0
DA:84,0
DA:85,0
DA:87,0
DA:89,0
DA:91,0
DA:95,0
DA:106,0
DA:164,0
LF:23
LH:0
BRDA:55,0,0,0
BRDA:55,0,1,0
BRDA:55,0,2,0
BRDA:55,0,3,0
BRDA:55,0,4,0
BRDA:70,1,0,0
BRDA:70,1,1,0
BRDA:70,1,2,0
BRDA:70,1,3,0
BRDA:70,1,4,0
BRDA:85,2,0,0
BRDA:85,2,1,0
BRDA:85,2,2,0
BRF:13
BRH:0
end_of_record
TN:
SF:src/components/dashboard/SalesChart.tsx
FN:3,SalesChart
FN:15,(anonymous_1)
FN:33,(anonymous_2)
FN:58,(anonymous_3)
FN:64,(anonymous_4)
FNF:5
FNH:0
FNDA:0,SalesChart
FNDA:0,(anonymous_1)
FNDA:0,(anonymous_2)
FNDA:0,(anonymous_3)
FNDA:0,(anonymous_4)
DA:5,0
DA:15,0
DA:17,0
DA:34,0
DA:35,0
DA:58,0
DA:64,0
LF:7
LH:0
BRF:0
BRH:0
end_of_record
TN:
SF:src/components/dashboard/StoreDashboard.tsx
FN:27,(anonymous_0)
FN:34,(anonymous_1)
FN:38,(anonymous_2)
FN:66,(anonymous_3)
FN:73,(anonymous_4)
FN:90,(anonymous_5)
FN:232,(anonymous_6)
FN:282,(anonymous_7)
FNF:8
FNH:0
FNDA:0,(anonymous_0)
FNDA:0,(anonymous_1)
FNDA:0,(anonymous_2)
FNDA:0,(anonymous_3)
FNDA:0,(anonymous_4)
FNDA:0,(anonymous_5)
FNDA:0,(anonymous_6)
FNDA:0,(anonymous_7)
DA:27,0
DA:28,0
DA:29,0
DA:30,0
DA:31,0
DA:32,0
DA:34,0
DA:35,0
DA:38,0
DA:39,0
DA:40,0
DA:43,0
DA:44,0
DA:46,0
DA:48,0
DA:49,0
DA:52,0
DA:53,0
DA:56,0
DA:57,0
DA:60,0
DA:62,0
DA:66,0
DA:67,0
DA:73,0
DA:74,0
DA:80,0
DA:83,0
DA:90,0
DA:91,0
DA:100,0
DA:103,0
DA:110,0
DA:111,0
DA:118,0
DA:119,0
DA:126,0
DA:233,0
DA:283,0
LF:39
LH:0
BRDA:46,0,0,0
BRDA:80,1,0,0
BRDA:80,1,1,0
BRDA:100,2,0,0
BRDA:100,2,1,0
BRDA:110,3,0,0
BRDA:118,4,0,0
BRDA:144,5,0,0
BRDA:144,5,1,0
BRDA:230,6,0,0
BRDA:230,6,1,0
BRDA:239,7,0,0
BRDA:239,7,1,0
BRDA:268,8,0,0
BRDA:268,8,1,0
BRDA:276,9,0,0
BRDA:276,9,1,0
BRF:17
BRH:0
end_of_record
TN:
SF:src/components/dashboard/brand/BrandDashboardLayout.tsx
FN:62,BrandDashboardLayout
FN:83,(anonymous_1)
FN:89,(anonymous_2)
FN:96,(anonymous_3)
FN:129,(anonymous_4)
FN:227,(anonymous_5)
FN:236,(anonymous_6)
FN:315,(anonymous_7)
FN:322,BrandSidebarContent
FN:335,(anonymous_9)
FN:336,(anonymous_10)
FN:338,(anonymous_11)
FN:345,(anonymous_12)
FN:352,(anonymous_13)
FN:372,(anonymous_14)
FNF:15
FNH:0
FNDA:0,BrandDashboardLayout
FNDA:0,(anonymous_1)
FNDA:0,(anonymous_2)
FNDA:0,(anonymous_3)
FNDA:0,(anonymous_4)
FNDA:0,(anonymous_5)
FNDA:0,(anonymous_6)
FNDA:0,(anonymous_7)
FNDA:0,BrandSidebarContent
FNDA:0,(anonymous_9)
FNDA:0,(anonymous_10)
FNDA:0,(anonymous_11)
FNDA:0,(anonymous_12)
FNDA:0,(anonymous_13)
FNDA:0,(anonymous_14)
DA:50,0
DA:67,0
DA:68,0
DA:69,0
DA:70,0
DA:71,0
DA:74,0
DA:80,0
DA:83,0
DA:89,0
DA:90,0
DA:91,0
DA:92,0
DA:93,0
DA:96,0
DA:97,0
DA:98,0
DA:99,0
DA:100,0
DA:103,0
DA:129,0
DA:227,0
DA:237,0
DA:315,0
DA:333,0
DA:335,0
DA:336,0
DA:337,0
DA:338,0
DA:343,0
DA:346,0
DA:348,0
DA:352,0
DA:373,0
DA:374,0
DA:377,0
LF:36
LH:0
BRDA:64,0,0,0
BRDA:65,1,0,0
BRDA:90,2,0,0
BRDA:91,3,0,0
BRDA:92,4,0,0
BRDA:97,5,0,0
BRDA:98,6,0,0
BRDA:99,7,0,0
BRDA:108,8,0,0
BRDA:108,8,1,0
BRDA:109,9,0,0
BRDA:109,9,1,0
BRDA:113,10,0,0
BRDA:113,10,1,0
BRDA:132,11,0,0
BRDA:132,11,1,0
BRDA:137,12,0,0
BRDA:137,12,1,0
BRDA:143,13,0,0
BRDA:143,13,1,0
BRDA:172,14,0,0
BRDA:172,14,1,0
BRDA:173,15,0,0
BRDA:173,15,1,0
BRDA:174,16,0,0
BRDA:174,16,1,0
BRDA:204,17,0,0
BRDA:204,17,1,0
BRDA:220,18,0,0
BRDA:220,18,1,0
BRDA:238,19,0,0
BRDA:238,19,1,0
BRDA:243,20,0,0
BRDA:243,20,1,0
BRDA:252,21,0,0
BRDA:252,21,1,0
BRDA:271,22,0,0
BRDA:271,22,1,0
BRDA:284,23,0,0
BRDA:284,23,1,0
BRDA:307,24,0,0
BRDA:307,24,1,0
BRDA:312,25,0,0
BRDA:312,25,1,0
BRDA:337,26,0,0
BRDA:337,26,1,0
BRDA:350,27,0,0
BRDA:350,27,1,0
BRDA:360,28,0,0
BRDA:360,28,1,0
BRDA:369,29,0,0
BRDA:369,29,1,0
BRDA:369,29,2,0
BRDA:374,30,0,0
BRDA:374,30,1,0
BRDA:383,31,0,0
BRDA:383,31,1,0
BRDA:386,32,0,0
BRDA:386,32,1,0
BRDA:388,33,0,0
BRDA:388,33,1,0
BRDA:393,34,0,0
BRDA:393,34,1,0
BRDA:399,35,0,0
BRDA:399,35,1,0
BRDA:402,36,0,0
BRDA:402,36,1,0
BRDA:404,37,0,0
BRDA:404,37,1,0
BRDA:404,38,0,0
BRDA:404,38,1,0
BRDA:407,39,0,0
BRDA:407,39,1,0
BRF:73
BRH:0
end_of_record
TN:
SF:src/components/dashboard/brand/SeparationReadiness.tsx
FN:21,(anonymous_0)
FN:53,(anonymous_1)
FN:60,(anonymous_2)
FN:67,(anonymous_3)
FN:194,(anonymous_4)
FN:262,(anonymous_5)
FN:278,(anonymous_6)
FN:283,(anonymous_7)
FN:286,(anonymous_8)
FNF:9
FNH:0
FNDA:0,(anonymous_0)
FNDA:0,(anonymous_1)
FNDA:0,(anonymous_2)
FNDA:0,(anonymous_3)
FNDA:0,(anonymous_4)
FNDA:0,(anonymous_5)
FNDA:0,(anonymous_6)
FNDA:0,(anonymous_7)
FNDA:0,(anonymous_8)
DA:21,0
DA:25,0
DA:27,0
DA:28,0
DA:42,0
DA:43,0
DA:53,0
DA:54,0
DA:55,0
DA:56,0
DA:57,0
DA:60,0
DA:61,0
DA:62,0
DA:63,0
DA:64,0
DA:67,0
DA:68,0
DA:75,0
DA:82,0
DA:92,0
DA:195,0
DA:202,0
DA:263,0
DA:278,0
DA:284,0
DA:286,0
LF:27
LH:0
BRDA:27,0,0,0
BRDA:42,1,0,0
BRDA:42,2,0,0
BRDA:42,2,1,0
BRDA:47,3,0,0
BRDA:47,3,1,0
BRDA:54,4,0,0
BRDA:55,5,0,0
BRDA:56,6,0,0
BRDA:61,7,0,0
BRDA:62,8,0,0
BRDA:63,9,0,0
BRDA:101,10,0,0
BRDA:101,10,1,0
BRDA:102,11,0,0
BRDA:102,11,1,0
BRDA:103,12,0,0
BRDA:103,12,1,0
BRDA:129,13,0,0
BRDA:129,13,1,0
BRDA:130,14,0,0
BRDA:130,14,1,0
BRDA:133,15,0,0
BRDA:133,15,1,0
BRDA:134,16,0,0
BRDA:134,16,1,0
BRDA:207,17,0,0
BRDA:207,17,1,0
BRDA:209,18,0,0
BRDA:209,18,1,0
BRDA:254,19,0,0
BRDA:254,19,1,0
BRDA:289,20,0,0
BRDA:289,20,1,0
BRDA:294,21,0,0
BRDA:294,21,1,0
BRDA:306,22,0,0
BRDA:306,22,1,0
BRDA:312,23,0,0
BRDA:312,23,1,0
BRDA:319,24,0,0
BRDA:319,24,1,0
BRDA:329,25,0,0
BRDA:329,25,1,0
BRF:44
BRH:0
end_of_record
TN:
SF:src/components/dashboard/brand/StoreManagementPanel.tsx
FN:85,StoreManagementPanel
FN:102,(anonymous_1)
FN:103,(anonymous_2)
FN:127,(anonymous_3)
FN:148,(anonymous_4)
FN:152,(anonymous_5)
FN:156,(anonymous_6)
FN:166,(anonymous_7)
FN:172,(anonymous_8)
FN:189,(anonymous_9)
FN:219,(anonymous_10)
FN:226,(anonymous_11)
FN:237,(anonymous_12)
FN:249,(anonymous_13)
FN:267,(anonymous_14)
FN:275,(anonymous_15)
FN:315,(anonymous_16)
FN:318,(anonymous_17)
FN:321,(anonymous_18)
FN:347,(anonymous_19)
FN:352,(anonymous_20)
FN:353,(anonymous_21)
FN:354,(anonymous_22)
FN:360,(anonymous_23)
FN:370,(anonymous_24)
FN:405,(anonymous_25)
FN:416,(anonymous_26)
FN:419,(anonymous_27)
FN:437,(anonymous_28)
FN:438,(anonymous_29)
FNF:30
FNH:0
FNDA:0,StoreManagementPanel
FNDA:0,(anonymous_1)
FNDA:0,(anonymous_2)
FNDA:0,(anonymous_3)
FNDA:0,(anonymous_4)
FNDA:0,(anonymous_5)
FNDA:0,(anonymous_6)
FNDA:0,(anonymous_7)
FNDA:0,(anonymous_8)
FNDA:0,(anonymous_9)
FNDA:0,(anonymous_10)
FNDA:0,(anonymous_11)
FNDA:0,(anonymous_12)
FNDA:0,(anonymous_13)
FNDA:0,(anonymous_14)
FNDA:0,(anonymous_15)
FNDA:0,(anonymous_16)
FNDA:0,(anonymous_17)
FNDA:0,(anonymous_18)
FNDA:0,(anonymous_19)
FNDA:0,(anonymous_20)
FNDA:0,(anonymous_21)
FNDA:0,(anonymous_22)
FNDA:0,(anonymous_23)
FNDA:0,(anonymous_24)
FNDA:0,(anonymous_25)
FNDA:0,(anonymous_26)
FNDA:0,(anonymous_27)
FNDA:0,(anonymous_28)
FNDA:0,(anonymous_29)
DA:55,0
DA:94,0
DA:95,0
DA:96,0
DA:97,0
DA:98,0
DA:99,0
DA:102,0
DA:103,0
DA:105,0
DA:106,0
DA:107,0
DA:108,0
DA:109,0
DA:111,0
DA:115,0
DA:116,0
DA:117,0
DA:121,0
DA:123,0
DA:127,0
DA:128,0
DA:130,0
DA:133,0
DA:134,0
DA:135,0
DA:137,0
DA:139,0
DA:141,0
DA:145,0
DA:148,0
DA:149,0
DA:150,0
DA:152,0
DA:156,0
DA:157,0
DA:158,0
DA:159,0
DA:161,0
DA:163,0
DA:166,0
DA:167,0
DA:169,0
DA:172,0
DA:173,0
DA:174,0
DA:175,0
DA:176,0
DA:177,0
DA:181,0
DA:182,0
DA:190,0
DA:198,0
DA:219,0
DA:226,0
DA:237,0
DA:249,0
DA:267,0
DA:275,0
DA:315,0
DA:318,0
DA:321,0
DA:348,0
DA:352,0
DA:353,0
DA:354,0
DA:361,0
DA:370,0
DA:405,0
DA:416,0
DA:419,0
DA:437,0
DA:438,0
LF:73
LH:0
BRDA:87,0,0,0
BRDA:105,1,0,0
BRDA:109,2,0,0
BRDA:109,2,1,0
BRDA:111,3,0,0
BRDA:111,4,0,0
BRDA:111,4,1,0
BRDA:111,4,2,0
BRDA:115,5,0,0
BRDA:116,6,0,0
BRDA:116,7,0,0
BRDA:116,7,1,0
BRDA:117,8,0,0
BRDA:117,9,0,0
BRDA:117,9,1,0
BRDA:121,10,0,0
BRDA:121,11,0,0
BRDA:121,11,1,0
BRDA:128,12,0,0
BRDA:128,12,1,0
BRDA:128,12,2,0
BRDA:128,12,3,0
BRDA:128,12,4,0
BRDA:133,13,0,0
BRDA:133,13,1,0
BRDA:134,14,0,0
BRDA:134,14,1,0
BRDA:139,15,0,0
BRDA:139,15,1,0
BRDA:139,16,0,0
BRDA:139,16,1,0
BRDA:149,17,0,0
BRDA:149,17,1,0
BRDA:158,18,0,0
BRDA:158,18,1,0
BRDA:173,19,0,0
BRDA:173,19,1,0
BRDA:173,19,2,0
BRDA:173,19,3,0
BRDA:181,20,0,0
BRDA:265,21,0,0
BRDA:265,21,1,0
BRDA:273,22,0,0
BRDA:273,22,1,0
BRDA:285,23,0,0
BRDA:285,23,1,0
BRDA:293,24,0,0
BRDA:293,24,1,0
BRDA:330,25,0,0
BRDA:330,25,1,0
BRDA:334,26,0,0
BRDA:334,26,1,0
BRDA:334,27,0,0
BRDA:334,27,1,0
BRDA:334,27,2,0
BRDA:338,28,0,0
BRDA:338,28,1,0
BRDA:338,28,2,0
BRDA:338,28,3,0
BRDA:345,29,0,0
BRDA:345,29,1,0
BRDA:372,30,0,0
BRDA:372,30,1,0
BRDA:385,31,0,0
BRDA:385,31,1,0
BRDA:420,32,0,0
BRDA:420,32,1,0
BRDA:434,33,0,0
BRDA:434,33,1,0
BRF:69
BRH:0
end_of_record
TN:
SF:src/components/dashboard/brand/StoreMetricsCard.tsx
FN:46,StoreMetricsCard
FN:64,(anonymous_1)
FN:72,(anonymous_2)
FN:81,(anonymous_3)
FN:90,(anonymous_4)
FN:99,(anonymous_5)
FNF:6
FNH:0
FNDA:0,StoreMetricsCard
FNDA:0,(anonymous_1)
FNDA:0,(anonymous_2)
FNDA:0,(anonymous_3)
FNDA:0,(anonymous_4)
FNDA:0,(anonymous_5)
DA:62,0
DA:64,0
DA:65,0
DA:72,0
DA:73,0
DA:74,0
DA:75,0
DA:76,0
DA:77,0
DA:81,0
DA:82,0
DA:83,0
DA:84,0
DA:85,0
DA:86,0
DA:90,0
DA:91,0
DA:92,0
DA:93,0
DA:94,0
DA:95,0
DA:99,0
DA:100,0
DA:102,0
DA:103,0
DA:104,0
DA:106,0
DA:108,0
DA:109,0
DA:112,0
DA:113,0
DA:115,0
DA:116,0
DA:118,0
DA:119,0
DA:123,0
DA:124,0
DA:129,0
DA:133,0
DA:135,0
LF:40
LH:0
BRDA:48,0,0,0
BRDA:55,1,0,0
BRDA:56,2,0,0
BRDA:57,3,0,0
BRDA:58,4,0,0
BRDA:59,5,0,0
BRDA:60,6,0,0
BRDA:61,7,0,0
BRDA:73,8,0,0
BRDA:73,8,1,0
BRDA:73,8,2,0
BRDA:73,8,3,0
BRDA:82,9,0,0
BRDA:82,9,1,0
BRDA:82,9,2,0
BRDA:82,9,3,0
BRDA:91,10,0,0
BRDA:91,10,1,0
BRDA:91,10,2,0
BRDA:91,10,3,0
BRDA:100,11,0,0
BRDA:108,12,0,0
BRDA:108,13,0,0
BRDA:108,13,1,0
BRDA:112,14,0,0
BRDA:112,14,1,0
BRDA:113,15,0,0
BRDA:113,15,1,0
BRDA:118,16,0,0
BRDA:118,16,1,0
BRDA:118,17,0,0
BRDA:118,17,1,0
BRDA:123,18,0,0
BRDA:123,18,1,0
BRDA:145,19,0,0
BRDA:145,19,1,0
BRDA:174,20,0,0
BRDA:174,20,1,0
BRDA:185,21,0,0
BRDA:185,21,1,0
BRDA:188,22,0,0
BRDA:188,22,1,0
BRDA:205,23,0,0
BRDA:205,23,1,0
BRDA:208,24,0,0
BRDA:208,24,1,0
BRDA:210,25,0,0
BRDA:210,25,1,0
BRDA:230,26,0,0
BRDA:230,26,1,0
BRDA:231,27,0,0
BRDA:231,27,1,0
BRDA:265,28,0,0
BRDA:265,28,1,0
BRDA:268,29,0,0
BRDA:268,29,1,0
BRDA:275,30,0,0
BRDA:275,30,1,0
BRF:58
BRH:0
end_of_record
TN:
SF:src/components/dashboard/company/BrandOverviewGrid.tsx
FN:53,(anonymous_0)
FN:64,(anonymous_1)
FN:72,(anonymous_2)
FN:80,(anonymous_3)
FN:84,(anonymous_4)
FN:128,(anonymous_5)
FN:130,(anonymous_6)
FN:141,(anonymous_7)
FN:150,(anonymous_8)
FN:157,(anonymous_9)
FN:161,(anonymous_10)
FN:184,(anonymous_11)
FN:201,(anonymous_12)
FN:207,(anonymous_13)
FN:220,(anonymous_14)
FN:236,(anonymous_15)
FN:277,(anonymous_16)
FNF:17
FNH:0
FNDA:0,(anonymous_0)
FNDA:0,(anonymous_1)
FNDA:0,(anonymous_2)
FNDA:0,(anonymous_3)
FNDA:0,(anonymous_4)
FNDA:0,(anonymous_5)
FNDA:0,(anonymous_6)
FNDA:0,(anonymous_7)
FNDA:0,(anonymous_8)
FNDA:0,(anonymous_9)
FNDA:0,(anonymous_10)
FNDA:0,(anonymous_11)
FNDA:0,(anonymous_12)
FNDA:0,(anonymous_13)
FNDA:0,(anonymous_14)
FNDA:0,(anonymous_15)
FNDA:0,(anonymous_16)
DA:53,0
DA:58,0
DA:59,0
DA:60,0
DA:61,0
DA:64,0
DA:66,0
DA:67,0
DA:70,0
DA:71,0
DA:73,0
DA:79,0
DA:80,0
DA:84,0
DA:88,0
DA:90,0
DA:91,0
DA:92,0
DA:94,0
DA:95,0
DA:96,0
DA:98,0
DA:99,0
DA:100,0
DA:102,0
DA:103,0
DA:104,0
DA:106,0
DA:107,0
DA:108,0
DA:110,0
DA:113,0
DA:114,0
DA:119,0
DA:124,0
DA:128,0
DA:129,0
DA:130,0
DA:141,0
DA:142,0
DA:143,0
DA:145,0
DA:146,0
DA:150,0
DA:151,0
DA:157,0
DA:158,0
DA:161,0
DA:162,0
DA:163,0
DA:165,0
DA:170,0
DA:171,0
DA:185,0
DA:192,0
DA:201,0
DA:207,0
DA:220,0
DA:236,0
DA:278,0
LF:60
LH:0
BRDA:54,0,0,0
BRDA:55,1,0,0
BRDA:66,2,0,0
BRDA:66,2,1,0
BRDA:70,3,0,0
BRDA:73,4,0,0
BRDA:73,4,1,0
BRDA:79,5,0,0
BRDA:88,6,0,0
BRDA:88,6,1,0
BRDA:88,6,2,0
BRDA:88,6,3,0
BRDA:88,6,4,0
BRDA:88,6,5,0
BRDA:113,7,0,0
BRDA:113,8,0,0
BRDA:113,8,1,0
BRDA:114,9,0,0
BRDA:114,9,1,0
BRDA:119,10,0,0
BRDA:119,10,1,0
BRDA:142,11,0,0
BRDA:142,11,1,0
BRDA:143,12,0,0
BRDA:143,12,1,0
BRDA:162,13,0,0
BRDA:165,14,0,0
BRDA:165,14,1,0
BRDA:170,15,0,0
BRDA:244,16,0,0
BRDA:244,16,1,0
BRDA:275,17,0,0
BRDA:275,17,1,0
BRDA:292,18,0,0
BRDA:292,18,1,0
BRDA:292,19,0,0
BRDA:292,19,1,0
BRF:37
BRH:0
end_of_record
TN:
SF:src/components/dashboard/company/BrandPerformanceGrid.tsx
FN:60,BrandPerformanceGrid
FN:68,(anonymous_1)
FN:81,(anonymous_2)
FN:94,(anonymous_3)
FN:108,(anonymous_4)
FN:144,(anonymous_5)
FN:151,(anonymous_6)
FN:158,(anonymous_7)
FN:166,(anonymous_8)
FN:173,(anonymous_9)
FN:203,(anonymous_10)
FN:209,(anonymous_11)
FN:297,(anonymous_12)
FN:346,(anonymous_13)
FNF:14
FNH:0
FNDA:0,BrandPerformanceGrid
FNDA:0,(anonymous_1)
FNDA:0,(anonymous_2)
FNDA:0,(anonymous_3)
FNDA:0,(anonymous_4)
FNDA:0,(anonymous_5)
FNDA:0,(anonymous_6)
FNDA:0,(anonymous_7)
FNDA:0,(anonymous_8)
FNDA:0,(anonymous_9)
FNDA:0,(anonymous_10)
FNDA:0,(anonymous_11)
FNDA:0,(anonymous_12)
FNDA:0,(anonymous_13)
DA:66,0
DA:68,0
DA:69,0
DA:71,0
DA:73,0
DA:75,0
DA:77,0
DA:81,0
DA:82,0
DA:84,0
DA:86,0
DA:88,0
DA:90,0
DA:94,0
DA:95,0
DA:96,0
DA:97,0
DA:98,0
DA:99,0
DA:100,0
DA:102,0
DA:105,0
DA:106,0
DA:109,0
DA:125,0
DA:126,0
DA:136,0
DA:144,0
DA:151,0
DA:158,0
DA:167,0
DA:173,0
DA:203,0
DA:209,0
DA:298,0
DA:347,0
DA:348,0
LF:37
LH:0
BRDA:62,0,0,0
BRDA:69,1,0,0
BRDA:69,1,1,0
BRDA:69,1,2,0
BRDA:69,1,3,0
BRDA:82,2,0,0
BRDA:82,2,1,0
BRDA:82,2,2,0
BRDA:82,2,3,0
BRDA:95,3,0,0
BRDA:95,3,1,0
BRDA:97,4,0,0
BRDA:97,4,1,0
BRDA:99,5,0,0
BRDA:105,6,0,0
BRDA:125,7,0,0
BRDA:142,8,0,0
BRDA:142,8,1,0
BRDA:149,9,0,0
BRDA:149,9,1,0
BRDA:156,10,0,0
BRDA:156,10,1,0
BRDA:235,11,0,0
BRDA:235,11,1,0
BRDA:249,12,0,0
BRDA:249,12,1,0
BRDA:254,13,0,0
BRDA:254,13,1,0
BRDA:255,14,0,0
BRDA:255,14,1,0
BRDA:261,15,0,0
BRDA:261,15,1,0
BRDA:276,16,0,0
BRDA:276,16,1,0
BRDA:281,17,0,0
BRDA:281,17,1,0
BRDA:287,18,0,0
BRDA:287,18,1,0
BRDA:302,19,0,0
BRDA:302,19,1,0
BRDA:317,20,0,0
BRDA:317,20,1,0
BRDA:326,21,0,0
BRDA:326,21,1,0
BRDA:326,22,0,0
BRDA:326,22,1,0
BRDA:329,23,0,0
BRDA:329,23,1,0
BRDA:333,24,0,0
BRDA:333,24,1,0
BRDA:335,25,0,0
BRDA:335,25,1,0
BRDA:336,26,0,0
BRDA:336,26,1,0
BRF:54
BRH:0
end_of_record
TN:
SF:src/components/dashboard/company/BrandStatusCard.tsx
FN:58,(anonymous_0)
FN:67,(anonymous_1)
FN:74,(anonymous_2)
FNF:3
FNH:0
FNDA:0,(anonymous_0)
FNDA:0,(anonymous_1)
FNDA:0,(anonymous_2)
DA:40,0
DA:58,0
DA:65,0
DA:67,0
DA:68,0
DA:74,0
DA:75,0
DA:78,0
LF:8
LH:0
BRDA:63,0,0,0
BRDA:99,1,0,0
BRDA:99,1,1,0
BRDA:116,2,0,0
BRDA:116,2,1,0
BRDA:131,3,0,0
BRDA:131,3,1,0
BRDA:146,4,0,0
BRDA:146,4,1,0
BRDA:151,5,0,0
BRDA:151,5,1,0
BRDA:168,6,0,0
BRDA:168,6,1,0
BRF:13
BRH:0
end_of_record
TN:
SF:src/components/dashboard/company/CompanyDashboardLayout.tsx
FN:65,CompanyDashboardLayout
FN:75,(anonymous_1)
FN:90,(anonymous_2)
FN:91,(anonymous_3)
FN:96,(anonymous_4)
FN:100,(anonymous_5)
FN:101,(anonymous_6)
FN:103,(anonymous_7)
FN:145,(anonymous_8)
FN:206,(anonymous_9)
FN:213,(anonymous_10)
FN:233,(anonymous_11)
FN:326,(anonymous_12)
FN:336,(anonymous_13)
FN:395,(anonymous_14)
FN:413,(anonymous_15)
FNF:16
FNH:0
FNDA:0,CompanyDashboardLayout
FNDA:0,(anonymous_1)
FNDA:0,(anonymous_2)
FNDA:0,(anonymous_3)
FNDA:0,(anonymous_4)
FNDA:0,(anonymous_5)
FNDA:0,(anonymous_6)
FNDA:0,(anonymous_7)
FNDA:0,(anonymous_8)
FNDA:0,(anonymous_9)
FNDA:0,(anonymous_10)
FNDA:0,(anonymous_11)
FNDA:0,(anonymous_12)
FNDA:0,(anonymous_13)
FNDA:0,(anonymous_14)
FNDA:0,(anonymous_15)
DA:66,0
DA:67,0
DA:68,0
DA:69,0
DA:70,0
DA:71,0
DA:72,0
DA:75,0
DA:76,0
DA:85,0
DA:90,0
DA:91,0
DA:92,0
DA:93,0
DA:96,0
DA:100,0
DA:101,0
DA:102,0
DA:103,0
DA:109,0
DA:111,0
DA:145,0
DA:207,0
DA:209,0
DA:213,0
DA:234,0
DA:235,0
DA:239,0
DA:240,0
DA:249,0
DA:326,0
DA:337,0
DA:396,0
DA:402,0
DA:413,0
LF:35
LH:0
BRDA:102,0,0,0
BRDA:102,0,1,0
BRDA:116,1,0,0
BRDA:116,1,1,0
BRDA:117,2,0,0
BRDA:117,2,1,0
BRDA:122,3,0,0
BRDA:122,3,1,0
BRDA:148,4,0,0
BRDA:148,4,1,0
BRDA:150,5,0,0
BRDA:150,5,1,0
BRDA:154,6,0,0
BRDA:154,6,1,0
BRDA:160,7,0,0
BRDA:160,7,1,0
BRDA:167,8,0,0
BRDA:167,8,1,0
BRDA:173,9,0,0
BRDA:173,9,1,0
BRDA:175,10,0,0
BRDA:175,10,1,0
BRDA:211,11,0,0
BRDA:211,11,1,0
BRDA:221,12,0,0
BRDA:221,12,1,0
BRDA:230,13,0,0
BRDA:230,13,1,0
BRDA:230,13,2,0
BRDA:235,14,0,0
BRDA:235,14,1,0
BRDA:239,15,0,0
BRDA:255,16,0,0
BRDA:255,16,1,0
BRDA:258,17,0,0
BRDA:258,17,1,0
BRDA:260,18,0,0
BRDA:260,18,1,0
BRDA:265,19,0,0
BRDA:265,19,1,0
BRDA:270,20,0,0
BRDA:270,20,1,0
BRDA:274,21,0,0
BRDA:274,21,1,0
BRDA:277,22,0,0
BRDA:277,22,1,0
BRDA:279,23,0,0
BRDA:279,23,1,0
BRDA:279,24,0,0
BRDA:279,24,1,0
BRDA:282,25,0,0
BRDA:282,25,1,0
BRDA:288,26,0,0
BRDA:288,26,1,0
BRDA:304,27,0,0
BRDA:304,27,1,0
BRDA:317,28,0,0
BRDA:317,28,1,0
BRDA:338,29,0,0
BRDA:338,29,1,0
BRDA:341,30,0,0
BRDA:341,30,1,0
BRDA:402,31,0,0
BRDA:402,31,1,0
BRDA:409,32,0,0
BRDA:409,32,1,0
BRF:66
BRH:0
end_of_record
TN:
SF:src/components/dashboard/inventory/ExpiryAlertPanel.tsx
FN:27,ExpiryAlertPanel
FN:33,(anonymous_1)
FN:42,(anonymous_2)
FN:46,(anonymous_3)
FN:52,(anonymous_4)
FN:60,(anonymous_5)
FN:63,(anonymous_6)
FN:64,(anonymous_7)
FN:65,(anonymous_8)
FN:88,(anonymous_9)
FN:103,(anonymous_10)
FN:117,(anonymous_11)
FN:134,ExpiryItemCard
FN:175,(anonymous_13)
FN:184,(anonymous_14)
FN:193,(anonymous_15)
FN:206,getUrgencyColor
FN:212,getUrgencyLabel
FNF:18
FNH:0
FNDA:0,ExpiryAlertPanel
FNDA:0,(anonymous_1)
FNDA:0,(anonymous_2)
FNDA:0,(anonymous_3)
FNDA:0,(anonymous_4)
FNDA:0,(anonymous_5)
FNDA:0,(anonymous_6)
FNDA:0,(anonymous_7)
FNDA:0,(anonymous_8)
FNDA:0,(anonymous_9)
FNDA:0,(anonymous_10)
FNDA:0,(anonymous_11)
FNDA:0,ExpiryItemCard
FNDA:0,(anonymous_13)
FNDA:0,(anonymous_14)
FNDA:0,(anonymous_15)
FNDA:0,getUrgencyColor
FNDA:0,getUrgencyLabel
DA:33,0
DA:34,0
DA:35,0
DA:42,0
DA:43,0
DA:46,0
DA:47,0
DA:48,0
DA:49,0
DA:52,0
DA:53,0
DA:54,0
DA:55,0
DA:56,0
DA:60,0
DA:63,0
DA:64,0
DA:65,0
DA:67,0
DA:89,0
DA:104,0
DA:118,0
DA:141,0
DA:142,0
DA:144,0
DA:175,0
DA:184,0
DA:193,0
DA:207,0
DA:208,0
DA:209,0
DA:213,0
DA:214,0
DA:215,0
DA:216,0
LF:35
LH:0
BRDA:29,0,0,0
BRDA:47,1,0,0
BRDA:48,2,0,0
BRDA:53,3,0,0
BRDA:54,4,0,0
BRDA:55,5,0,0
BRDA:64,6,0,0
BRDA:64,6,1,0
BRDA:81,7,0,0
BRDA:81,7,1,0
BRDA:96,8,0,0
BRDA:96,8,1,0
BRDA:111,9,0,0
BRDA:111,9,1,0
BRDA:124,10,0,0
BRDA:124,10,1,0
BRDA:170,11,0,0
BRDA:170,11,1,0
BRDA:207,12,0,0
BRDA:208,13,0,0
BRDA:213,14,0,0
BRDA:214,15,0,0
BRDA:215,16,0,0
BRF:23
BRH:0
end_of_record
TN:
SF:src/components/dashboard/inventory/InventoryChart.tsx
FN:40,InventoryChart
FN:49,(anonymous_1)
FN:54,(anonymous_2)
FN:60,(anonymous_3)
FN:96,(anonymous_4)
FN:145,(anonymous_5)
FNF:6
FNH:0
FNDA:0,InventoryChart
FNDA:0,(anonymous_1)
FNDA:0,(anonymous_2)
FNDA:0,(anonymous_3)
FNDA:0,(anonymous_4)
FNDA:0,(anonymous_5)
DA:34,0
DA:49,0
DA:50,0
DA:54,0
DA:55,0
DA:56,0
DA:61,0
DA:76,0
DA:79,0
DA:97,0
DA:146,0
LF:11
LH:0
BRDA:44,0,0,0
BRDA:45,1,0,0
BRDA:55,2,0,0
BRDA:55,3,0,0
BRDA:55,3,1,0
BRDA:55,3,2,0
BRDA:81,4,0,0
BRDA:81,4,1,0
BRDA:81,4,2,0
BRDA:83,5,0,0
BRDA:83,5,1,0
BRDA:84,6,0,0
BRDA:84,6,1,0
BRDA:148,7,0,0
BRDA:148,7,1,0
BRF:15
BRH:0
end_of_record
TN:
SF:src/components/dashboard/inventory/InventoryHeatmap.tsx
FN:23,InventoryHeatmap
FN:32,(anonymous_1)
FN:45,(anonymous_2)
FN:49,(anonymous_3)
FN:57,(anonymous_4)
FN:63,(anonymous_5)
FN:67,(anonymous_6)
FN:83,(anonymous_7)
FN:93,(anonymous_8)
FN:96,(anonymous_9)
FN:115,(anonymous_10)
FN:123,(anonymous_11)
FN:124,(anonymous_12)
FN:127,(anonymous_13)
FN:129,(anonymous_14)
FN:130,(anonymous_15)
FN:144,(anonymous_16)
FN:146,(anonymous_17)
FN:172,(anonymous_18)
FNF:19
FNH:0
FNDA:0,InventoryHeatmap
FNDA:0,(anonymous_1)
FNDA:0,(anonymous_2)
FNDA:0,(anonymous_3)
FNDA:0,(anonymous_4)
FNDA:0,(anonymous_5)
FNDA:0,(anonymous_6)
FNDA:0,(anonymous_7)
FNDA:0,(anonymous_8)
FNDA:0,(anonymous_9)
FNDA:0,(anonymous_10)
FNDA:0,(anonymous_11)
FNDA:0,(anonymous_12)
FNDA:0,(anonymous_13)
FNDA:0,(anonymous_14)
FNDA:0,(anonymous_15)
FNDA:0,(anonymous_16)
FNDA:0,(anonymous_17)
FNDA:0,(anonymous_18)
DA:29,0
DA:32,0
DA:33,0
DA:34,0
DA:36,0
DA:37,0
DA:39,0
DA:40,0
DA:44,0
DA:45,0
DA:49,0
DA:50,0
DA:51,0
DA:52,0
DA:53,0
DA:54,0
DA:57,0
DA:58,0
DA:59,0
DA:60,0
DA:63,0
DA:64,0
DA:67,0
DA:68,0
DA:71,0
DA:83,0
DA:94,0
DA:96,0
DA:116,0
DA:123,0
DA:125,0
DA:128,0
DA:129,0
DA:130,0
DA:131,0
DA:133,0
DA:145,0
DA:146,0
DA:173,0
LF:39
LH:0
BRDA:25,0,0,0
BRDA:33,1,0,0
BRDA:36,2,0,0
BRDA:50,3,0,0
BRDA:51,4,0,0
BRDA:52,5,0,0
BRDA:53,6,0,0
BRDA:58,7,0,0
BRDA:59,8,0,0
BRDA:68,9,0,0
BRDA:68,9,1,0
BRDA:86,10,0,0
BRDA:86,10,1,0
BRDA:99,11,0,0
BRDA:99,11,1,0
BRDA:123,12,0,0
BRDA:123,12,1,0
BRDA:128,13,0,0
[...]
DA:174,0
DA:176,0
DA:180,0
DA:181,0
DA:183,0
DA:185,0
DA:187,0
DA:189,0
DA:191,0
DA:195,0
DA:218,0
DA:268,0
DA:287,0
DA:290,0
DA:303,0
DA:339,0
DA:342,0
DA:350,0
DA:357,0
DA:377,0
DA:380,0
DA:390,0
DA:393,0
DA:407,0
LF:52
LH:0
BRDA:166,0,0,0
BRDA:166,0,1,0
BRDA:166,0,2,0
BRDA:166,0,3,0
BRDA:166,0,4,0
BRDA:181,1,0,0
BRDA:181,1,1,0
BRDA:181,1,2,0
BRDA:181,1,3,0
BRDA:181,1,4,0
BRDA:215,2,0,0
BRDA:215,2,1,0
BRDA:243,3,0,0
BRDA:243,3,1,0
BRDA:287,4,0,0
BRDA:287,4,1,0
BRDA:307,5,0,0
BRDA:307,5,1,0
BRDA:310,6,0,0
BRDA:310,6,1,0
BRDA:362,7,0,0
BRDA:362,7,1,0
BRDA:390,8,0,0
BRDA:390,8,1,0
BRF:24
BRH:0
end_of_record
TN:
SF:src/pages/store/Sales.tsx
FN:3,StoreSales
FNF:1
FNH:0
FNDA:0,StoreSales
DA:4,0
LF:1
LH:0
BRF:0
BRH:0
end_of_record
TN:
SF:src/pages/store/Settings.tsx
FN:6,StoreSettings
FNF:1
FNH:0
FNDA:0,StoreSettings
DA:7,0
LF:1
LH:0
BRF:0
BRH:0
end_of_record
TN:
SF:src/pages/store/Staff.tsx
FN:3,StoreStaff
FNF:1
FNH:0
FNDA:0,StoreStaff
DA:4,0
LF:1
LH:0
BRF:0
BRH:0
end_of_record
TN:
SF:src/pages/store/analytics/Business.tsx
FN:3,StoreAnalyticsBusiness
FNF:1
FNH:0
FNDA:0,StoreAnalyticsBusiness
DA:4,0
LF:1
LH:0
BRF:0
BRH:0
end_of_record
TN:
SF:src/pages/store/analytics/Custom.tsx
FN:3,StoreAnalyticsCustom
FNF:1
FNH:0
FNDA:0,StoreAnalyticsCustom
DA:4,0
LF:1
LH:0
BRF:0
BRH:0
end_of_record
TN:
SF:src/pages/store/analytics/CustomerAnalysis.tsx
FN:3,StoreAnalyticsCustomerAnalysis
FNF:1
FNH:0
FNDA:0,StoreAnalyticsCustomerAnalysis
DA:4,0
LF:1
LH:0
BRF:0
BRH:0
end_of_record
TN:
SF:src/pages/store/analytics/Financial.tsx
FN:3,StoreAnalyticsFinancial
FNF:1
FNH:0
FNDA:0,StoreAnalyticsFinancial
DA:4,0
LF:1
LH:0
BRF:0
BRH:0
end_of_record
TN:
SF:src/pages/store/analytics/InventoryReport.tsx
FN:3,StoreAnalyticsInventoryReport
FNF:1
FNH:0
FNDA:0,StoreAnalyticsInventoryReport
DA:4,0
LF:1
LH:0
BRF:0
BRH:0
end_of_record
TN:
SF:src/pages/store/analytics/Performance.tsx
FN:3,StoreAnalyticsPerformance
FNF:1
FNH:0
FNDA:0,StoreAnalyticsPerformance
DA:4,0
LF:1
LH:0
BRF:0
BRH:0
end_of_record
TN:
SF:src/pages/store/analytics/SalesReport.tsx
FN:3,StoreAnalyticsSalesReport
FNF:1
FNH:0
FNDA:0,StoreAnalyticsSalesReport
DA:4,0
LF:1
LH:0
BRF:0
BRH:0
end_of_record
TN:
SF:src/pages/store/inventory/FIFO.tsx
FN:3,StoreInventoryFIFO
FNF:1
FNH:0
FNDA:0,StoreInventoryFIFO
DA:4,0
LF:1
LH:0
BRF:0
BRH:0
end_of_record
TN:
SF:src/pages/store/inventory/Management.tsx
FN:3,StoreInventoryManagement
FNF:1
FNH:0
FNDA:0,StoreInventoryManagement
DA:4,0
LF:1
LH:0
BRF:0
BRH:0
end_of_record
TN:
SF:src/pages/store/inventory/Movement.tsx
FN:3,StoreInventoryMovement
FNF:1
FNH:0
FNDA:0,StoreInventoryMovement
DA:4,0
LF:1
LH:0
BRF:0
BRH:0
end_of_record
TN:
SF:src/pages/store/inventory/Purchasing.tsx
FN:3,StoreInventoryPurchasing
FNF:1
FNH:0
FNDA:0,StoreInventoryPurchasing
DA:4,0
LF:1
LH:0
BRF:0
BRH:0
end_of_record
TN:
SF:src/pages/store/inventory/Shortage.tsx
FN:3,StoreInventoryShortage
FNF:1
FNH:0
FNDA:0,StoreInventoryShortage
DA:4,0
LF:1
LH:0
BRF:0
BRH:0
end_of_record
TN:
SF:src/pages/store/inventory/Status.tsx
FN:3,StoreInventoryStatus
FNF:1
FNH:0
FNDA:0,StoreInventoryStatus
DA:4,0
LF:1
LH:0
BRF:0
BRH:0
end_of_record
TN:
SF:src/pages/store/inventory/Suppliers.tsx
FN:3,StoreInventorySuppliers
FNF:1
FNH:0
FNDA:0,StoreInventorySuppliers
DA:4,0
LF:1
LH:0
BRF:0
BRH:0
end_of_record
TN:
SF:src/pages/store/marketing/Campaigns.tsx
FN:3,StoreMarketingCampaigns
FNF:1
FNH:0
FNDA:0,StoreMarketingCampaigns
DA:4,0
LF:1
LH:0
BRF:0
BRH:0
end_of_record
TN:
SF:src/pages/store/marketing/Events.tsx
FN:3,StoreMarketingEvents
FNF:1
FNH:0
FNDA:0,StoreMarketingEvents
DA:4,0
LF:1
LH:0
BRF:0
BRH:0
end_of_record
TN:
SF:src/pages/store/marketing/Newsletter.tsx
FN:3,StoreMarketingNewsletter
FNF:1
FNH:0
FNDA:0,StoreMarketingNewsletter
DA:4,0
LF:1
LH:0
BRF:0
BRH:0
end_of_record
TN:
SF:src/pages/store/marketing/Reviews.tsx
FN:3,StoreMarketingReviews
FNF:1
FNH:0
FNDA:0,StoreMarketingReviews
DA:4,0
LF:1
LH:0
BRF:0
BRH:0
end_of_record
TN:
SF:src/pages/store/marketing/SNS.tsx
FN:3,StoreMarketingSNS
FNF:1
FNH:0
FNDA:0,StoreMarketingSNS
DA:4,0
LF:1
LH:0
BRF:0
BRH:0
end_of_record
TN:
SF:src/pages/store/marketing/Status.tsx
FN:3,StoreMarketingStatus
FNF:1
FNH:0
FNDA:0,StoreMarketingStatus
DA:4,0
LF:1
LH:0
BRF:0
BRH:0
end_of_record
TN:
SF:src/pages/store/operations/Compliance.tsx
FN:3,StoreOperationsCompliance
FNF:1
FNH:0
FNDA:0,StoreOperationsCompliance
DA:4,0
LF:1
LH:0
BRF:0
BRH:0
end_of_record
TN:
SF:src/pages/store/operations/Facilities.tsx
FN:3,StoreOperationsFacilities
FNF:1
FNH:0
FNDA:0,StoreOperationsFacilities
DA:4,0
LF:1
LH:0
BRF:0
BRH:0
end_of_record
TN:
SF:src/pages/store/operations/Quality.tsx
FN:3,StoreOperationsQuality
FNF:1
FNH:0
FNDA:0,StoreOperationsQuality
DA:4,0
LF:1
LH:0
BRF:0
BRH:0
end_of_record
TN:
SF:src/pages/store/operations/Schedule.tsx
FN:3,StoreOperationsSchedule
FNF:1
FNH:0
FNDA:0,StoreOperationsSchedule
DA:4,0
LF:1
LH:0
BRF:0
BRH:0
end_of_record
TN:
SF:src/pages/store/operations/Tasks.tsx
FN:3,StoreOperationsTasks
FNF:1
FNH:0
FNDA:0,StoreOperationsTasks
DA:4,0
LF:1
LH:0
BRF:0
BRH:0
end_of_record
TN:
SF:src/pages/store/operations/Training.tsx
FN:3,StoreOperationsTraining
FNF:1
FNH:0
FNDA:0,StoreOperationsTraining
DA:4,0
LF:1
LH:0
BRF:0
BRH:0
end_of_record
TN:
SF:src/pages/store/system/AuditLog.tsx
FN:3,StoreSystemAuditLog
FNF:1
FNH:0
FNDA:0,StoreSystemAuditLog
DA:4,0
LF:1
LH:0
BRF:0
BRH:0
end_of_record
TN:
SF:src/pages/store/system/Backup.tsx
FN:3,StoreSystemBackup
FNF:1
FNH:0
FNDA:0,StoreSystemBackup
DA:4,0
LF:1
LH:0
BRF:0
BRH:0
end_of_record
TN:
SF:src/pages/store/system/Integrations.tsx
FN:3,StoreSystemIntegrations
FNF:1
FNH:0
FNDA:0,StoreSystemIntegrations
DA:4,0
LF:1
LH:0
BRF:0
BRH:0
end_of_record
TN:
SF:src/pages/store/system/Permissions.tsx
FN:5,SystemPermissions
FNF:1
FNH:0
FNDA:0,SystemPermissions
DA:6,0
LF:1
LH:0
BRF:0
BRH:0
end_of_record
TN:
SF:src/pages/store/system/Settings.tsx
FN:6,SystemSettings
FNF:1
FNH:0
FNDA:0,SystemSettings
DA:7,0
LF:1
LH:0
BRF:0
BRH:0
end_of_record
TN:
SF:src/pages/store/system/Status.tsx
FN:3,StoreSystemStatus
FNF:1
FNH:0
FNDA:0,StoreSystemStatus
DA:4,0
LF:1
LH:0
BRF:0
BRH:0
end_of_record
TN:
SF:src/pages/store/system/Users.tsx
FN:7,SystemUsers
FNF:1
FNH:0
FNDA:0,SystemUsers
DA:8,0
LF:1
LH:0
BRF:0
BRH:0
end_of_record
TN:
SF:src/services/mockDataService.ts
FN:31,(anonymous_0)
FN:31,(anonymous_1)
FN:35,(anonymous_2)
FN:41,(anonymous_3)
FN:43,(anonymous_4)
FN:47,(anonymous_5)
FN:52,(anonymous_6)
FN:54,(anonymous_7)
FN:58,(anonymous_8)
FN:61,(anonymous_9)
FN:66,(anonymous_10)
FN:68,(anonymous_11)
FN:72,(anonymous_12)
FN:75,(anonymous_13)
FN:80,(anonymous_14)
FN:82,(anonymous_15)
FN:85,(anonymous_16)
FN:87,(anonymous_17)
FN:91,(anonymous_18)
FN:93,(anonymous_19)
FN:96,(anonymous_20)
FN:98,(anonymous_21)
FN:100,(anonymous_22)
FN:105,(anonymous_23)
FN:107,(anonymous_24)
FN:111,(anonymous_25)
FN:116,(anonymous_26)
FN:118,(anonymous_27)
FN:121,(anonymous_28)
FN:124,(anonymous_29)
FN:132,(anonymous_30)
FN:142,(anonymous_31)
FN:146,(anonymous_32)
FN:150,(anonymous_33)
FN:154,(anonymous_34)
FN:156,(anonymous_35)
FN:159,(anonymous_36)
FN:161,(anonymous_37)
FN:164,(anonymous_38)
FN:166,(anonymous_39)
FN:170,(anonymous_40)
FN:175,(anonymous_41)
FN:177,(anonymous_42)
FN:180,(anonymous_43)
FN:182,(anonymous_44)
FN:188,(anonymous_45)
FN:193,(anonymous_46)
FN:204,(anonymous_47)
FN:206,(anonymous_48)
FN:207,(anonymous_49)
FN:208,(anonymous_50)
FN:212,(anonymous_51)
FN:218,(anonymous_52)
FN:224,(anonymous_53)
FN:243,(anonymous_54)
FN:244,(anonymous_55)
FN:247,(anonymous_56)
FN:254,(anonymous_57)
FN:260,(anonymous_58)
FN:261,(anonymous_59)
FN:262,(anonymous_60)
FN:264,(anonymous_61)
FN:265,(anonymous_62)
FN:266,(anonymous_63)
FN:267,(anonymous_64)
FN:268,(anonymous_65)
FN:272,(anonymous_66)
FN:273,(anonymous_67)
FN:295,(anonymous_68)
FN:301,(anonymous_69)
FN:306,(anonymous_70)
FN:315,(anonymous_71)
FN:317,(anonymous_72)
FN:322,(anonymous_73)
FN:325,(anonymous_74)
FN:327,(anonymous_75)
FN:332,(anonymous_76)
FN:336,(anonymous_77)
FN:356,(anonymous_78)
FN:358,(anonymous_79)
FN:370,(anonymous_80)
FN:372,(anonymous_81)
FNF:82
FNH:0
FNDA:0,(anonymous_0)
FNDA:0,(anonymous_1)
FNDA:0,(anonymous_2)
FNDA:0,(anonymous_3)
FNDA:0,(anonymous_4)
FNDA:0,(anonymous_5)
FNDA:0,(anonymous_6)
FNDA:0,(anonymous_7)
FNDA:0,(anonymous_8)
FNDA:0,(anonymous_9)
FNDA:0,(anonymous_10)
FNDA:0,(anonymous_11)
FNDA:0,(anonymous_12)
FNDA:0,(anonymous_13)
FNDA:0,(anonymous_14)
FNDA:0,(anonymous_15)
FNDA:0,(anonymous_16)
FNDA:0,(anonymous_17)
FNDA:0,(anonymous_18)
FNDA:0,(anonymous_19)
FNDA:0,(anonymous_20)
FNDA:0,(anonymous_21)
FNDA:0,(anonymous_22)
FNDA:0,(anonymous_23)
FNDA:0,(anonymous_24)
FNDA:0,(anonymous_25)
FNDA:0,(anonymous_26)
FNDA:0,(anonymous_27)
FNDA:0,(anonymous_28)
FNDA:0,(anonymous_29)
FNDA:0,(anonymous_30)
FNDA:0,(anonymous_31)
FNDA:0,(anonymous_32)
FNDA:0,(anonymous_33)
FNDA:0,(anonymous_34)
FNDA:0,(anonymous_35)
FNDA:0,(anonymous_36)
FNDA:0,(anonymous_37)
FNDA:0,(anonymous_38)
FNDA:0,(anonymous_39)
FNDA:0,(anonymous_40)
FNDA:0,(anonymous_41)
FNDA:0,(anonymous_42)
FNDA:0,(anonymous_43)
FNDA:0,(anonymous_44)
FNDA:0,(anonymous_45)
FNDA:0,(anonymous_46)
FNDA:0,(anonymous_47)
FNDA:0,(anonymous_48)
FNDA:0,(anonymous_49)
FNDA:0,(anonymous_50)
FNDA:0,(anonymous_51)
FNDA:0,(anonymous_52)
FNDA:0,(anonymous_53)
FNDA:0,(anonymous_54)
FNDA:0,(anonymous_55)
FNDA:0,(anonymous_56)
FNDA:0,(anonymous_57)
FNDA:0,(anonymous_58)
FNDA:0,(anonymous_59)
FNDA:0,(anonymous_60)
FNDA:0,(anonymous_61)
FNDA:0,(anonymous_62)
FNDA:0,(anonymous_63)
FNDA:0,(anonymous_64)
FNDA:0,(anonymous_65)
FNDA:0,(anonymous_66)
FNDA:0,(anonymous_67)
FNDA:0,(anonymous_68)
FNDA:0,(anonymous_69)
FNDA:0,(anonymous_70)
FNDA:0,(anonymous_71)
FNDA:0,(anonymous_72)
FNDA:0,(anonymous_73)
FNDA:0,(anonymous_74)
FNDA:0,(anonymous_75)
FNDA:0,(anonymous_76)
FNDA:0,(anonymous_77)
FNDA:0,(anonymous_78)
FNDA:0,(anonymous_79)
FNDA:0,(anonymous_80)
FNDA:0,(anonymous_81)
DA:31,0
DA:36,0
DA:38,0
DA:42,0
DA:43,0
DA:48,0
DA:49,0
DA:53,0
DA:54,0
DA:59,0
DA:60,0
DA:61,0
DA:63,0
DA:67,0
DA:68,0
DA:73,0
DA:74,0
DA:75,0
DA:77,0
DA:81,0
DA:82,0
DA:86,0
DA:87,0
DA:92,0
DA:93,0
DA:97,0
DA:98,0
DA:99,0
DA:100,0
DA:102,0
DA:106,0
DA:107,0
DA:112,0
DA:113,0
DA:117,0
DA:118,0
DA:122,0
DA:123,0
DA:124,0
DA:125,0
DA:138,0
DA:139,0
DA:141,0
DA:142,0
DA:145,0
DA:146,0
DA:149,0
DA:150,0
DA:155,0
DA:156,0
DA:160,0
DA:161,0
DA:165,0
DA:166,0
DA:171,0
DA:172,0
DA:176,0
DA:177,0
DA:181,0
DA:182,0
DA:183,0
DA:189,0
DA:190,0
DA:199,0
DA:201,0
DA:203,0
DA:204,0
DA:205,0
DA:206,0
DA:207,0
DA:208,0
DA:211,0
DA:212,0
DA:213,0
DA:217,0
DA:218,0
DA:219,0
DA:224,0
DA:225,0
DA:226,0
DA:227,0
DA:235,0
DA:236,0
DA:237,0
DA:238,0
DA:239,0
DA:242,0
DA:243,0
DA:244,0
DA:247,0
DA:255,0
DA:257,0
DA:259,0
DA:260,0
DA:261,0
DA:262,0
DA:263,0
DA:264,0
DA:265,0
DA:266,0
DA:267,0
DA:268,0
DA:272,0
DA:273,0
DA:274,0
DA:276,0
DA:277,0
DA:287,0
DA:288,0
DA:289,0
DA:291,0
DA:294,0
DA:295,0
DA:301,0
DA:307,0
DA:308,0
DA:309,0
DA:311,0
DA:317,0
DA:318,0
DA:319,0
DA:322,0
DA:327,0
DA:328,0
DA:329,0
DA:332,0
DA:337,0
DA:338,0
DA:352,0
DA:353,0
DA:357,0
DA:358,0
DA:359,0
DA:361,0
DA:367,0
DA:371,0
DA:372,0
DA:373,0
DA:375,0
DA:381,0
DA:386,0
LF:141
LH:0
BRDA:31,0,0,0
BRDA:38,1,0,0
BRDA:38,1,1,0
BRDA:43,2,0,0
BRDA:43,2,1,0
BRDA:54,3,0,0
BRDA:54,3,1,0
BRDA:60,4,0,0
BRDA:68,5,0,0
BRDA:68,5,1,0
BRDA:74,6,0,0
BRDA:82,7,0,0
BRDA:82,7,1,0
BRDA:99,8,0,0
BRDA:107,9,0,0
BRDA:107,9,1,0
BRDA:111,10,0,0
BRDA:111,11,0,0
BRDA:118,12,0,0
BRDA:118,12,1,0
BRDA:125,13,0,0
BRDA:125,13,1,0
BRDA:125,13,2,0
BRDA:135,14,0,0
BRDA:136,15,0,0
BRDA:141,16,0,0
BRDA:145,17,0,0
BRDA:156,18,0,0
BRDA:156,18,1,0
BRDA:177,19,0,0
BRDA:177,19,1,0
BRDA:183,20,0,0
BRDA:183,20,1,0
BRDA:203,21,0,0
BRDA:203,21,1,0
BRDA:205,22,0,0
BRDA:211,23,0,0
BRDA:217,24,0,0
BRDA:226,25,0,0
BRDA:246,26,0,0
BRDA:246,26,1,0
BRDA:254,27,0,0
BRDA:259,28,0,0
BRDA:259,28,1,0
BRDA:263,29,0,0
BRDA:274,30,0,0
BRDA:276,31,0,0
BRDA:297,32,0,0
BRDA:297,32,1,0
BRDA:299,33,0,0
BRDA:299,33,1,0
BRDA:309,34,0,0
BRDA:343,35,0,0
BRDA:343,35,1,0
BRDA:344,36,0,0
BRDA:344,36,1,0
BRDA:345,37,0,0
BRDA:345,37,1,0
BRDA:346,38,0,0
BRDA:346,38,1,0
BRDA:347,39,0,0
BRDA:347,39,1,0
BRDA:359,40,0,0
BRDA:373,41,0,0
BRF:64
BRH:0
end_of_record
TN:
SF:src/services/permissionService.ts
FN:11,(anonymous_0)
FN:15,(anonymous_1)
FN:25,(anonymous_2)
FN:38,(anonymous_3)
FN:196,(anonymous_4)
FN:207,(anonymous_5)
FN:261,(anonymous_6)
FN:272,(anonymous_7)
FN:369,(anonymous_8)
FN:434,(anonymous_9)
FN:469,(anonymous_10)
FN:488,(anonymous_11)
FN:497,(anonymous_12)
FN:504,(anonymous_13)
FN:526,(anonymous_14)
FN:533,(anonymous_15)
FN:540,(anonymous_16)
FN:555,(anonymous_17)
FNF:18
FNH:0
FNDA:0,(anonymous_0)
FNDA:0,(anonymous_1)
FNDA:0,(anonymous_2)
FNDA:0,(anonymous_3)
FNDA:0,(anonymous_4)
FNDA:0,(anonymous_5)
FNDA:0,(anonymous_6)
FNDA:0,(anonymous_7)
FNDA:0,(anonymous_8)
FNDA:0,(anonymous_9)
FNDA:0,(anonymous_10)
FNDA:0,(anonymous_11)
FNDA:0,(anonymous_12)
FNDA:0,(anonymous_13)
FNDA:0,(anonymous_14)
FNDA:0,(anonymous_15)
FNDA:0,(anonymous_16)
FNDA:0,(anonymous_17)
DA:13,0
DA:16,0
DA:17,0
DA:19,0
DA:26,0
DA:27,0
DA:28,0
DA:29,0
DA:32,0
DA:34,0
DA:36,0
DA:38,0
DA:39,0
DA:40,0
DA:41,0
DA:67,0
DA:68,0
DA:73,0
DA:79,0
DA:80,0
DA:106,0
DA:107,0
DA:110,0
DA:116,0
DA:117,0
DA:120,0
DA:121,0
DA:147,0
DA:148,0
DA:151,0
DA:154,0
DA:185,0
DA:186,0
DA:188,0
DA:189,0
DA:201,0
DA:203,0
DA:205,0
DA:206,0
DA:207,0
DA:208,0
DA:209,0
DA:210,0
DA:215,0
DA:222,0
DA:223,0
DA:226,0
DA:227,0
DA:229,0
DA:230,0
DA:232,0
DA:235,0
DA:236,0
DA:239,0
DA:240,0
DA:243,0
DA:244,0
DA:245,0
DA:248,0
DA:251,0
DA:253,0
DA:254,0
DA:266,0
DA:268,0
DA:270,0
DA:271,0
DA:272,0
DA:273,0
DA:274,0
DA:276,0
DA:288,0
DA:289,0
DA:294,0
DA:300,0
DA:301,0
DA:304,0
DA:305,0
DA:306,0
DA:307,0
DA:308,0
DA:313,0
DA:315,0
DA:318,0
DA:319,0
DA:320,0
DA:321,0
DA:324,0
DA:326,0
DA:340,0
DA:341,0
DA:342,0
DA:345,0
DA:358,0
DA:359,0
DA:361,0
DA:362,0
DA:375,0
DA:376,0
DA:383,0
DA:384,0
DA:385,0
DA:389,0
DA:390,0
DA:391,0
DA:392,0
DA:395,0
DA:396,0
DA:403,0
DA:411,0
DA:412,0
DA:413,0
DA:417,0
DA:418,0
DA:419,0
DA:422,0
DA:423,0
DA:425,0
DA:426,0
DA:427,0
DA:443,0
DA:444,0
DA:458,0
DA:459,0
DA:462,0
DA:470,0
DA:471,0
DA:477,0
DA:478,0
DA:481,0
DA:489,0
DA:490,0
DA:491,0
DA:498,0
DA:505,0
DA:506,0
DA:511,0
DA:512,0
DA:515,0
DA:516,0
DA:519,0
DA:527,0
DA:534,0
DA:541,0
DA:542,0
DA:549,0
DA:550,0
DA:551,0
DA:555,0
DA:574,0
DA:576,0
DA:577,0
DA:582,0
LF:152
LH:0
BRDA:16,0,0,0
BRDA:29,1,0,0
BRDA:34,2,0,0
BRDA:38,3,0,0
BRDA:38,3,1,0
BRDA:39,4,0,0
BRDA:39,5,0,0
BRDA:39,5,1,0
BRDA:79,6,0,0
BRDA:116,7,0,0
BRDA:120,8,0,0
BRDA:155,9,0,0
BRDA:155,9,1,0
BRDA:156,10,0,0
BRDA:156,10,1,0
BRDA:157,11,0,0
BRDA:157,11,1,0
BRDA:158,12,0,0
BRDA:158,12,1,0
BRDA:164,13,0,0
BRDA:164,13,1,0
BRDA:169,14,0,0
BRDA:169,14,1,0
BRDA:174,15,0,0
BRDA:174,15,1,0
BRDA:205,16,0,0
BRDA:207,17,0,0
BRDA:207,17,1,0
BRDA:208,18,0,0
BRDA:208,19,0,0
BRDA:208,19,1,0
BRDA:222,20,0,0
BRDA:227,21,0,0
BRDA:229,22,0,0
BRDA:229,23,0,0
BRDA:229,23,1,0
BRDA:235,24,0,0
BRDA:239,25,0,0
BRDA:240,26,0,0
BRDA:243,27,0,0
BRDA:245,28,0,0
BRDA:245,28,1,0
BRDA:245,28,2,0
BRDA:270,29,0,0
BRDA:272,30,0,0
BRDA:272,30,1,0
BRDA:273,31,0,0
BRDA:273,32,0,0
BRDA:273,32,1,0
BRDA:304,33,0,0
BRDA:304,34,0,0
BRDA:304,34,1,0
BRDA:306,35,0,0
BRDA:318,36,0,0
BRDA:318,36,1,0
BRDA:319,37,0,0
BRDA:319,38,0,0
BRDA:319,38,1,0
BRDA:331,39,0,0
BRDA:331,39,1,0
BRDA:340,40,0,0
BRDA:347,41,0,0
BRDA:347,41,1,0
BRDA:349,42,0,0
BRDA:349,42,1,0
BRDA:351,43,0,0
BRDA:351,43,1,0
BRDA:352,44,0,0
BRDA:352,44,1,0
BRDA:353,45,0,0
BRDA:353,45,1,0
BRDA:354,46,0,0
BRDA:354,46,1,0
BRDA:355,47,0,0
BRDA:355,47,1,0
BRDA:383,48,0,0
BRDA:383,49,0,0
BRDA:383,49,1,0
BRDA:389,50,0,0
BRDA:389,50,1,0
BRDA:390,51,0,0
BRDA:395,52,0,0
BRDA:395,52,1,0
BRDA:397,53,0,0
BRDA:397,53,1,0
BRDA:400,54,0,0
BRDA:400,54,1,0
BRDA:411,55,0,0
BRDA:417,56,0,0
BRDA:454,57,0,0
BRDA:454,57,1,0
BRDA:455,58,0,0
BRDA:455,58,1,0
BRDA:458,59,0,0
BRDA:477,60,0,0
BRDA:511,61,0,0
BRDA:515,62,0,0
BRDA:540,63,0,0
BRDA:549,64,0,0
BRDA:555,65,0,0
BRDA:555,65,1,0
BRDA:557,66,0,0
BRDA:557,66,1,0
BRDA:558,67,0,0
BRDA:558,67,1,0
BRDA:559,68,0,0
BRDA:559,68,1,0
BRDA:560,69,0,0
BRDA:560,69,1,0
BRDA:561,70,0,0
BRDA:561,70,1,0
BRDA:562,71,0,0
BRDA:562,71,1,0
BRDA:563,72,0,0
BRDA:563,72,1,0
BRDA:564,73,0,0
BRDA:564,73,1,0
BRDA:565,74,0,0
BRDA:565,74,1,0
BRDA:566,75,0,0
BRDA:566,75,1,0
BRDA:567,76,0,0
BRDA:567,76,1,0
BRDA:568,77,0,0
BRDA:568,77,1,0
BRDA:569,78,0,0
BRDA:569,78,1,0
BRDA:570,79,0,0
BRDA:570,79,1,0
BRDA:571,80,0,0
BRDA:571,80,1,0
BRF:131
BRH:0
end_of_record
TN:
SF:src/tests/auth/test-accounts-data.ts
FNF:0
FNH:0
DA:20,0
DA:319,0
DA:368,0
LF:3
LH:0
BRF:0
BRH:0
end_of_record
TN:
SF:src/types/notifications.ts
FN:1,(anonymous_0)
FNF:1
FNH:0
FNDA:0,(anonymous_0)
DA:1,0
DA:2,0
DA:3,0
DA:4,0
DA:5,0
LF:5
LH:0
BRDA:1,0,0,0
BRDA:1,0,1,0
BRF:2
BRH:0
end_of_record
TN:
SF:src/utils/dataIntegrity.ts
FN:28,(anonymous_0)
FN:72,(anonymous_1)
FN:95,(anonymous_2)
FN:101,(anonymous_3)
FN:107,(anonymous_4)
FN:114,(anonymous_5)
FN:124,(anonymous_6)
FN:130,(anonymous_7)
FN:137,(anonymous_8)
FN:146,(anonymous_9)
FN:153,(anonymous_10)
FN:160,(anonymous_11)
FN:161,(anonymous_12)
FN:168,(anonymous_13)
FN:179,(anonymous_14)
FN:186,(anonymous_15)
FN:187,(anonymous_16)
FN:194,(anonymous_17)
FN:203,(anonymous_18)
FN:209,(anonymous_19)
FN:215,(anonymous_20)
FN:228,(anonymous_21)
FN:234,(anonymous_22)
FN:248,(anonymous_23)
FN:254,(anonymous_24)
FN:267,(anonymous_25)
FN:280,(anonymous_26)
FN:297,(anonymous_27)
FN:306,(anonymous_28)
FNF:29
FNH:0
FNDA:0,(anonymous_0)
FNDA:0,(anonymous_1)
FNDA:0,(anonymous_2)
FNDA:0,(anonymous_3)
FNDA:0,(anonymous_4)
FNDA:0,(anonymous_5)
FNDA:0,(anonymous_6)
FNDA:0,(anonymous_7)
FNDA:0,(anonymous_8)
FNDA:0,(anonymous_9)
FNDA:0,(anonymous_10)
FNDA:0,(anonymous_11)
FNDA:0,(anonymous_12)
FNDA:0,(anonymous_13)
FNDA:0,(anonymous_14)
FNDA:0,(anonymous_15)
FNDA:0,(anonymous_16)
FNDA:0,(anonymous_17)
FNDA:0,(anonymous_18)
FNDA:0,(anonymous_19)
FNDA:0,(anonymous_20)
FNDA:0,(anonymous_21)
FNDA:0,(anonymous_22)
FNDA:0,(anonymous_23)
FNDA:0,(anonymous_24)
FNDA:0,(anonymous_25)
FNDA:0,(anonymous_26)
FNDA:0,(anonymous_27)
FNDA:0,(anonymous_28)
DA:29,0
DA:42,0
DA:44,0
DA:47,0
DA:50,0
DA:53,0
DA:56,0
DA:59,0
DA:62,0
DA:63,0
DA:66,0
DA:74,0
DA:77,0
DA:80,0
DA:83,0
DA:86,0
DA:89,0
DA:97,0
DA:101,0
DA:103,0
DA:107,0
DA:108,0
DA:111,0
DA:112,0
DA:113,0
DA:114,0
DA:115,0
DA:120,0
DA:124,0
DA:126,0
DA:130,0
DA:131,0
DA:134,0
DA:135,0
DA:136,0
DA:137,0
DA:138,0
DA:148,0
DA:152,0
DA:153,0
DA:154,0
DA:155,0
DA:156,0
DA:159,0
DA:160,0
DA:162,0
DA:163,0
DA:166,0
DA:167,0
DA:168,0
DA:169,0
DA:174,0
DA:178,0
DA:179,0
DA:180,0
DA:181,0
DA:182,0
DA:185,0
DA:186,0
DA:188,0
DA:189,0
DA:192,0
DA:193,0
DA:194,0
DA:195,0
DA:205,0
DA:209,0
DA:210,0
DA:213,0
DA:214,0
DA:215,0
DA:216,0
DA:217,0
DA:218,0
DA:219,0
DA:224,0
DA:228,0
DA:229,0
DA:232,0
DA:233,0
DA:234,0
DA:235,0
DA:236,0
DA:237,0
DA:238,0
DA:239,0
DA:244,0
DA:248,0
DA:249,0
DA:252,0
DA:253,0
DA:254,0
DA:255,0
DA:256,0
DA:257,0
DA:258,0
DA:259,0
DA:269,0
DA:278,0
DA:279,0
DA:280,0
DA:281,0
DA:286,0
DA:295,0
DA:296,0
DA:297,0
DA:298,0
DA:307,0
DA:320,0
DA:322,0
DA:328,0
DA:329,0
DA:330,0
DA:331,0
DA:335,0
DA:339,0
DA:341,0
DA:345,0
DA:347,0
DA:350,0
DA:351,0
DA:354,0
LF:122
LH:0
BRDA:77,0,0,0
BRDA:77,0,1,0
BRDA:83,1,0,0
BRDA:83,1,1,0
BRDA:89,2,0,0
BRDA:89,2,1,0
BRDA:101,3,0,0
BRDA:101,3,1,0
BRDA:107,4,0,0
BRDA:107,4,1,0
BRDA:111,5,0,0
BRDA:124,6,0,0
BRDA:124,6,1,0
BRDA:130,7,0,0
BRDA:130,7,1,0
BRDA:134,8,0,0
BRDA:155,9,0,0
BRDA:155,9,1,0
BRDA:166,10,0,0
BRDA:181,11,0,0
BRDA:181,11,1,0
BRDA:192,12,0,0
BRDA:209,13,0,0
BRDA:209,13,1,0
BRDA:210,14,0,0
BRDA:210,14,1,0
BRDA:213,15,0,0
BRDA:217,16,0,0
BRDA:218,17,0,0
BRDA:228,18,0,0
BRDA:228,18,1,0
BRDA:229,19,0,0
BRDA:229,19,1,0
BRDA:229,19,2,0
BRDA:232,20,0,0
BRDA:236,21,0,0
BRDA:237,22,0,0
BRDA:238,23,0,0
BRDA:248,24,0,0
BRDA:248,24,1,0
BRDA:249,25,0,0
BRDA:249,25,1,0
BRDA:249,25,2,0
BRDA:252,26,0,0
BRDA:256,27,0,0
BRDA:257,28,0,0
BRDA:258,29,0,0
BRDA:278,30,0,0
BRDA:278,31,0,0
BRDA:278,31,1,0
BRDA:295,32,0,0
BRDA:295,33,0,0
BRDA:295,33,1,0
BRDA:328,34,0,0
BRDA:339,35,0,0
BRDA:339,35,1,0
BRDA:345,36,0,0
BRDA:345,36,1,0
BRF:58
BRH:0
end_of_record
