TN:
SF:src/App.tsx
FN:5,App
FNF:1
FNH:0
FNDA:0,App
DA:6,0
LF:1
LH:0
BRF:0
BRH:0
end_of_record
TN:
SF:src/router.tsx
FN:22,(anonymous_0)
FN:26,(anonymous_1)
FN:30,(anonymous_2)
FN:34,(anonymous_3)
FN:38,(anonymous_4)
FN:42,(anonymous_5)
FN:58,(anonymous_6)
FN:62,(anonymous_7)
FN:66,(anonymous_8)
FN:70,(anonymous_9)
FN:74,(anonymous_10)
FN:78,(anonymous_11)
FN:104,(anonymous_12)
FN:104,(anonymous_13)
FN:117,AppRouter
FNF:15
FNH:0
FNDA:0,(anonymous_0)
FNDA:0,(anonymous_1)
FNDA:0,(anonymous_2)
FNDA:0,(anonymous_3)
FNDA:0,(anonymous_4)
FNDA:0,(anonymous_5)
FNDA:0,(anonymous_6)
FNDA:0,(anonymous_7)
FNDA:0,(anonymous_8)
FNDA:0,(anonymous_9)
FNDA:0,(anonymous_10)
FNDA:0,(anonymous_11)
FNDA:0,(anonymous_12)
FNDA:0,(anonymous_13)
FNDA:0,AppRouter
DA:12,0
DA:22,0
DA:26,0
DA:30,0
DA:34,0
DA:38,0
DA:42,0
DA:48,0
DA:58,0
DA:62,0
DA:66,0
DA:70,0
DA:74,0
DA:78,0
DA:84,0
DA:104,0
DA:118,0
LF:17
LH:0
BRF:0
BRH:0
end_of_record
TN:
SF:src/api/index.ts
FN:10,(anonymous_0)
FN:23,(anonymous_1)
FNF:2
FNH:0
FNDA:0,(anonymous_0)
FNDA:0,(anonymous_1)
DA:7,0
DA:10,0
DA:11,0
DA:23,0
DA:24,0
DA:33,0
LF:6
LH:0
BRDA:28,0,0,0
BRDA:28,0,1,0
BRF:2
BRH:0
end_of_record
TN:
SF:src/api/inventory.ts
FN:46,(anonymous_0)
FN:88,(anonymous_1)
FN:131,(anonymous_2)
FN:168,(anonymous_3)
FN:197,(anonymous_4)
FN:221,(anonymous_5)
FN:247,(anonymous_6)
FN:288,(anonymous_7)
FN:324,(anonymous_8)
FN:360,(anonymous_9)
FN:391,(anonymous_10)
FN:423,(anonymous_11)
FN:454,(anonymous_12)
FN:484,(anonymous_13)
FN:528,(anonymous_14)
FN:573,(anonymous_15)
FNF:16
FNH:0
FNDA:0,(anonymous_0)
FNDA:0,(anonymous_1)
FNDA:0,(anonymous_2)
FNDA:0,(anonymous_3)
FNDA:0,(anonymous_4)
FNDA:0,(anonymous_5)
FNDA:0,(anonymous_6)
FNDA:0,(anonymous_7)
FNDA:0,(anonymous_8)
FNDA:0,(anonymous_9)
FNDA:0,(anonymous_10)
FNDA:0,(anonymous_11)
FNDA:0,(anonymous_12)
FNDA:0,(anonymous_13)
FNDA:0,(anonymous_14)
FNDA:0,(anonymous_15)
DA:22,0
DA:23,0
DA:24,0
DA:34,0
DA:47,0
DA:48,0
DA:58,0
DA:60,0
DA:71,0
DA:72,0
DA:84,0
DA:89,0
DA:90,0
DA:92,0
DA:93,0
DA:99,0
DA:104,0
DA:105,0
DA:117,0
DA:132,0
DA:133,0
DA:134,0
DA:136,0
DA:142,0
DA:143,0
DA:155,0
DA:169,0
DA:170,0
DA:171,0
DA:173,0
DA:179,0
DA:180,0
DA:192,0
DA:198,0
DA:199,0
DA:201,0
DA:206,0
DA:207,0
DA:219,0
DA:222,0
DA:223,0
DA:225,0
DA:230,0
DA:231,0
DA:243,0
DA:248,0
DA:249,0
DA:251,0
DA:256,0
DA:257,0
DA:273,0
DA:289,0
DA:290,0
DA:291,0
DA:293,0
DA:299,0
DA:300,0
DA:312,0
DA:325,0
DA:326,0
DA:327,0
DA:329,0
DA:335,0
DA:336,0
DA:348,0
DA:361,0
DA:362,0
DA:363,0
DA:365,0
DA:371,0
DA:372,0
DA:384,0
DA:392,0
DA:393,0
DA:398,0
DA:403,0
DA:404,0
DA:416,0
DA:424,0
DA:425,0
DA:426,0
DA:428,0
DA:433,0
DA:434,0
DA:446,0
DA:455,0
DA:456,0
DA:462,0
DA:467,0
DA:468,0
DA:480,0
DA:485,0
DA:486,0
DA:487,0
DA:488,0
DA:494,0
DA:496,0
DA:501,0
DA:502,0
DA:514,0
DA:529,0
DA:530,0
DA:531,0
DA:532,0
DA:538,0
DA:544,0
DA:546,0
DA:552,0
DA:553,0
DA:565,0
DA:574,0
DA:575,0
DA:576,0
DA:582,0
DA:591,0
DA:592,0
LF:116
LH:0
BRDA:52,0,0,0
BRDA:52,0,1,0
BRDA:53,1,0,0
BRDA:53,1,1,0
BRDA:54,2,0,0
BRDA:54,2,1,0
BRDA:55,3,0,0
BRDA:55,3,1,0
BRDA:74,4,0,0
BRDA:74,4,1,0
BRDA:92,5,0,0
BRDA:107,6,0,0
BRDA:107,6,1,0
BRDA:145,7,0,0
BRDA:145,7,1,0
BRDA:182,8,0,0
BRDA:182,8,1,0
BRDA:209,9,0,0
BRDA:209,9,1,0
BRDA:233,10,0,0
BRDA:233,10,1,0
BRDA:259,11,0,0
BRDA:259,11,1,0
BRDA:302,12,0,0
BRDA:302,12,1,0
BRDA:338,13,0,0
BRDA:338,13,1,0
BRDA:374,14,0,0
BRDA:374,14,1,0
BRDA:406,15,0,0
BRDA:406,15,1,0
BRDA:425,16,0,0
BRDA:425,16,1,0
BRDA:436,17,0,0
BRDA:436,17,1,0
BRDA:470,18,0,0
BRDA:470,18,1,0
BRDA:487,19,0,0
BRDA:504,20,0,0
BRDA:504,20,1,0
BRDA:531,21,0,0
BRDA:555,22,0,0
BRDA:555,22,1,0
BRDA:594,23,0,0
BRDA:594,23,1,0
BRF:45
BRH:0
end_of_record
TN:
SF:src/components/auth/PermissionGuard.tsx
FN:18,PermissionGuard
FN:34,(anonymous_1)
FN:35,(anonymous_2)
FN:108,(anonymous_3)
FN:154,(anonymous_4)
FN:160,(anonymous_5)
FN:189,PermissionWrapper
FN:235,PermissionAlert
FNF:8
FNH:0
FNDA:0,PermissionGuard
FNDA:0,(anonymous_1)
FNDA:0,(anonymous_2)
FNDA:0,(anonymous_3)
FNDA:0,(anonymous_4)
FNDA:0,(anonymous_5)
FNDA:0,PermissionWrapper
FNDA:0,PermissionAlert
DA:28,0
DA:29,0
DA:30,0
DA:31,0
DA:32,0
DA:34,0
DA:35,0
DA:36,0
DA:37,0
DA:39,0
DA:41,0
DA:42,0
DA:43,0
DA:44,0
DA:48,0
DA:49,0
DA:50,0
DA:51,0
DA:55,0
DA:56,0
DA:57,0
DA:58,0
DA:59,0
DA:60,0
DA:64,0
DA:65,0
DA:66,0
DA:67,0
DA:71,0
DA:72,0
DA:73,0
DA:74,0
DA:79,0
DA:80,0
DA:81,0
DA:82,0
DA:86,0
DA:87,0
DA:88,0
DA:89,0
DA:90,0
DA:94,0
DA:96,0
DA:97,0
DA:98,0
DA:100,0
DA:104,0
DA:108,0
DA:109,0
DA:110,0
DA:111,0
DA:113,0
DA:118,0
DA:119,0
DA:130,0
DA:132,0
DA:133,0
DA:137,0
DA:138,0
DA:154,0
DA:160,0
DA:172,0
DA:176,0
DA:197,0
DA:198,0
DA:201,0
DA:202,0
DA:206,0
DA:207,0
DA:211,0
DA:212,0
DA:216,0
DA:217,0
DA:221,0
DA:222,0
DA:225,0
DA:240,0
DA:246,0
DA:252,0
DA:258,0
LF:80
LH:0
BRDA:20,0,0,0
BRDA:26,1,0,0
BRDA:41,2,0,0
BRDA:48,3,0,0
BRDA:55,4,0,0
BRDA:57,5,0,0
BRDA:58,6,0,0
BRDA:58,6,1,0
BRDA:64,7,0,0
BRDA:65,8,0,0
BRDA:65,8,1,0
BRDA:71,9,0,0
BRDA:71,10,0,0
BRDA:71,10,1,0
BRDA:71,10,2,0
BRDA:79,11,0,0
BRDA:79,12,0,0
BRDA:79,12,1,0
BRDA:87,13,0,0
BRDA:109,14,0,0
BRDA:109,15,0,0
BRDA:109,15,1,0
BRDA:109,15,2,0
BRDA:110,16,0,0
BRDA:110,17,0,0
BRDA:110,17,1,0
BRDA:118,18,0,0
BRDA:130,19,0,0
BRDA:132,20,0,0
BRDA:137,21,0,0
BRDA:150,22,0,0
BRDA:150,22,1,0
BRDA:195,23,0,0
BRDA:201,24,0,0
BRDA:206,25,0,0
BRDA:206,26,0,0
BRDA:206,26,1,0
BRDA:211,27,0,0
BRDA:211,28,0,0
BRDA:211,28,1,0
BRDA:211,28,2,0
BRDA:216,29,0,0
BRDA:216,30,0,0
BRDA:216,30,1,0
BRDA:221,31,0,0
BRDA:221,32,0,0
BRDA:221,32,1,0
BRDA:236,33,0,0
BRDA:237,34,0,0
BRDA:238,35,0,0
BRDA:260,36,0,0
BRDA:260,36,1,0
BRF:52
BRH:0
end_of_record
TN:
SF:src/components/auth/ProtectedRoute.tsx
FN:12,ProtectedRoute
FN:41,(anonymous_1)
FN:59,(anonymous_2)
FNF:3
FNH:0
FNDA:0,ProtectedRoute
FNDA:0,(anonymous_1)
FNDA:0,(anonymous_2)
DA:17,0
DA:18,0
DA:20,0
DA:21,0
DA:28,0
DA:30,0
DA:33,0
DA:35,0
DA:41,0
DA:51,0
DA:53,0
DA:59,0
DA:69,0
LF:13
LH:0
BRDA:20,0,0,0
BRDA:28,1,0,0
BRDA:33,2,0,0
BRDA:33,3,0,0
BRDA:33,3,1,0
BRDA:51,4,0,0
BRDA:51,5,0,0
BRDA:51,5,1,0
BRF:8
BRH:0
end_of_record
TN:
SF:src/components/common/Navigation.tsx
FN:19,Navigation
FN:28,(anonymous_1)
FN:52,(anonymous_2)
FN:55,(anonymous_3)
FN:72,(anonymous_4)
FN:107,(anonymous_5)
FN:110,(anonymous_6)
FN:134,StyleGuideNavigation
FN:158,ExampleNavigation
FNF:9
FNH:0
FNDA:0,Navigation
FNDA:0,(anonymous_1)
FNDA:0,(anonymous_2)
FNDA:0,(anonymous_3)
FNDA:0,(anonymous_4)
FNDA:0,(anonymous_5)
FNDA:0,(anonymous_6)
FNDA:0,StyleGuideNavigation
FNDA:0,ExampleNavigation
DA:26,0
DA:28,0
DA:29,0
DA:30,0
DA:31,0
DA:32,0
DA:36,0
DA:39,0
DA:53,0
DA:55,0
DA:72,0
DA:108,0
DA:110,0
DA:138,0
DA:146,0
DA:159,0
DA:161,0
DA:168,0
LF:18
LH:0
BRDA:24,0,0,0
BRDA:29,1,0,0
BRDA:29,1,1,0
BRDA:31,2,0,0
BRDA:57,3,0,0
BRDA:57,3,1,0
BRDA:77,4,0,0
BRDA:77,4,1,0
BRDA:83,5,0,0
BRDA:83,5,1,0
BRDA:104,6,0,0
BRDA:104,6,1,0
BRDA:112,7,0,0
BRDA:112,7,1,0
BRF:14
BRH:0
end_of_record
TN:
SF:src/components/dashboard/BrandDashboard.tsx
FN:20,(anonymous_0)
FN:59,(anonymous_1)
FN:63,(anonymous_2)
FN:81,(anonymous_3)
FN:96,(anonymous_4)
FN:125,(anonymous_5)
FN:134,(anonymous_6)
FN:150,(anonymous_7)
FN:156,(anonymous_8)
FN:199,(anonymous_9)
FN:238,(anonymous_10)
FN:247,(anonymous_11)
FN:257,(anonymous_12)
FN:271,(anonymous_13)
FN:283,(anonymous_14)
FN:294,(anonymous_15)
FN:305,(anonymous_16)
FN:323,(anonymous_17)
FN:334,(anonymous_18)
FN:345,(anonymous_19)
FN:369,(anonymous_20)
FN:371,(anonymous_21)
FN:385,(anonymous_22)
FNF:23
FNH:0
FNDA:0,(anonymous_0)
FNDA:0,(anonymous_1)
FNDA:0,(anonymous_2)
FNDA:0,(anonymous_3)
FNDA:0,(anonymous_4)
FNDA:0,(anonymous_5)
FNDA:0,(anonymous_6)
FNDA:0,(anonymous_7)
FNDA:0,(anonymous_8)
FNDA:0,(anonymous_9)
FNDA:0,(anonymous_10)
FNDA:0,(anonymous_11)
FNDA:0,(anonymous_12)
FNDA:0,(anonymous_13)
FNDA:0,(anonymous_14)
FNDA:0,(anonymous_15)
FNDA:0,(anonymous_16)
FNDA:0,(anonymous_17)
FNDA:0,(anonymous_18)
FNDA:0,(anonymous_19)
FNDA:0,(anonymous_20)
FNDA:0,(anonymous_21)
FNDA:0,(anonymous_22)
DA:20,0
DA:21,0
DA:22,0
DA:23,0
DA:24,0
DA:25,0
DA:26,0
DA:28,0
DA:29,0
DA:32,0
DA:59,0
DA:60,0
DA:63,0
DA:64,0
DA:65,0
DA:68,0
DA:69,0
DA:72,0
DA:73,0
DA:75,0
DA:77,0
DA:81,0
DA:82,0
DA:83,0
DA:88,0
DA:89,0
DA:90,0
DA:92,0
DA:96,0
DA:97,0
DA:125,0
DA:126,0
DA:127,0
DA:128,0
DA:130,0
DA:134,0
DA:135,0
DA:147,0
DA:150,0
DA:151,0
DA:153,0
DA:154,0
DA:156,0
DA:157,0
DA:158,0
DA:159,0
DA:160,0
DA:164,0
DA:165,0
DA:168,0
DA:169,0
DA:172,0
DA:199,0
DA:238,0
DA:247,0
DA:257,0
DA:271,0
DA:283,0
DA:294,0
DA:305,0
DA:323,0
DA:334,0
DA:345,0
DA:370,0
DA:372,0
DA:373,0
DA:386,0
DA:387,0
LF:68
LH:0
BRDA:147,0,0,0
BRDA:147,0,1,0
BRDA:151,1,0,0
BRDA:158,2,0,0
BRDA:159,3,0,0
BRDA:164,4,0,0
BRDA:168,5,0,0
BRDA:203,6,0,0
BRDA:203,6,1,0
BRDA:363,7,0,0
BRDA:363,7,1,0
BRDA:379,8,0,0
BRDA:379,8,1,0
BRDA:380,9,0,0
BRDA:380,9,1,0
BRDA:390,10,0,0
BRDA:390,10,1,0
BRDA:400,11,0,0
BRDA:400,11,1,0
BRDA:405,12,0,0
BRDA:405,12,1,0
BRDA:414,13,0,0
BRDA:414,13,1,0
BRDA:438,14,0,0
BRDA:438,14,1,0
BRDA:454,15,0,0
BRDA:454,15,1,0
BRDA:455,16,0,0
BRDA:455,16,1,0
BRDA:465,17,0,0
BRDA:465,17,1,0
BRDA:474,18,0,0
BRDA:474,18,1,0
BRDA:504,19,0,0
BRDA:504,19,1,0
BRDA:508,20,0,0
BRDA:508,20,1,0
BRDA:514,21,0,0
BRDA:514,21,1,0
BRDA:520,22,0,0
BRDA:520,22,1,0
BRDA:531,23,0,0
BRDA:531,23,1,0
BRF:43
BRH:0
end_of_record
TN:
SF:src/components/dashboard/CategoryManagement.tsx
FN:18,(anonymous_0)
FN:26,(anonymous_1)
FN:49,(anonymous_2)
FN:71,(anonymous_3)
FN:89,(anonymous_4)
FN:101,(anonymous_5)
FN:118,(anonymous_6)
FN:153,(anonymous_7)
FN:159,(anonymous_8)
FN:174,(anonymous_9)
FN:183,(anonymous_10)
FNF:11
FNH:0
FNDA:0,(anonymous_0)
FNDA:0,(anonymous_1)
FNDA:0,(anonymous_2)
FNDA:0,(anonymous_3)
FNDA:0,(anonymous_4)
FNDA:0,(anonymous_5)
FNDA:0,(anonymous_6)
FNDA:0,(anonymous_7)
FNDA:0,(anonymous_8)
FNDA:0,(anonymous_9)
FNDA:0,(anonymous_10)
DA:18,0
DA:19,0
DA:20,0
DA:21,0
DA:22,0
DA:23,0
DA:26,0
DA:27,0
DA:28,0
DA:29,0
DA:31,0
DA:32,0
DA:36,0
DA:49,0
DA:50,0
DA:52,0
DA:53,0
DA:54,0
DA:59,0
DA:60,0
DA:61,0
DA:62,0
DA:64,0
DA:65,0
DA:67,0
DA:71,0
DA:72,0
DA:73,0
DA:74,0
DA:75,0
DA:78,0
DA:90,0
DA:92,0
DA:102,0
DA:118,0
DA:153,0
DA:160,0
DA:174,0
DA:183,0
LF:39
LH:0
BRDA:27,0,0,0
BRDA:27,0,1,0
BRDA:28,1,0,0
BRDA:50,2,0,0
BRDA:56,3,0,0
BRDA:56,3,1,0
BRDA:73,4,0,0
BRDA:73,4,1,0
BRDA:74,5,0,0
BRDA:74,5,1,0
BRDA:90,6,0,0
BRDA:90,6,1,0
BRDA:99,7,0,0
BRDA:99,7,1,0
BRDA:109,8,0,0
BRDA:109,8,1,0
BRDA:192,9,0,0
BRDA:192,9,1,0
BRF:18
BRH:0
end_of_record
TN:
SF:src/components/dashboard/CompanyDashboard.tsx
FN:23,(anonymous_0)
FN:65,(anonymous_1)
FN:69,(anonymous_2)
FN:95,(anonymous_3)
FN:117,(anonymous_4)
FN:150,(anonymous_5)
FN:192,(anonymous_6)
FN:229,(anonymous_7)
FN:238,(anonymous_8)
FN:247,(anonymous_9)
FN:255,(anonymous_10)
FN:261,(anonymous_11)
FN:274,(anonymous_12)
FN:287,(anonymous_13)
FN:288,(anonymous_14)
FN:352,(anonymous_15)
FN:365,(anonymous_16)
FN:374,(anonymous_17)
FN:383,(anonymous_18)
FN:394,(anonymous_19)
FN:403,(anonymous_20)
FN:411,(anonymous_21)
FN:420,(anonymous_22)
FN:433,(anonymous_23)
FN:441,(anonymous_24)
FN:449,(anonymous_25)
FN:469,(anonymous_26)
FN:470,(anonymous_27)
FNF:28
FNH:0
FNDA:0,(anonymous_0)
FNDA:0,(anonymous_1)
FNDA:0,(anonymous_2)
FNDA:0,(anonymous_3)
FNDA:0,(anonymous_4)
FNDA:0,(anonymous_5)
FNDA:0,(anonymous_6)
FNDA:0,(anonymous_7)
FNDA:0,(anonymous_8)
FNDA:0,(anonymous_9)
FNDA:0,(anonymous_10)
FNDA:0,(anonymous_11)
FNDA:0,(anonymous_12)
FNDA:0,(anonymous_13)
FNDA:0,(anonymous_14)
FNDA:0,(anonymous_15)
FNDA:0,(anonymous_16)
FNDA:0,(anonymous_17)
FNDA:0,(anonymous_18)
FNDA:0,(anonymous_19)
FNDA:0,(anonymous_20)
FNDA:0,(anonymous_21)
FNDA:0,(anonymous_22)
FNDA:0,(anonymous_23)
FNDA:0,(anonymous_24)
FNDA:0,(anonymous_25)
FNDA:0,(anonymous_26)
FNDA:0,(anonymous_27)
DA:23,0
DA:24,0
DA:25,0
DA:26,0
DA:27,0
DA:28,0
DA:29,0
DA:30,0
DA:32,0
DA:33,0
DA:34,0
DA:37,0
DA:46,0
DA:65,0
DA:66,0
DA:69,0
DA:70,0
DA:71,0
DA:74,0
DA:75,0
DA:78,0
DA:79,0
DA:82,0
DA:83,0
DA:84,0
DA:85,0
DA:87,0
DA:89,0
DA:91,0
DA:95,0
DA:96,0
DA:97,0
DA:102,0
DA:103,0
DA:111,0
DA:113,0
DA:117,0
DA:118,0
DA:119,0
DA:124,0
DA:125,0
DA:144,0
DA:146,0
DA:150,0
DA:151,0
DA:163,0
DA:166,0
DA:167,0
DA:170,0
DA:192,0
DA:229,0
DA:238,0
DA:247,0
DA:255,0
DA:262,0
DA:274,0
DA:288,0
DA:289,0
DA:353,0
DA:365,0
DA:374,0
DA:383,0
DA:394,0
DA:403,0
DA:411,0
DA:420,0
DA:433,0
DA:441,0
DA:449,0
DA:470,0
DA:471,0
LF:71
LH:0
BRDA:163,0,0,0
BRDA:163,0,1,0
BRDA:166,1,0,0
BRDA:294,2,0,0
BRDA:294,2,1,0
BRDA:295,3,0,0
BRDA:295,3,1,0
BRDA:310,4,0,0
BRDA:310,4,1,0
BRDA:476,5,0,0
BRDA:476,5,1,0
BRDA:477,6,0,0
BRDA:477,6,1,0
BRDA:489,7,0,0
BRDA:489,7,1,0
BRDA:494,8,0,0
BRDA:494,8,1,0
BRF:17
BRH:0
end_of_record
TN:
SF:src/components/dashboard/DashboardSwitcher.tsx
FN:11,DashboardSwitcher
FN:25,(anonymous_1)
FN:51,(anonymous_2)
FN:95,(anonymous_3)
FN:113,(anonymous_4)
FN:132,(anonymous_5)
FN:146,(anonymous_6)
FN:165,(anonymous_7)
FN:168,(anonymous_8)
FNF:9
FNH:0
FNDA:0,DashboardSwitcher
FNDA:0,(anonymous_1)
FNDA:0,(anonymous_2)
FNDA:0,(anonymous_3)
FNDA:0,(anonymous_4)
FNDA:0,(anonymous_5)
FNDA:0,(anonymous_6)
FNDA:0,(anonymous_7)
FNDA:0,(anonymous_8)
DA:12,0
DA:13,0
DA:14,0
DA:15,0
DA:17,0
DA:18,0
DA:21,0
DA:22,0
DA:23,0
DA:25,0
DA:26,0
DA:27,0
DA:28,0
DA:31,0
DA:32,0
DA:33,0
DA:37,0
DA:38,0
DA:40,0
DA:45,0
DA:47,0
DA:51,0
DA:52,0
DA:53,0
DA:54,0
DA:57,0
DA:58,0
DA:59,0
DA:60,0
DA:61,0
DA:63,0
DA:66,0
DA:68,0
DA:72,0
DA:95,0
DA:113,0
DA:132,0
DA:148,0
DA:166,0
DA:168,0
LF:40
LH:0
BRDA:11,0,0,0
BRDA:17,1,0,0
BRDA:26,2,0,0
BRDA:27,3,0,0
BRDA:27,3,1,0
BRDA:33,4,0,0
BRDA:33,4,1,0
BRDA:34,5,0,0
BRDA:34,5,1,0
BRDA:38,6,0,0
BRDA:40,7,0,0
BRDA:40,7,1,0
BRDA:41,8,0,0
BRDA:41,8,1,0
BRDA:42,9,0,0
BRDA:42,9,1,0
BRDA:52,10,0,0
BRDA:60,11,0,0
BRDA:77,12,0,0
BRDA:77,12,1,0
BRDA:83,13,0,0
BRDA:83,13,1,0
BRDA:85,14,0,0
BRDA:85,14,1,0
BRDA:91,15,0,0
BRDA:91,15,1,0
BRDA:93,16,0,0
BRDA:93,16,1,0
BRDA:96,17,0,0
BRDA:96,17,1,0
BRDA:99,18,0,0
BRDA:99,18,1,0
BRDA:103,19,0,0
BRDA:103,19,1,0
BRDA:111,20,0,0
BRDA:111,20,1,0
BRDA:114,21,0,0
BRDA:114,21,1,0
BRDA:117,22,0,0
BRDA:117,22,1,0
BRDA:121,23,0,0
BRDA:121,23,1,0
BRDA:130,24,0,0
BRDA:130,24,1,0
BRDA:130,24,2,0
BRDA:144,25,0,0
BRDA:144,25,1,0
BRDA:159,26,0,0
BRDA:159,26,1,0
BRDA:169,27,0,0
BRDA:169,27,1,0
BRDA:172,28,0,0
BRDA:172,28,1,0
BRDA:176,29,0,0
BRDA:176,29,1,0
BRDA:179,30,0,0
BRDA:179,30,1,0
BRDA:180,31,0,0
BRDA:180,31,1,0
BRDA:191,32,0,0
BRDA:191,32,1,0
BRF:61
BRH:0
end_of_record
TN:
SF:src/components/dashboard/InventoryAlerts.tsx
FN:64,(anonymous_0)
FN:77,(anonymous_1)
FN:90,InventoryAlerts
FN:101,(anonymous_3)
FNF:4
FNH:0
FNDA:0,(anonymous_0)
FNDA:0,(anonymous_1)
FNDA:0,InventoryAlerts
FNDA:0,(anonymous_3)
DA:17,0
DA:64,0
DA:65,0
DA:67,0
DA:69,0
DA:71,0
DA:73,0
DA:77,0
DA:78,0
DA:80,0
DA:82,0
DA:84,0
DA:86,0
DA:91,0
DA:102,0
LF:15
LH:0
BRDA:65,0,0,0
BRDA:65,0,1,0
BRDA:65,0,2,0
BRDA:65,0,3,0
BRDA:78,1,0,0
BRDA:78,1,1,0
BRDA:78,1,2,0
BRDA:78,1,3,0
BRDA:111,2,0,0
BRDA:111,2,1,0
BRDA:111,3,0,0
BRDA:111,3,1,0
BRDA:137,4,0,0
BRDA:137,4,1,0
BRF:14
BRH:0
end_of_record
TN:
SF:src/components/dashboard/OrderSummary.tsx
FN:84,(anonymous_0)
FN:99,(anonymous_1)
FN:114,(anonymous_2)
FN:121,(anonymous_3)
FN:125,(anonymous_4)
FN:138,(anonymous_5)
FN:151,OrderSummary
FN:161,(anonymous_7)
FN:191,(anonymous_8)
FNF:9
FNH:0
FNDA:0,(anonymous_0)
FNDA:0,(anonymous_1)
FNDA:0,(anonymous_2)
FNDA:0,(anonymous_3)
FNDA:0,(anonymous_4)
FNDA:0,(anonymous_5)
FNDA:0,OrderSummary
FNDA:0,(anonymous_7)
FNDA:0,(anonymous_8)
DA:23,0
DA:54,0
DA:84,0
DA:85,0
DA:87,0
DA:89,0
DA:91,0
DA:93,0
DA:95,0
DA:99,0
DA:100,0
DA:102,0
DA:104,0
DA:106,0
DA:108,0
DA:110,0
DA:114,0
DA:115,0
DA:121,0
DA:122,0
DA:125,0
DA:126,0
DA:128,0
DA:130,0
DA:132,0
DA:134,0
DA:138,0
DA:139,0
DA:141,0
DA:143,0
DA:145,0
DA:147,0
DA:152,0
DA:162,0
DA:192,0
LF:35
LH:0
BRDA:85,0,0,0
BRDA:85,0,1,0
BRDA:85,0,2,0
BRDA:85,0,3,0
BRDA:85,0,4,0
BRDA:100,1,0,0
BRDA:100,1,1,0
BRDA:100,1,2,0
BRDA:100,1,3,0
BRDA:100,1,4,0
BRDA:126,2,0,0
BRDA:126,2,1,0
BRDA:126,2,2,0
BRDA:126,2,3,0
BRDA:139,3,0,0
BRDA:139,3,1,0
BRDA:139,3,2,0
BRDA:139,3,3,0
BRDA:166,4,0,0
BRDA:166,4,1,0
BRDA:169,5,0,0
BRDA:169,5,1,0
BRF:22
BRH:0
end_of_record
TN:
SF:src/components/dashboard/PopularItems.tsx
FN:3,PopularItems
FN:63,(anonymous_1)
FN:120,(anonymous_2)
FN:126,(anonymous_3)
FNF:4
FNH:0
FNDA:0,PopularItems
FNDA:0,(anonymous_1)
FNDA:0,(anonymous_2)
FNDA:0,(anonymous_3)
DA:5,0
DA:53,0
DA:64,0
DA:65,0
DA:120,0
DA:126,0
LF:6
LH:0
BRDA:96,0,0,0
BRDA:96,0,1,0
BRDA:98,1,0,0
BRDA:98,1,1,0
BRF:4
BRH:0
end_of_record
TN:
SF:src/components/dashboard/RecentActivity.tsx
FN:62,(anonymous_0)
FN:79,RecentActivity
FN:90,(anonymous_2)
FNF:3
FNH:0
FNDA:0,(anonymous_0)
FNDA:0,RecentActivity
FNDA:0,(anonymous_2)
DA:14,0
DA:62,0
DA:63,0
DA:65,0
DA:67,0
DA:69,0
DA:71,0
DA:73,0
DA:75,0
DA:80,0
DA:91,0
LF:11
LH:0
BRDA:63,0,0,0
BRDA:63,0,1,0
BRDA:63,0,2,0
BRDA:63,0,3,0
BRDA:63,0,4,0
BRDA:63,0,5,0
BRF:6
BRH:0
end_of_record
TN:
SF:src/components/dashboard/RecentOrders.tsx
FN:4,RecentOrders
FN:54,(anonymous_1)
FN:69,(anonymous_2)
FN:84,(anonymous_3)
FN:105,(anonymous_4)
FN:164,(anonymous_5)
FNF:6
FNH:0
FNDA:0,RecentOrders
FNDA:0,(anonymous_1)
FNDA:0,(anonymous_2)
FNDA:0,(anonymous_3)
FNDA:0,(anonymous_4)
FNDA:0,(anonymous_5)
DA:6,0
DA:54,0
DA:55,0
DA:57,0
DA:59,0
DA:61,0
DA:63,0
DA:65,0
DA:69,0
DA:70,0
DA:72,0
DA:74,0
DA:76,0
DA:78,0
DA:80,0
DA:84,0
DA:85,0
DA:87,0
DA:89,0
DA:91,0
DA:95,0
DA:106,0
DA:164,0
LF:23
LH:0
BRDA:55,0,0,0
BRDA:55,0,1,0
BRDA:55,0,2,0
BRDA:55,0,3,0
BRDA:55,0,4,0
BRDA:70,1,0,0
BRDA:70,1,1,0
BRDA:70,1,2,0
BRDA:70,1,3,0
BRDA:70,1,4,0
BRDA:85,2,0,0
BRDA:85,2,1,0
BRDA:85,2,2,0
BRF:13
BRH:0
end_of_record
TN:
SF:src/components/dashboard/SalesChart.tsx
FN:3,SalesChart
FN:15,(anonymous_1)
FN:33,(anonymous_2)
FN:58,(anonymous_3)
FN:64,(anonymous_4)
FNF:5
FNH:0
FNDA:0,SalesChart
FNDA:0,(anonymous_1)
FNDA:0,(anonymous_2)
FNDA:0,(anonymous_3)
FNDA:0,(anonymous_4)
DA:5,0
DA:15,0
DA:17,0
DA:34,0
DA:35,0
DA:58,0
DA:64,0
LF:7
LH:0
BRF:0
BRH:0
end_of_record
TN:
SF:src/components/layouts/DashboardLayout.tsx
FN:12,DashboardLayout
FN:158,(anonymous_1)
FN:164,(anonymous_2)
FN:189,(anonymous_3)
FN:242,SidebarContent
FN:246,(anonymous_5)
FN:247,(anonymous_6)
FN:249,(anonymous_7)
FN:261,(anonymous_8)
FN:263,(anonymous_9)
FN:270,(anonymous_10)
FN:301,(anonymous_11)
FNF:12
FNH:0
FNDA:0,DashboardLayout
FNDA:0,(anonymous_1)
FNDA:0,(anonymous_2)
FNDA:0,(anonymous_3)
FNDA:0,SidebarContent
FNDA:0,(anonymous_5)
FNDA:0,(anonymous_6)
FNDA:0,(anonymous_7)
FNDA:0,(anonymous_8)
FNDA:0,(anonymous_9)
FNDA:0,(anonymous_10)
FNDA:0,(anonymous_11)
DA:13,0
DA:14,0
DA:15,0
DA:17,0
DA:18,0
DA:20,0
DA:93,0
DA:151,0
DA:153,0
DA:158,0
DA:164,0
DA:189,0
DA:243,0
DA:244,0
DA:246,0
DA:247,0
DA:248,0
DA:249,0
DA:254,0
DA:262,0
DA:263,0
DA:264,0
DA:266,0
DA:267,0
DA:270,0
DA:302,0
DA:303,0
DA:324,0
LF:28
LH:0
BRDA:151,0,0,0
BRDA:151,0,1,0
BRDA:156,1,0,0
BRDA:156,1,1,0
BRDA:204,2,0,0
BRDA:204,2,1,0
BRDA:248,3,0,0
BRDA:248,3,1,0
BRDA:262,4,0,0
BRDA:262,4,1,0
BRDA:262,4,2,0
BRDA:266,5,0,0
BRDA:272,6,0,0
BRDA:272,6,1,0
BRDA:280,7,0,0
BRDA:280,7,1,0
BRDA:290,8,0,0
BRDA:290,8,1,0
BRDA:299,9,0,0
BRDA:299,9,1,0
BRDA:308,10,0,0
BRDA:308,10,1,0
BRDA:329,11,0,0
BRDA:329,11,1,0
BRDA:336,12,0,0
BRDA:336,12,1,0
BRF:26
BRH:0
end_of_record
TN:
SF:src/components/layouts/RootLayout.tsx
FN:7,RootLayout
FNF:1
FNH:0
FNDA:0,RootLayout
DA:8,0
DA:10,0
DA:11,0
DA:14,0
LF:4
LH:0
BRDA:10,0,0,0
BRF:1
BRH:0
end_of_record
TN:
SF:src/components/styleguide/ColorPalette.tsx
FN:185,ColorPalette
FN:188,(anonymous_1)
FN:192,(anonymous_2)
FN:198,(anonymous_3)
FN:216,(anonymous_4)
FN:220,(anonymous_5)
FN:225,(anonymous_6)
FN:241,(anonymous_7)
FN:247,(anonymous_8)
FNF:9
FNH:0
FNDA:0,ColorPalette
FNDA:0,(anonymous_1)
FNDA:0,(anonymous_2)
FNDA:0,(anonymous_3)
FNDA:0,(anonymous_4)
FNDA:0,(anonymous_5)
FNDA:0,(anonymous_6)
FNDA:0,(anonymous_7)
FNDA:0,(anonymous_8)
DA:13,0
DA:177,0
DA:186,0
DA:188,0
DA:189,0
DA:190,0
DA:191,0
DA:192,0
DA:194,0
DA:198,0
DA:199,0
DA:200,0
DA:202,0
DA:203,0
DA:206,0
DA:217,0
DA:221,0
DA:225,0
DA:241,0
DA:247,0
LF:20
LH:0
BRDA:199,0,0,0
BRDA:229,1,0,0
BRDA:229,1,1,0
BRDA:236,2,0,0
BRDA:236,2,1,0
BRF:5
BRH:0
end_of_record
TN:
SF:src/components/styleguide/ComponentShowcase.tsx
FN:10,ComponentShowcase
FN:182,(anonymous_1)
FN:217,(anonymous_2)
FNF:3
FNH:0
FNDA:0,ComponentShowcase
FNDA:0,(anonymous_1)
FNDA:0,(anonymous_2)
DA:11,0
DA:12,0
DA:14,0
DA:182,0
DA:217,0
LF:5
LH:0
BRF:0
BRH:0
end_of_record
TN:
SF:src/components/styleguide/SpacingVisualizer.tsx
FN:140,SpacingVisualizer
FN:143,(anonymous_1)
FN:147,(anonymous_2)
FN:166,(anonymous_3)
FN:182,(anonymous_4)
FN:242,(anonymous_5)
FN:249,(anonymous_6)
FN:274,(anonymous_7)
FN:281,(anonymous_8)
FNF:9
FNH:0
FNDA:0,SpacingVisualizer
FNDA:0,(anonymous_1)
FNDA:0,(anonymous_2)
FNDA:0,(anonymous_3)
FNDA:0,(anonymous_4)
FNDA:0,(anonymous_5)
FNDA:0,(anonymous_6)
FNDA:0,(anonymous_7)
FNDA:0,(anonymous_8)
DA:27,0
DA:44,0
DA:95,0
DA:141,0
DA:143,0
DA:144,0
DA:145,0
DA:146,0
DA:147,0
DA:149,0
DA:153,0
DA:167,0
DA:182,0
DA:243,0
DA:249,0
DA:275,0
DA:281,0
LF:17
LH:0
BRDA:184,0,0,0
BRDA:184,0,1,0
BRDA:251,1,0,0
BRDA:251,1,1,0
BRDA:283,2,0,0
BRDA:283,2,1,0
BRF:6
BRH:0
end_of_record
TN:
SF:src/components/styleguide/TypographyShowcase.tsx
FN:175,TypographyShowcase
FN:178,(anonymous_1)
FN:182,(anonymous_2)
FN:201,(anonymous_3)
FN:213,(anonymous_4)
FN:233,(anonymous_5)
FN:250,(anonymous_6)
FN:268,(anonymous_7)
FN:285,(anonymous_8)
FN:309,(anonymous_9)
FN:319,(anonymous_10)
FN:329,(anonymous_11)
FNF:12
FNH:0
FNDA:0,TypographyShowcase
FNDA:0,(anonymous_1)
FNDA:0,(anonymous_2)
FNDA:0,(anonymous_3)
FNDA:0,(anonymous_4)
FNDA:0,(anonymous_5)
FNDA:0,(anonymous_6)
FNDA:0,(anonymous_7)
FNDA:0,(anonymous_8)
FNDA:0,(anonymous_9)
FNDA:0,(anonymous_10)
FNDA:0,(anonymous_11)
DA:29,0
DA:112,0
DA:136,0
DA:176,0
DA:178,0
DA:179,0
DA:180,0
DA:181,0
DA:182,0
DA:184,0
DA:188,0
DA:202,0
DA:213,0
DA:234,0
DA:250,0
DA:269,0
DA:285,0
DA:309,0
DA:319,0
DA:329,0
LF:20
LH:0
BRDA:215,0,0,0
BRDA:215,0,1,0
BRDA:253,1,0,0
BRDA:253,1,1,0
BRDA:288,2,0,0
BRDA:288,2,1,0
BRDA:311,3,0,0
BRDA:311,3,1,0
BRDA:321,4,0,0
BRDA:321,4,1,0
BRDA:331,5,0,0
BRDA:331,5,1,0
BRF:12
BRH:0
end_of_record
TN:
SF:src/components/ui/LoadingSpinner.tsx
FN:16,LoadingSpinner
FN:29,LoadingPage
FNF:2
FNH:0
FNDA:0,LoadingSpinner
FNDA:0,LoadingPage
DA:9,0
DA:17,0
DA:30,0
LF:3
LH:0
BRDA:16,0,0,0
BRDA:29,1,0,0
BRF:2
BRH:0
end_of_record
TN:
SF:src/components/ui/StatsCard.tsx
FN:13,StatsCard
FN:21,(anonymous_1)
FN:32,(anonymous_2)
FNF:3
FNH:0
FNDA:0,StatsCard
FNDA:0,(anonymous_1)
FNDA:0,(anonymous_2)
DA:21,0
DA:22,0
DA:24,0
DA:26,0
DA:28,0
DA:32,0
DA:33,0
DA:34,0
DA:40,0
DA:41,0
DA:47,0
DA:50,0
LF:12
LH:0
BRDA:17,0,0,0
BRDA:22,1,0,0
BRDA:22,1,1,0
BRDA:22,1,2,0
BRDA:33,2,0,0
BRDA:40,3,0,0
BRDA:58,4,0,0
BRDA:58,4,1,0
BRDA:73,5,0,0
BRDA:73,5,1,0
BRDA:80,6,0,0
BRDA:80,6,1,0
BRDA:80,7,0,0
BRDA:80,7,1,0
BRF:14
BRH:0
end_of_record
TN:
SF:src/components/ui/badge.tsx
FN:29,Badge
FNF:1
FNH:0
FNDA:0,Badge
DA:5,0
DA:30,0
LF:2
LH:0
BRF:0
BRH:0
end_of_record
TN:
SF:src/components/ui/button.tsx
FN:42,(anonymous_0)
FNF:1
FNH:0
FNDA:0,(anonymous_0)
DA:6,0
DA:41,0
DA:43,0
DA:44,0
DA:53,0
LF:5
LH:0
BRDA:42,0,0,0
BRDA:43,1,0,0
BRDA:43,1,1,0
BRF:3
BRH:0
end_of_record
TN:
SF:src/components/ui/card.tsx
FN:7,(anonymous_0)
FN:22,(anonymous_1)
FN:34,(anonymous_2)
FN:49,(anonymous_3)
FN:61,(anonymous_4)
FN:69,(anonymous_5)
FNF:6
FNH:0
FNDA:0,(anonymous_0)
FNDA:0,(anonymous_1)
FNDA:0,(anonymous_2)
FNDA:0,(anonymous_3)
FNDA:0,(anonymous_4)
FNDA:0,(anonymous_5)
DA:4,0
DA:8,0
DA:17,0
DA:19,0
DA:23,0
DA:29,0
DA:31,0
DA:35,0
DA:44,0
DA:46,0
DA:50,0
DA:56,0
DA:58,0
DA:62,0
DA:64,0
DA:66,0
DA:70,0
DA:76,0
LF:18
LH:0
BRF:0
BRH:0
end_of_record
TN:
SF:src/components/ui/dialog.tsx
FN:17,(anonymous_0)
FN:32,(anonymous_1)
FN:53,(anonymous_2)
FN:67,(anonymous_3)
FN:84,(anonymous_4)
FN:99,(anonymous_5)
FNF:6
FNH:0
FNDA:0,(anonymous_0)
FNDA:0,(anonymous_1)
FNDA:0,(anonymous_2)
FNDA:0,(anonymous_3)
FNDA:0,(anonymous_4)
FNDA:0,(anonymous_5)
DA:6,0
DA:8,0
DA:10,0
DA:12,0
DA:14,0
DA:18,0
DA:27,0
DA:29,0
DA:33,0
DA:51,0
DA:53,0
DA:57,0
DA:65,0
DA:67,0
DA:71,0
DA:79,0
DA:81,0
DA:85,0
DA:94,0
DA:96,0
DA:100,0
DA:106,0
LF:22
LH:0
BRF:0
BRH:0
end_of_record
TN:
SF:src/components/ui/input.tsx
FN:8,(anonymous_0)
FNF:1
FNH:0
FNDA:0,(anonymous_0)
DA:7,0
DA:9,0
DA:22,0
LF:3
LH:0
BRF:0
BRH:0
end_of_record
TN:
SF:src/components/ui/label.tsx
FN:14,(anonymous_0)
FNF:1
FNH:0
FNDA:0,(anonymous_0)
DA:6,0
DA:10,0
DA:15,0
DA:21,0
LF:4
LH:0
BRF:0
BRH:0
end_of_record
TN:
SF:src/components/ui/select.tsx
FN:15,(anonymous_0)
FN:35,(anonymous_1)
FN:52,(anonymous_2)
FN:70,(anonymous_3)
FN:102,(anonymous_4)
FN:114,(anonymous_5)
FN:137,(anonymous_6)
FNF:7
FNH:0
FNDA:0,(anonymous_0)
FNDA:0,(anonymous_1)
FNDA:0,(anonymous_2)
FNDA:0,(anonymous_3)
FNDA:0,(anonymous_4)
FNDA:0,(anonymous_5)
FNDA:0,(anonymous_6)
DA:6,0
DA:8,0
DA:10,0
DA:12,0
DA:16,0
DA:30,0
DA:32,0
DA:36,0
DA:47,0
DA:49,0
DA:53,0
DA:64,0
DA:67,0
DA:71,0
DA:97,0
DA:99,0
DA:103,0
DA:109,0
DA:111,0
DA:115,0
DA:132,0
DA:134,0
DA:138,0
DA:144,0
LF:24
LH:0
BRDA:70,0,0,0
BRDA:76,1,0,0
BRDA:76,1,1,0
BRDA:87,2,0,0
BRDA:87,2,1,0
BRF:5
BRH:0
end_of_record
TN:
SF:src/components/ui/tabs.tsx
FN:10,(anonymous_0)
FN:25,(anonymous_1)
FN:40,(anonymous_2)
FNF:3
FNH:0
FNDA:0,(anonymous_0)
FNDA:0,(anonymous_1)
FNDA:0,(anonymous_2)
DA:5,0
DA:7,0
DA:11,0
DA:20,0
DA:22,0
DA:26,0
DA:35,0
DA:37,0
DA:41,0
DA:50,0
LF:10
LH:0
BRF:0
BRH:0
end_of_record
TN:
SF:src/components/ui/textarea.tsx
FN:8,(anonymous_0)
FNF:1
FNH:0
FNDA:0,(anonymous_0)
DA:7,0
DA:9,0
DA:21,0
LF:3
LH:0
BRF:0
BRH:0
end_of_record
TN:
SF:src/contexts/AuthContext.tsx
FN:29,useAuth
FN:41,AuthProvider
FN:49,(anonymous_2)
FN:51,(anonymous_3)
FN:63,(anonymous_4)
FN:74,(anonymous_5)
FN:77,(anonymous_6)
FN:103,(anonymous_7)
FN:148,(anonymous_8)
FN:160,(anonymous_9)
FN:164,(anonymous_10)
FN:182,(anonymous_11)
FN:201,(anonymous_12)
FN:206,(anonymous_13)
FN:212,(anonymous_14)
FN:226,(anonymous_15)
FN:257,(anonymous_16)
FN:265,(anonymous_17)
FNF:18
FNH:0
FNDA:0,useAuth
FNDA:0,AuthProvider
FNDA:0,(anonymous_2)
FNDA:0,(anonymous_3)
FNDA:0,(anonymous_4)
FNDA:0,(anonymous_5)
FNDA:0,(anonymous_6)
FNDA:0,(anonymous_7)
FNDA:0,(anonymous_8)
FNDA:0,(anonymous_9)
FNDA:0,(anonymous_10)
FNDA:0,(anonymous_11)
FNDA:0,(anonymous_12)
FNDA:0,(anonymous_13)
FNDA:0,(anonymous_14)
FNDA:0,(anonymous_15)
FNDA:0,(anonymous_16)
FNDA:0,(anonymous_17)
DA:27,0
DA:30,0
DA:31,0
DA:32,0
DA:34,0
DA:42,0
DA:43,0
DA:44,0
DA:46,0
DA:47,0
DA:49,0
DA:51,0
DA:52,0
DA:53,0
DA:54,0
DA:56,0
DA:63,0
DA:64,0
DA:66,0
DA:67,0
DA:69,0
DA:70,0
DA:74,0
DA:77,0
DA:78,0
DA:79,0
DA:85,0
DA:86,0
DA:88,0
DA:89,0
DA:92,0
DA:94,0
DA:97,0
DA:99,0
DA:103,0
DA:104,0
DA:105,0
DA:132,0
DA:138,0
DA:139,0
DA:141,0
DA:144,0
DA:148,0
DA:149,0
DA:150,0
DA:154,0
DA:156,0
DA:160,0
DA:161,0
DA:164,0
DA:165,0
DA:166,0
DA:176,0
DA:178,0
DA:182,0
DA:183,0
DA:185,0
DA:186,0
DA:191,0
DA:192,0
DA:195,0
DA:197,0
DA:201,0
DA:202,0
DA:203,0
DA:206,0
DA:207,0
DA:208,0
DA:212,0
DA:213,0
DA:214,0
DA:215,0
DA:218,0
DA:219,0
DA:221,0
DA:222,0
DA:226,0
DA:230,0
DA:231,0
DA:232,0
DA:235,0
DA:236,0
DA:242,0
DA:243,0
DA:244,0
DA:245,0
DA:247,0
DA:248,0
DA:251,0
DA:252,0
DA:253,0
DA:257,0
DA:261,0
DA:262,0
DA:265,0
DA:266,0
DA:267,0
DA:268,0
DA:272,0
DA:290,0
LF:100
LH:0
BRDA:31,0,0,0
BRDA:53,1,0,0
BRDA:53,1,1,0
BRDA:66,2,0,0
BRDA:66,2,1,0
BRDA:85,3,0,0
BRDA:85,3,1,0
BRDA:88,4,0,0
BRDA:109,5,0,0
BRDA:109,5,1,0
BRDA:110,6,0,0
BRDA:110,6,1,0
BRDA:138,7,0,0
BRDA:138,7,1,0
BRDA:183,8,0,0
BRDA:191,9,0,0
BRDA:202,10,0,0
BRDA:203,11,0,0
BRDA:203,11,1,0
BRDA:207,12,0,0
BRDA:230,13,0,0
BRDA:242,14,0,0
BRDA:242,14,1,0
BRDA:244,15,0,0
BRDA:244,15,1,0
BRDA:261,16,0,0
BRDA:266,17,0,0
BRF:27
BRH:0
end_of_record
TN:
SF:src/domains/brand/brandService.ts
FN:10,(anonymous_0)
FN:23,(anonymous_1)
FN:36,(anonymous_2)
FN:66,(anonymous_3)
FN:96,(anonymous_4)
FN:108,(anonymous_5)
FN:121,(anonymous_6)
FN:155,(anonymous_7)
FN:193,(anonymous_8)
FN:207,(anonymous_9)
FN:225,(anonymous_10)
FN:253,(anonymous_11)
FN:281,(anonymous_12)
FNF:13
FNH:0
FNDA:0,(anonymous_0)
FNDA:0,(anonymous_1)
FNDA:0,(anonymous_2)
FNDA:0,(anonymous_3)
FNDA:0,(anonymous_4)
FNDA:0,(anonymous_5)
FNDA:0,(anonymous_6)
FNDA:0,(anonymous_7)
FNDA:0,(anonymous_8)
FNDA:0,(anonymous_9)
FNDA:0,(anonymous_10)
FNDA:0,(anonymous_11)
FNDA:0,(anonymous_12)
DA:11,0
DA:19,0
DA:20,0
DA:23,0
DA:37,0
DA:46,0
DA:47,0
DA:48,0
DA:50,0
DA:53,0
DA:67,0
DA:76,0
DA:77,0
DA:78,0
DA:80,0
DA:83,0
DA:97,0
DA:104,0
DA:105,0
DA:108,0
DA:122,0
DA:138,0
DA:139,0
DA:142,0
DA:156,0
DA:160,0
DA:161,0
DA:162,0
DA:163,0
DA:164,0
DA:165,0
DA:166,0
DA:167,0
DA:169,0
DA:176,0
DA:177,0
DA:180,0
DA:194,0
DA:199,0
DA:200,0
DA:208,0
DA:215,0
DA:216,0
DA:219,0
DA:226,0
DA:236,0
DA:237,0
DA:240,0
DA:254,0
DA:264,0
DA:265,0
DA:268,0
DA:282,0
DA:292,0
DA:293,0
DA:296,0
LF:56
LH:0
BRDA:19,0,0,0
BRDA:23,1,0,0
BRDA:23,1,1,0
BRDA:25,2,0,0
BRDA:25,2,1,0
BRDA:28,3,0,0
BRDA:28,3,1,0
BRDA:29,4,0,0
BRDA:29,4,1,0
BRDA:46,5,0,0
BRDA:47,6,0,0
BRDA:55,7,0,0
BRDA:55,7,1,0
BRDA:58,8,0,0
BRDA:58,8,1,0
BRDA:59,9,0,0
BRDA:59,9,1,0
BRDA:76,10,0,0
BRDA:77,11,0,0
BRDA:85,12,0,0
BRDA:85,12,1,0
BRDA:88,13,0,0
BRDA:88,13,1,0
BRDA:89,14,0,0
BRDA:89,14,1,0
BRDA:104,15,0,0
BRDA:108,16,0,0
BRDA:108,16,1,0
BRDA:110,17,0,0
BRDA:110,17,1,0
BRDA:113,18,0,0
BRDA:113,18,1,0
BRDA:114,19,0,0
BRDA:114,19,1,0
BRDA:126,20,0,0
BRDA:126,20,1,0
BRDA:127,21,0,0
BRDA:127,21,1,0
BRDA:128,22,0,0
BRDA:128,22,1,0
BRDA:131,23,0,0
BRDA:131,23,1,0
BRDA:132,24,0,0
BRDA:132,24,1,0
BRDA:133,25,0,0
BRDA:133,25,1,0
BRDA:138,26,0,0
BRDA:144,27,0,0
BRDA:144,27,1,0
BRDA:147,28,0,0
BRDA:147,28,1,0
BRDA:148,29,0,0
BRDA:148,29,1,0
BRDA:160,30,0,0
BRDA:161,31,0,0
BRDA:162,32,0,0
BRDA:163,33,0,0
BRDA:164,34,0,0
BRDA:165,35,0,0
BRDA:166,36,0,0
BRDA:167,37,0,0
BRDA:176,38,0,0
BRDA:182,39,0,0
BRDA:182,39,1,0
BRDA:185,40,0,0
BRDA:185,40,1,0
BRDA:186,41,0,0
BRDA:186,41,1,0
BRDA:199,42,0,0
BRDA:215,43,0,0
BRDA:219,44,0,0
BRDA:219,44,1,0
BRDA:236,45,0,0
BRDA:242,46,0,0
BRDA:242,46,1,0
BRDA:245,47,0,0
BRDA:245,47,1,0
BRDA:246,48,0,0
BRDA:246,48,1,0
BRDA:264,49,0,0
BRDA:270,50,0,0
BRDA:270,50,1,0
BRDA:273,51,0,0
BRDA:273,51,1,0
BRDA:274,52,0,0
BRDA:274,52,1,0
BRDA:292,53,0,0
BRDA:298,54,0,0
BRDA:298,54,1,0
BRDA:299,55,0,0
BRDA:299,55,1,0
BRDA:300,56,0,0
BRDA:300,56,1,0
BRF:93
BRH:0
end_of_record
TN:
SF:src/domains/brand/types.ts
FN:4,(anonymous_0)
FNF:1
FNH:0
FNDA:0,(anonymous_0)
DA:4,0
DA:5,0
DA:6,0
DA:7,0
DA:8,0
DA:9,0
DA:10,0
DA:11,0
DA:12,0
DA:13,0
DA:14,0
LF:11
LH:0
BRDA:4,0,0,0
BRDA:4,0,1,0
BRF:2
BRH:0
end_of_record
TN:
SF:src/domains/company/companyService.ts
FN:10,(anonymous_0)
FN:20,(anonymous_1)
FN:29,(anonymous_2)
FN:52,(anonymous_3)
FN:75,(anonymous_4)
FN:99,(anonymous_5)
FN:128,(anonymous_6)
FN:142,(anonymous_7)
FN:160,(anonymous_8)
FNF:9
FNH:0
FNDA:0,(anonymous_0)
FNDA:0,(anonymous_1)
FNDA:0,(anonymous_2)
FNDA:0,(anonymous_3)
FNDA:0,(anonymous_4)
FNDA:0,(anonymous_5)
FNDA:0,(anonymous_6)
FNDA:0,(anonymous_7)
FNDA:0,(anonymous_8)
DA:11,0
DA:16,0
DA:17,0
DA:20,0
DA:30,0
DA:36,0
DA:37,0
DA:38,0
DA:40,0
DA:43,0
DA:53,0
DA:59,0
DA:60,0
DA:61,0
DA:63,0
DA:66,0
DA:76,0
DA:86,0
DA:87,0
DA:90,0
DA:100,0
DA:104,0
DA:105,0
DA:106,0
DA:108,0
DA:115,0
DA:116,0
DA:119,0
DA:129,0
DA:134,0
DA:135,0
DA:143,0
DA:150,0
DA:151,0
DA:154,0
DA:161,0
DA:171,0
DA:172,0
DA:175,0
LF:39
LH:0
BRDA:16,0,0,0
BRDA:20,1,0,0
BRDA:20,1,1,0
BRDA:22,2,0,0
BRDA:22,2,1,0
BRDA:36,3,0,0
BRDA:37,4,0,0
BRDA:45,5,0,0
BRDA:45,5,1,0
BRDA:59,6,0,0
BRDA:60,7,0,0
BRDA:68,8,0,0
BRDA:68,8,1,0
BRDA:79,9,0,0
BRDA:79,9,1,0
BRDA:80,10,0,0
BRDA:80,10,1,0
BRDA:81,11,0,0
BRDA:81,11,1,0
BRDA:86,12,0,0
BRDA:92,13,0,0
BRDA:92,13,1,0
BRDA:104,14,0,0
BRDA:105,15,0,0
BRDA:106,16,0,0
BRDA:115,17,0,0
BRDA:121,18,0,0
BRDA:121,18,1,0
BRDA:134,19,0,0
BRDA:150,20,0,0
BRDA:154,21,0,0
BRDA:154,21,1,0
BRDA:171,22,0,0
BRDA:177,23,0,0
BRDA:177,23,1,0
BRF:35
BRH:0
end_of_record
TN:
SF:src/domains/inventory/fifoEngine.ts
FN:26,(anonymous_0)
FN:33,(anonymous_1)
FN:103,(anonymous_2)
FN:139,(anonymous_3)
FN:210,(anonymous_4)
FN:287,(anonymous_5)
FN:316,(anonymous_6)
FN:318,(anonymous_7)
FN:339,(anonymous_8)
FN:365,(anonymous_9)
FN:406,(anonymous_10)
FN:432,(anonymous_11)
FN:452,(anonymous_12)
FN:494,(anonymous_13)
FN:504,(anonymous_14)
FNF:15
FNH:15
FNDA:19,(anonymous_0)
FNDA:8,(anonymous_1)
FNDA:57,(anonymous_2)
FNDA:3,(anonymous_3)
FNDA:3,(anonymous_4)
FNDA:2,(anonymous_5)
FNDA:4,(anonymous_6)
FNDA:4,(anonymous_7)
FNDA:3,(anonymous_8)
FNDA:5,(anonymous_9)
FNDA:7,(anonymous_10)
FNDA:57,(anonymous_11)
FNDA:10,(anonymous_12)
FNDA:10,(anonymous_13)
FNDA:2,(anonymous_14)
DA:5,2
DA:25,2
DA:26,19
DA:34,8
DA:36,8
DA:37,1
DA:40,1
DA:52,1
DA:63,7
DA:68,6
DA:69,0
DA:73,6
DA:74,6
DA:75,6
DA:77,6
DA:78,59
DA:80,57
DA:82,57
DA:83,57
DA:92,57
DA:95,57
DA:103,57
DA:104,6
DA:105,6
DA:108,6
DA:120,6
DA:129,1
DA:130,1
DA:144,3
DA:145,3
DA:146,3
DA:148,3
DA:164,3
DA:170,3
DA:171,0
DA:175,3
DA:192,3
DA:198,0
DA:199,0
DA:222,3
DA:224,3
DA:230,3
DA:231,1
DA:237,2
DA:238,2
DA:241,2
DA:246,2
DA:247,0
DA:254,2
DA:267,2
DA:274,0
DA:297,2
DA:306,2
DA:307,0
DA:316,4
DA:317,2
DA:318,4
DA:321,2
DA:323,2
DA:344,3
DA:345,3
DA:346,3
DA:348,3
DA:361,3
DA:362,0
DA:365,3
DA:366,5
DA:367,5
DA:368,5
DA:375,5
DA:376,2
DA:377,2
DA:378,3
DA:379,1
DA:380,1
DA:382,2
DA:383,2
DA:386,5
DA:410,7
DA:420,7
DA:421,1
DA:424,6
DA:433,57
DA:435,57
DA:443,57
DA:444,0
DA:463,10
DA:484,10
DA:485,0
DA:495,10
DA:496,10
DA:497,10
DA:505,2
DA:506,2
DA:507,2
DA:508,2
LF:96
LH:86
BRDA:36,0,0,1
BRDA:68,1,0,0
BRDA:68,2,0,6
BRDA:68,2,1,6
BRDA:78,3,0,2
BRDA:82,4,0,57
BRDA:105,5,0,6
BRDA:105,5,1,0
BRDA:145,6,0,3
BRDA:145,6,1,2
BRDA:146,7,0,3
BRDA:146,7,1,0
BRDA:170,8,0,0
BRDA:230,9,0,1
BRDA:230,10,0,3
BRDA:230,10,1,2
BRDA:246,11,0,0
BRDA:276,12,0,0
BRDA:276,12,1,0
BRDA:306,13,0,0
BRDA:306,14,0,2
BRDA:306,14,1,2
BRDA:306,14,2,2
BRDA:321,15,0,2
BRDA:321,15,1,0
BRDA:344,16,0,3
BRDA:344,16,1,2
BRDA:361,17,0,0
BRDA:361,18,0,3
BRDA:361,18,1,3
BRDA:375,19,0,2
BRDA:375,19,1,3
BRDA:378,20,0,1
BRDA:378,20,1,2
BRDA:420,21,0,1
BRDA:424,22,0,6
BRDA:424,22,1,0
BRDA:433,23,0,53
BRDA:433,23,1,4
BRDA:443,24,0,0
BRDA:484,25,0,0
BRF:41
BRH:28
end_of_record
TN:
SF:src/domains/inventory/inventoryService.ts
FN:35,(anonymous_0)
FN:44,(anonymous_1)
FN:75,(anonymous_2)
FN:112,(anonymous_3)
FN:160,(anonymous_4)
FN:220,(anonymous_5)
FN:249,(anonymous_6)
FN:277,(anonymous_7)
FN:279,(anonymous_8)
FN:289,(anonymous_9)
FN:303,(anonymous_10)
FN:319,(anonymous_11)
FN:349,(anonymous_12)
FN:378,(anonymous_13)
FN:405,(anonymous_14)
FN:463,(anonymous_15)
FN:524,(anonymous_16)
FN:551,(anonymous_17)
FN:557,(anonymous_18)
FN:560,(anonymous_19)
FN:581,(anonymous_20)
FN:590,(anonymous_21)
FN:623,(anonymous_22)
FN:636,(anonymous_23)
FN:646,(anonymous_24)
FN:662,(anonymous_25)
FN:680,(anonymous_26)
FN:699,(anonymous_27)
FN:703,(anonymous_28)
FN:719,(anonymous_29)
FNF:30
FNH:0
FNDA:0,(anonymous_0)
FNDA:0,(anonymous_1)
FNDA:0,(anonymous_2)
FNDA:0,(anonymous_3)
FNDA:0,(anonymous_4)
FNDA:0,(anonymous_5)
FNDA:0,(anonymous_6)
FNDA:0,(anonymous_7)
FNDA:0,(anonymous_8)
FNDA:0,(anonymous_9)
FNDA:0,(anonymous_10)
FNDA:0,(anonymous_11)
FNDA:0,(anonymous_12)
FNDA:0,(anonymous_13)
FNDA:0,(anonymous_14)
FNDA:0,(anonymous_15)
FNDA:0,(anonymous_16)
FNDA:0,(anonymous_17)
FNDA:0,(anonymous_18)
FNDA:0,(anonymous_19)
FNDA:0,(anonymous_20)
FNDA:0,(anonymous_21)
FNDA:0,(anonymous_22)
FNDA:0,(anonymous_23)
FNDA:0,(anonymous_24)
FNDA:0,(anonymous_25)
FNDA:0,(anonymous_26)
FNDA:0,(anonymous_27)
FNDA:0,(anonymous_28)
FNDA:0,(anonymous_29)
DA:33,0
DA:35,0
DA:36,0
DA:50,0
DA:52,0
DA:55,0
DA:58,0
DA:60,0
DA:65,0
DA:66,0
DA:78,0
DA:80,0
DA:83,0
DA:86,0
DA:88,0
DA:91,0
DA:92,0
DA:94,0
DA:97,0
DA:102,0
DA:103,0
DA:122,0
DA:123,0
DA:125,0
DA:126,0
DA:132,0
DA:141,0
DA:143,0
DA:149,0
DA:150,0
DA:176,0
DA:177,0
DA:197,0
DA:198,0
DA:201,0
DA:203,0
DA:204,0
DA:208,0
DA:220,0
DA:221,0
DA:222,0
DA:224,0
DA:225,0
DA:238,0
DA:239,0
DA:240,0
DA:241,0
DA:243,0
DA:244,0
DA:249,0
DA:250,0
DA:255,0
DA:256,0
DA:257,0
DA:258,0
DA:259,0
DA:260,0
DA:262,0
DA:265,0
DA:277,0
DA:278,0
DA:279,0
DA:282,0
DA:284,0
DA:289,0
DA:292,0
DA:293,0
DA:304,0
DA:305,0
DA:307,0
DA:308,0
DA:324,0
DA:325,0
DA:335,0
DA:336,0
DA:339,0
DA:340,0
DA:343,0
DA:345,0
DA:346,0
DA:349,0
DA:367,0
DA:368,0
DA:379,0
DA:380,0
DA:389,0
DA:390,0
DA:393,0
DA:395,0
DA:396,0
DA:410,0
DA:412,0
DA:430,0
DA:431,0
DA:435,0
DA:436,0
DA:443,0
DA:445,0
DA:451,0
DA:452,0
DA:468,0
DA:470,0
DA:471,0
DA:473,0
DA:475,0
DA:476,0
DA:478,0
DA:479,0
DA:481,0
DA:482,0
DA:484,0
DA:485,0
DA:489,0
DA:503,0
DA:504,0
DA:507,0
DA:509,0
DA:510,0
DA:514,0
DA:524,0
DA:525,0
DA:527,0
DA:528,0
DA:539,0
DA:541,0
DA:542,0
DA:543,0
DA:544,0
DA:545,0
DA:546,0
DA:551,0
DA:552,0
DA:553,0
DA:556,0
DA:557,0
DA:560,0
DA:561,0
DA:562,0
DA:563,0
DA:564,0
DA:566,0
DA:581,0
DA:583,0
DA:584,0
DA:591,0
DA:592,0
DA:595,0
DA:596,0
DA:600,0
DA:607,0
DA:608,0
DA:612,0
DA:618,0
DA:619,0
DA:624,0
DA:625,0
DA:629,0
DA:630,0
DA:631,0
DA:632,0
DA:637,0
DA:643,0
DA:647,0
DA:648,0
DA:650,0
DA:659,0
DA:663,0
DA:664,0
DA:666,0
DA:681,0
DA:682,0
DA:683,0
DA:685,0
DA:703,0
DA:705,0
DA:706,0
DA:720,0
DA:726,0
LF:178
LH:0
BRDA:91,0,0,0
BRDA:91,0,1,0
BRDA:197,1,0,0
BRDA:203,2,0,0
BRDA:220,3,0,0
BRDA:220,3,1,0
BRDA:224,4,0,0
BRDA:243,5,0,0
BRDA:250,6,0,0
BRDA:250,6,1,0
BRDA:255,7,0,0
BRDA:255,7,1,0
BRDA:257,8,0,0
BRDA:257,8,1,0
BRDA:259,9,0,0
BRDA:259,9,1,0
BRDA:279,10,0,0
BRDA:279,10,1,0
BRDA:303,11,0,0
BRDA:322,12,0,0
BRDA:335,13,0,0
BRDA:339,14,0,0
BRDA:345,15,0,0
BRDA:349,16,0,0
BRDA:349,16,1,0
BRDA:389,17,0,0
BRDA:430,18,0,0
BRDA:435,19,0,0
BRDA:473,20,0,0
BRDA:473,20,1,0
BRDA:473,20,2,0
BRDA:473,20,3,0
BRDA:503,21,0,0
BRDA:509,22,0,0
BRDA:524,23,0,0
BRDA:524,23,1,0
BRDA:527,24,0,0
BRDA:541,25,0,0
BRDA:541,25,1,0
BRDA:543,26,0,0
BRDA:543,26,1,0
BRDA:544,27,0,0
BRDA:546,28,0,0
BRDA:546,28,1,0
BRDA:561,29,0,0
BRDA:561,29,1,0
BRDA:563,30,0,0
BRDA:563,30,1,0
BRDA:564,31,0,0
BRDA:564,31,1,0
BRDA:579,32,0,0
BRDA:579,32,1,0
BRDA:579,33,0,0
BRDA:579,33,1,0
BRDA:591,34,0,0
BRDA:595,35,0,0
BRDA:607,36,0,0
BRDA:618,37,0,0
BRDA:624,38,0,0
BRDA:630,39,0,0
BRDA:643,40,0,0
BRDA:643,40,1,0
BRDA:659,41,0,0
BRDA:659,41,1,0
BRDA:681,42,0,0
BRDA:681,43,0,0
BRDA:681,43,1,0
BRDA:705,44,0,0
BRDA:726,45,0,0
BRDA:726,45,1,0
BRF:70
BRH:0
end_of_record
TN:
SF:src/domains/inventory/rawMaterialService.ts
FN:22,(anonymous_0)
FN:29,(anonymous_1)
FN:83,(anonymous_2)
FN:152,(anonymous_3)
FN:188,(anonymous_4)
FN:216,(anonymous_5)
FN:257,(anonymous_6)
FN:276,(anonymous_7)
FN:291,(anonymous_8)
FN:297,(anonymous_9)
FN:312,(anonymous_10)
FN:347,(anonymous_11)
FN:361,(anonymous_12)
FN:377,(anonymous_13)
FN:391,(anonymous_14)
FNF:15
FNH:0
FNDA:0,(anonymous_0)
FNDA:0,(anonymous_1)
FNDA:0,(anonymous_2)
FNDA:0,(anonymous_3)
FNDA:0,(anonymous_4)
FNDA:0,(anonymous_5)
FNDA:0,(anonymous_6)
FNDA:0,(anonymous_7)
FNDA:0,(anonymous_8)
FNDA:0,(anonymous_9)
FNDA:0,(anonymous_10)
FNDA:0,(anonymous_11)
FNDA:0,(anonymous_12)
FNDA:0,(anonymous_13)
FNDA:0,(anonymous_14)
DA:22,0
DA:30,0
DA:32,0
DA:39,0
DA:40,0
DA:44,0
DA:60,0
DA:66,0
DA:67,0
DA:70,0
DA:72,0
DA:73,0
DA:87,0
DA:89,0
DA:96,0
DA:97,0
DA:101,0
DA:102,0
DA:110,0
DA:111,0
DA:115,0
DA:116,0
DA:117,0
DA:118,0
DA:119,0
DA:120,0
DA:121,0
DA:122,0
DA:123,0
DA:124,0
DA:125,0
DA:126,0
DA:127,0
DA:129,0
DA:136,0
DA:137,0
DA:140,0
DA:142,0
DA:143,0
DA:153,0
DA:155,0
DA:163,0
DA:164,0
DA:167,0
DA:172,0
DA:173,0
DA:176,0
DA:178,0
DA:179,0
DA:189,0
DA:190,0
DA:197,0
DA:198,0
DA:199,0
DA:201,0
DA:204,0
DA:206,0
DA:207,0
DA:221,0
DA:222,0
DA:228,0
DA:229,0
DA:232,0
DA:233,0
DA:236,0
DA:237,0
DA:241,0
DA:242,0
DA:243,0
DA:246,0
DA:247,0
DA:248,0
DA:249,0
DA:251,0
DA:253,0
DA:254,0
DA:257,0
DA:258,0
DA:259,0
DA:261,0
DA:267,0
DA:268,0
DA:280,0
DA:281,0
DA:286,0
DA:287,0
DA:291,0
DA:292,0
DA:293,0
DA:294,0
DA:297,0
DA:302,0
DA:303,0
DA:318,0
DA:320,0
DA:333,0
DA:334,0
DA:342,0
DA:345,0
DA:347,0
DA:348,0
DA:349,0
DA:350,0
DA:356,0
DA:357,0
DA:361,0
DA:362,0
DA:363,0
DA:368,0
DA:377,0
DA:378,0
DA:381,0
DA:382,0
DA:392,0
LF:114
LH:0
BRDA:39,0,0,0
BRDA:49,1,0,0
BRDA:49,1,1,0
BRDA:51,2,0,0
BRDA:51,2,1,0
BRDA:52,3,0,0
BRDA:52,3,1,0
BRDA:66,4,0,0
BRDA:96,5,0,0
BRDA:101,6,0,0
BRDA:110,7,0,0
BRDA:116,8,0,0
BRDA:117,9,0,0
BRDA:118,10,0,0
BRDA:119,11,0,0
BRDA:120,12,0,0
BRDA:121,13,0,0
BRDA:122,14,0,0
BRDA:123,15,0,0
BRDA:124,16,0,0
BRDA:125,17,0,0
BRDA:126,18,0,0
BRDA:127,19,0,0
BRDA:136,20,0,0
BRDA:163,21,0,0
BRDA:163,22,0,0
BRDA:163,22,1,0
BRDA:172,23,0,0
BRDA:197,24,0,0
BRDA:198,25,0,0
BRDA:228,26,0,0
BRDA:232,27,0,0
BRDA:236,28,0,0
BRDA:241,29,0,0
BRDA:241,29,1,0
BRDA:242,30,0,0
BRDA:242,30,1,0
BRDA:246,31,0,0
BRDA:246,31,1,0
BRDA:247,32,0,0
BRDA:247,32,1,0
BRDA:253,33,0,0
BRDA:257,34,0,0
BRDA:257,34,1,0
BRDA:258,35,0,0
BRDA:258,35,1,0
BRDA:286,36,0,0
BRDA:291,37,0,0
BRDA:291,37,1,0
BRDA:293,38,0,0
BRDA:293,38,1,0
BRDA:333,39,0,0
BRDA:347,40,0,0
BRDA:347,40,1,0
BRDA:349,41,0,0
BRDA:362,42,0,0
BRF:56
BRH:0
end_of_record
TN:
SF:src/domains/inventory/types.ts
FN:4,(anonymous_0)
FN:14,(anonymous_1)
FN:40,(anonymous_2)
FN:101,(anonymous_3)
FN:124,(anonymous_4)
FN:144,(anonymous_5)
FN:242,(anonymous_6)
FN:368,(anonymous_7)
FNF:8
FNH:8
FNDA:2,(anonymous_0)
FNDA:2,(anonymous_1)
FNDA:2,(anonymous_2)
FNDA:2,(anonymous_3)
FNDA:2,(anonymous_4)
FNDA:2,(anonymous_5)
FNDA:2,(anonymous_6)
FNDA:2,(anonymous_7)
DA:4,2
DA:5,2
DA:6,2
DA:7,2
DA:8,2
DA:9,2
DA:10,2
DA:14,2
DA:16,2
DA:17,2
DA:18,2
DA:19,2
DA:22,2
DA:23,2
DA:24,2
DA:25,2
DA:28,2
DA:29,2
DA:30,2
DA:31,2
DA:34,2
DA:35,2
DA:36,2
DA:40,2
DA:41,2
DA:42,2
DA:43,2
DA:44,2
DA:45,2
DA:101,2
DA:102,2
DA:103,2
DA:104,2
DA:105,2
DA:106,2
DA:107,2
DA:108,2
DA:109,2
DA:124,2
DA:125,2
DA:126,2
DA:127,2
DA:128,2
DA:129,2
DA:130,2
DA:144,2
DA:145,2
DA:146,2
DA:147,2
DA:148,2
DA:149,2
DA:242,2
DA:243,2
DA:244,2
DA:245,2
DA:246,2
DA:368,2
DA:369,2
DA:370,2
DA:371,2
DA:372,2
DA:373,2
DA:374,2
LF:63
LH:63
BRDA:4,0,0,2
BRDA:4,0,1,2
BRDA:14,1,0,2
BRDA:14,1,1,2
BRDA:40,2,0,2
BRDA:40,2,1,2
BRDA:101,3,0,2
BRDA:101,3,1,2
BRDA:124,4,0,2
BRDA:124,4,1,2
BRDA:144,5,0,2
BRDA:144,5,1,2
BRDA:242,6,0,2
BRDA:242,6,1,2
BRDA:368,7,0,2
BRDA:368,7,1,2
BRF:16
BRH:16
end_of_record
TN:
SF:src/domains/order/types.ts
FN:5,(anonymous_0)
FN:17,(anonymous_1)
FN:25,(anonymous_2)
FN:35,(anonymous_3)
FN:123,(anonymous_4)
FNF:5
FNH:0
FNDA:0,(anonymous_0)
FNDA:0,(anonymous_1)
FNDA:0,(anonymous_2)
FNDA:0,(anonymous_3)
FNDA:0,(anonymous_4)
DA:5,0
DA:6,0
DA:7,0
DA:8,0
DA:9,0
DA:10,0
DA:11,0
DA:12,0
DA:13,0
DA:17,0
DA:18,0
DA:19,0
DA:20,0
DA:21,0
DA:25,0
DA:26,0
DA:27,0
DA:28,0
DA:29,0
DA:30,0
DA:31,0
DA:35,0
DA:36,0
DA:37,0
DA:38,0
DA:39,0
DA:40,0
DA:41,0
DA:123,0
DA:124,0
DA:125,0
DA:126,0
DA:127,0
DA:128,0
LF:34
LH:0
BRDA:5,0,0,0
BRDA:5,0,1,0
BRDA:17,1,0,0
BRDA:17,1,1,0
BRDA:25,2,0,0
BRDA:25,2,1,0
BRDA:35,3,0,0
BRDA:35,3,1,0
BRDA:123,4,0,0
BRDA:123,4,1,0
BRF:10
BRH:0
end_of_record
TN:
SF:src/domains/shared/types.ts
FN:34,(anonymous_0)
FN:41,(anonymous_1)
FNF:2
FNH:0
FNDA:0,(anonymous_0)
FNDA:0,(anonymous_1)
DA:34,0
DA:35,0
DA:36,0
DA:37,0
DA:38,0
DA:41,0
DA:42,0
DA:43,0
DA:44,0
DA:45,0
LF:10
LH:0
BRDA:34,0,0,0
BRDA:34,0,1,0
BRDA:41,1,0,0
BRDA:41,1,1,0
BRF:4
BRH:0
end_of_record
TN:
SF:src/domains/store/storeService.ts
FN:10,(anonymous_0)
FN:24,(anonymous_1)
FN:36,(anonymous_2)
FN:66,(anonymous_3)
FN:96,(anonymous_4)
FN:108,(anonymous_5)
FN:120,(anonymous_6)
FN:135,(anonymous_7)
FN:147,(anonymous_8)
FN:178,(anonymous_9)
FN:213,(anonymous_10)
FN:227,(anonymous_11)
FN:254,(anonymous_12)
FN:281,(anonymous_13)
FN:308,(anonymous_14)
FN:335,(anonymous_15)
FN:349,(anonymous_16)
FN:361,(anonymous_17)
FN:373,(anonymous_18)
FNF:19
FNH:0
FNDA:0,(anonymous_0)
FNDA:0,(anonymous_1)
FNDA:0,(anonymous_2)
FNDA:0,(anonymous_3)
FNDA:0,(anonymous_4)
FNDA:0,(anonymous_5)
FNDA:0,(anonymous_6)
FNDA:0,(anonymous_7)
FNDA:0,(anonymous_8)
FNDA:0,(anonymous_9)
FNDA:0,(anonymous_10)
FNDA:0,(anonymous_11)
FNDA:0,(anonymous_12)
FNDA:0,(anonymous_13)
FNDA:0,(anonymous_14)
FNDA:0,(anonymous_15)
FNDA:0,(anonymous_16)
FNDA:0,(anonymous_17)
FNDA:0,(anonymous_18)
DA:11,0
DA:20,0
DA:21,0
DA:24,0
DA:37,0
DA:47,0
DA:48,0
DA:49,0
DA:51,0
DA:54,0
DA:67,0
DA:77,0
DA:78,0
DA:79,0
DA:81,0
DA:84,0
DA:97,0
DA:104,0
DA:105,0
DA:108,0
DA:121,0
DA:131,0
DA:132,0
DA:135,0
DA:148,0
DA:162,0
DA:163,0
DA:166,0
DA:179,0
DA:183,0
DA:184,0
DA:185,0
DA:186,0
DA:187,0
DA:188,0
DA:190,0
DA:197,0
DA:198,0
DA:201,0
DA:214,0
DA:219,0
DA:220,0
DA:228,0
DA:238,0
DA:239,0
DA:242,0
DA:255,0
DA:265,0
DA:266,0
DA:269,0
DA:282,0
DA:292,0
DA:293,0
DA:296,0
DA:309,0
DA:319,0
DA:320,0
DA:323,0
DA:336,0
DA:345,0
DA:346,0
DA:349,0
DA:362,0
DA:369,0
DA:370,0
DA:373,0
LF:66
LH:0
BRDA:20,0,0,0
BRDA:24,1,0,0
BRDA:24,1,1,0
BRDA:26,2,0,0
BRDA:26,2,1,0
BRDA:27,3,0,0
BRDA:27,3,1,0
BRDA:28,4,0,0
BRDA:28,4,1,0
BRDA:29,5,0,0
BRDA:29,5,1,0
BRDA:47,6,0,0
BRDA:48,7,0,0
BRDA:56,8,0,0
BRDA:56,8,1,0
BRDA:57,9,0,0
BRDA:57,9,1,0
BRDA:58,10,0,0
BRDA:58,10,1,0
BRDA:59,11,0,0
BRDA:59,11,1,0
BRDA:77,12,0,0
BRDA:78,13,0,0
BRDA:86,14,0,0
BRDA:86,14,1,0
BRDA:87,15,0,0
BRDA:87,15,1,0
BRDA:88,16,0,0
BRDA:88,16,1,0
BRDA:89,17,0,0
BRDA:89,17,1,0
BRDA:104,18,0,0
BRDA:108,19,0,0
BRDA:108,19,1,0
BRDA:110,20,0,0
BRDA:110,20,1,0
BRDA:111,21,0,0
BRDA:111,21,1,0
BRDA:112,22,0,0
BRDA:112,22,1,0
BRDA:113,23,0,0
BRDA:113,23,1,0
BRDA:131,24,0,0
BRDA:135,25,0,0
BRDA:135,25,1,0
BRDA:137,26,0,0
BRDA:137,26,1,0
BRDA:138,27,0,0
BRDA:138,27,1,0
BRDA:139,28,0,0
BRDA:139,28,1,0
BRDA:140,29,0,0
BRDA:140,29,1,0
BRDA:152,30,0,0
BRDA:152,30,1,0
BRDA:153,31,0,0
BRDA:153,31,1,0
BRDA:154,32,0,0
BRDA:154,32,1,0
BRDA:155,33,0,0
BRDA:155,33,1,0
BRDA:156,34,0,0
BRDA:156,34,1,0
BRDA:157,35,0,0
BRDA:157,35,1,0
BRDA:162,36,0,0
BRDA:168,37,0,0
BRDA:168,37,1,0
BRDA:169,38,0,0
BRDA:169,38,1,0
BRDA:170,39,0,0
BRDA:170,39,1,0
BRDA:171,40,0,0
BRDA:171,40,1,0
BRDA:183,41,0,0
BRDA:184,42,0,0
BRDA:185,43,0,0
BRDA:186,44,0,0
BRDA:187,45,0,0
BRDA:188,46,0,0
BRDA:197,47,0,0
BRDA:203,48,0,0
BRDA:203,48,1,0
BRDA:204,49,0,0
BRDA:204,49,1,0
BRDA:205,50,0,0
BRDA:205,50,1,0
BRDA:206,51,0,0
BRDA:206,51,1,0
BRDA:219,52,0,0
BRDA:238,53,0,0
BRDA:244,54,0,0
BRDA:244,54,1,0
BRDA:245,55,0,0
BRDA:245,55,1,0
BRDA:246,56,0,0
BRDA:246,56,1,0
BRDA:247,57,0,0
BRDA:247,57,1,0
BRDA:265,58,0,0
BRDA:271,59,0,0
BRDA:271,59,1,0
BRDA:272,60,0,0
BRDA:272,60,1,0
BRDA:273,61,0,0
BRDA:273,61,1,0
BRDA:274,62,0,0
BRDA:274,62,1,0
BRDA:292,63,0,0
BRDA:298,64,0,0
BRDA:298,64,1,0
BRDA:299,65,0,0
BRDA:299,65,1,0
BRDA:300,66,0,0
BRDA:300,66,1,0
BRDA:301,67,0,0
BRDA:301,67,1,0
BRDA:319,68,0,0
BRDA:325,69,0,0
BRDA:325,69,1,0
BRDA:326,70,0,0
BRDA:326,70,1,0
BRDA:327,71,0,0
BRDA:327,71,1,0
BRDA:328,72,0,0
BRDA:328,72,1,0
BRDA:345,73,0,0
BRDA:349,74,0,0
BRDA:349,74,1,0
BRDA:351,75,0,0
BRDA:351,75,1,0
BRDA:352,76,0,0
BRDA:352,76,1,0
BRDA:353,77,0,0
BRDA:353,77,1,0
BRDA:354,78,0,0
BRDA:354,78,1,0
BRDA:369,79,0,0
BRDA:373,80,0,0
BRDA:373,80,1,0
BRDA:375,81,0,0
BRDA:375,81,1,0
BRDA:376,82,0,0
BRDA:376,82,1,0
BRDA:377,83,0,0
BRDA:377,83,1,0
BRDA:378,84,0,0
BRDA:378,84,1,0
BRF:148
BRH:0
end_of_record
TN:
SF:src/domains/user/types.ts
FN:4,(anonymous_0)
FN:13,(anonymous_1)
FNF:2
FNH:0
FNDA:0,(anonymous_0)
FNDA:0,(anonymous_1)
DA:4,0
DA:5,0
DA:6,0
DA:7,0
DA:8,0
DA:9,0
DA:13,0
DA:15,0
DA:16,0
DA:17,0
DA:18,0
DA:21,0
DA:22,0
DA:23,0
DA:24,0
DA:27,0
DA:28,0
DA:29,0
DA:30,0
DA:33,0
DA:34,0
DA:35,0
DA:36,0
DA:39,0
DA:40,0
DA:43,0
LF:26
LH:0
BRDA:4,0,0,0
BRDA:4,0,1,0
BRDA:13,1,0,0
BRDA:13,1,1,0
BRF:4
BRH:0
end_of_record
TN:
SF:src/hooks/usePermissions.ts
FN:21,usePermissions
FN:29,(anonymous_1)
FN:56,(anonymous_2)
FN:65,(anonymous_3)
FN:105,(anonymous_4)
FN:124,(anonymous_5)
FN:139,(anonymous_6)
FN:147,(anonymous_7)
FN:177,(anonymous_8)
FN:182,(anonymous_9)
FN:185,(anonymous_10)
FN:197,(anonymous_11)
FN:216,usePermissionGuard
FN:230,useDashboardAccess
FNF:14
FNH:0
FNDA:0,usePermissions
FNDA:0,(anonymous_1)
FNDA:0,(anonymous_2)
FNDA:0,(anonymous_3)
FNDA:0,(anonymous_4)
FNDA:0,(anonymous_5)
FNDA:0,(anonymous_6)
FNDA:0,(anonymous_7)
FNDA:0,(anonymous_8)
FNDA:0,(anonymous_9)
FNDA:0,(anonymous_10)
FNDA:0,(anonymous_11)
FNDA:0,usePermissionGuard
FNDA:0,useDashboardAccess
DA:22,0
DA:23,0
DA:24,0
DA:25,0
DA:26,0
DA:29,0
DA:30,0
DA:31,0
DA:32,0
DA:33,0
DA:34,0
DA:37,0
DA:38,0
DA:39,0
DA:41,0
DA:42,0
DA:45,0
DA:46,0
DA:48,0
DA:49,0
DA:51,0
DA:56,0
DA:60,0
DA:61,0
DA:65,0
DA:69,0
DA:70,0
DA:71,0
DA:74,0
DA:76,0
DA:77,0
DA:78,0
DA:79,0
DA:83,0
DA:89,0
DA:90,0
DA:91,0
DA:92,0
DA:94,0
DA:95,0
DA:98,0
DA:99,0
DA:100,0
DA:105,0
DA:109,0
DA:110,0
DA:111,0
DA:114,0
DA:115,0
DA:122,0
DA:124,0
DA:130,0
DA:132,0
DA:133,0
DA:134,0
DA:139,0
DA:140,0
DA:141,0
DA:142,0
DA:147,0
DA:152,0
DA:154,0
DA:158,0
DA:161,0
DA:164,0
DA:167,0
DA:171,0
DA:174,0
DA:177,0
DA:178,0
DA:182,0
DA:183,0
DA:185,0
DA:186,0
DA:187,0
DA:189,0
DA:190,0
DA:191,0
DA:192,0
DA:196,0
DA:197,0
DA:200,0
DA:221,0
DA:223,0
DA:231,0
DA:233,0
LF:86
LH:0
BRDA:30,0,0,0
BRDA:60,1,0,0
BRDA:69,2,0,0
BRDA:77,3,0,0
BRDA:89,4,0,0
BRDA:89,4,1,0
BRDA:91,5,0,0
BRDA:91,5,1,0
BRDA:109,6,0,0
BRDA:122,7,0,0
BRDA:124,8,0,0
BRDA:124,8,1,0
BRDA:140,9,0,0
BRDA:152,10,0,0
BRDA:154,11,0,0
BRDA:154,11,1,0
BRDA:158,12,0,0
BRDA:161,13,0,0
BRDA:164,14,0,0
BRDA:171,15,0,0
BRDA:171,15,1,0
BRDA:174,16,0,0
BRDA:174,16,1,0
BRDA:183,17,0,0
BRDA:189,18,0,0
BRDA:234,19,0,0
BRDA:234,19,1,0
BRDA:235,20,0,0
BRDA:235,20,1,0
BRF:29
BRH:0
end_of_record
TN:
SF:src/lib/supabase.ts
FN:15,(anonymous_0)
FN:19,(anonymous_1)
FN:26,(anonymous_2)
FN:38,(anonymous_3)
FN:42,(anonymous_4)
FN:50,(anonymous_5)
FN:53,(anonymous_6)
FN:66,(anonymous_7)
FN:74,(anonymous_8)
FN:75,(anonymous_9)
FNF:10
FNH:0
FNDA:0,(anonymous_0)
FNDA:0,(anonymous_1)
FNDA:0,(anonymous_2)
FNDA:0,(anonymous_3)
FNDA:0,(anonymous_4)
FNDA:0,(anonymous_5)
FNDA:0,(anonymous_6)
FNDA:0,(anonymous_7)
FNDA:0,(anonymous_8)
FNDA:0,(anonymous_9)
DA:5,0
DA:6,0
DA:8,0
DA:9,0
DA:12,0
DA:16,0
DA:17,0
DA:20,0
DA:27,0
DA:28,0
DA:30,0
DA:31,0
DA:32,0
DA:35,0
DA:39,0
DA:43,0
DA:47,0
DA:51,0
DA:54,0
DA:62,0
DA:63,0
DA:67,0
DA:68,0
DA:69,0
DA:70,0
DA:75,0
DA:76,0
DA:78,0
DA:82,0
LF:29
LH:0
BRDA:5,0,0,0
BRDA:5,0,1,0
BRDA:6,1,0,0
BRDA:6,1,1,0
BRDA:8,2,0,0
BRDA:8,3,0,0
BRDA:8,3,1,0
BRDA:28,4,0,0
BRDA:30,5,0,0
BRDA:68,6,0,0
BRF:10
BRH:0
end_of_record
TN:
SF:src/lib/utils.ts
FN:5,cn
FN:10,formatDate
FN:34,formatRelativeTime
FN:73,formatCurrency
FN:83,formatNumber
FN:91,formatFileSize
FN:102,truncate
FN:108,isValidEmail
FN:114,formatPhoneNumber
FN:129,generateId
FN:139,debounce
FN:144,(anonymous_11)
FN:146,(anonymous_12)
FN:151,throttle
FN:156,(anonymous_14)
FN:160,(anonymous_15)
FN:166,deepClone
FN:169,(anonymous_17)
FN:183,isEqual
FNF:19
FNH:0
FNDA:0,cn
FNDA:0,formatDate
FNDA:0,formatRelativeTime
FNDA:0,formatCurrency
FNDA:0,formatNumber
FNDA:0,formatFileSize
FNDA:0,truncate
FNDA:0,isValidEmail
FNDA:0,formatPhoneNumber
FNDA:0,generateId
FNDA:0,debounce
FNDA:0,(anonymous_11)
FNDA:0,(anonymous_12)
FNDA:0,throttle
FNDA:0,(anonymous_14)
FNDA:0,(anonymous_15)
FNDA:0,deepClone
FNDA:0,(anonymous_17)
FNDA:0,isEqual
DA:6,0
DA:11,0
DA:13,0
DA:14,0
DA:17,0
DA:18,0
DA:19,0
DA:20,0
DA:21,0
DA:22,0
DA:24,0
DA:35,0
DA:36,0
DA:37,0
DA:39,0
DA:40,0
DA:43,0
DA:44,0
DA:45,0
DA:48,0
DA:49,0
DA:50,0
DA:53,0
DA:54,0
DA:55,0
DA:58,0
DA:59,0
DA:60,0
DA:63,0
DA:64,0
DA:65,0
DA:68,0
DA:69,0
DA:74,0
DA:84,0
DA:92,0
DA:94,0
DA:95,0
DA:96,0
DA:98,0
DA:103,0
DA:104,0
DA:109,0
DA:110,0
DA:115,0
DA:117,0
DA:118,0
DA:121,0
DA:122,0
DA:125,0
DA:130,0
DA:131,0
DA:132,0
DA:133,0
DA:135,0
DA:144,0
DA:145,0
DA:146,0
DA:156,0
DA:157,0
DA:158,0
DA:159,0
DA:160,0
DA:167,0
DA:168,0
DA:169,0
DA:170,0
DA:171,0
DA:172,0
DA:173,0
DA:174,0
DA:177,0
DA:179,0
DA:184,0
DA:185,0
DA:186,0
DA:188,0
DA:189,0
DA:190,0
DA:192,0
DA:194,0
DA:195,0
DA:196,0
DA:199,0
DA:202,0
LF:85
LH:0
BRDA:10,0,0,0
BRDA:13,1,0,0
BRDA:39,2,0,0
BRDA:44,3,0,0
BRDA:49,4,0,0
BRDA:54,5,0,0
BRDA:59,6,0,0
BRDA:64,7,0,0
BRDA:73,8,0,0
BRDA:83,9,0,0
BRDA:92,10,0,0
BRDA:103,11,0,0
BRDA:117,12,0,0
BRDA:121,13,0,0
BRDA:129,14,0,0
BRDA:157,15,0,0
BRDA:167,16,0,0
BRDA:167,17,0,0
BRDA:167,17,1,0
BRDA:168,18,0,0
BRDA:169,19,0,0
BRDA:170,20,0,0
BRDA:173,21,0,0
BRDA:184,22,0,0
BRDA:185,23,0,0
BRDA:185,24,0,0
BRDA:185,24,1,0
BRDA:186,25,0,0
BRDA:188,26,0,0
BRDA:192,27,0,0
BRDA:195,28,0,0
BRDA:196,29,0,0
BRF:32
BRH:0
end_of_record
TN:
SF:src/lib/supabase/client.ts
FNF:0
FNH:0
DA:4,0
DA:5,0
DA:7,0
DA:8,0
DA:11,0
LF:5
LH:0
BRDA:7,0,0,0
BRDA:7,1,0,0
BRDA:7,1,1,0
BRF:3
BRH:0
end_of_record
TN:
SF:src/lib/supabase/types.ts
FNF:0
FNH:0
DA:151,0
LF:1
LH:0
BRF:0
BRH:0
end_of_record
TN:
SF:src/pages/Dashboard.tsx
FN:18,(anonymous_0)
FN:31,(anonymous_1)
FN:35,(anonymous_2)
FN:83,(anonymous_3)
FNF:4
FNH:0
FNDA:0,(anonymous_0)
FNDA:0,(anonymous_1)
FNDA:0,(anonymous_2)
FNDA:0,(anonymous_3)
DA:18,0
DA:24,0
DA:25,0
DA:26,0
DA:27,0
DA:28,0
DA:29,0
DA:31,0
DA:32,0
DA:35,0
DA:36,0
DA:37,0
DA:38,0
DA:41,0
DA:42,0
DA:43,0
DA:46,0
DA:47,0
DA:50,0
DA:51,0
DA:55,0
DA:56,0
DA:57,0
DA:60,0
DA:61,0
DA:64,0
DA:65,0
DA:66,0
DA:71,0
DA:76,0
DA:77,0
DA:79,0
DA:83,0
DA:85,0
DA:88,0
DA:89,0
DA:96,0
DA:97,0
DA:112,0
DA:113,0
DA:139,0
DA:140,0
DA:163,0
LF:43
LH:0
BRDA:41,0,0,0
BRDA:41,1,0,0
BRDA:41,1,1,0
BRDA:41,1,2,0
BRDA:55,2,0,0
BRDA:55,3,0,0
BRDA:55,3,1,0
BRDA:64,4,0,0
BRDA:71,5,0,0
BRDA:88,6,0,0
BRDA:96,7,0,0
BRDA:112,8,0,0
BRDA:112,9,0,0
BRDA:112,9,1,0
BRDA:119,10,0,0
BRDA:119,10,1,0
BRDA:121,11,0,0
BRDA:121,11,1,0
BRDA:127,12,0,0
BRDA:127,12,1,0
BRDA:139,13,0,0
BRDA:139,14,0,0
BRDA:139,14,1,0
BRDA:147,15,0,0
BRDA:147,15,1,0
BRF:25
BRH:0
end_of_record
TN:
SF:src/pages/DashboardDemo.tsx
FN:46,DashboardDemo
FN:50,(anonymous_1)
FN:57,(anonymous_2)
FN:58,(anonymous_3)
FN:81,(anonymous_4)
FN:114,(anonymous_5)
FNF:6
FNH:0
FNDA:0,DashboardDemo
FNDA:0,(anonymous_1)
FNDA:0,(anonymous_2)
FNDA:0,(anonymous_3)
FNDA:0,(anonymous_4)
FNDA:0,(anonymous_5)
DA:17,0
DA:47,0
DA:48,0
DA:50,0
DA:53,0
DA:54,0
DA:57,0
DA:58,0
DA:59,0
DA:62,0
DA:63,0
DA:70,0
DA:71,0
DA:81,0
DA:90,0
DA:115,0
LF:16
LH:0
BRDA:59,0,0,0
BRDA:59,0,1,0
BRDA:62,1,0,0
BRDA:70,2,0,0
BRF:4
BRH:0
end_of_record
TN:
SF:src/pages/NotFound.tsx
FN:4,NotFoundPage
FN:17,(anonymous_1)
FN:23,(anonymous_2)
FNF:3
FNH:0
FNDA:0,NotFoundPage
FNDA:0,(anonymous_1)
FNDA:0,(anonymous_2)
DA:5,0
DA:7,0
DA:17,0
DA:23,0
LF:4
LH:0
BRF:0
BRH:0
end_of_record
TN:
SF:src/pages/ShadcnTest.tsx
FN:9,ShadcnTest
FNF:1
FNH:0
FNDA:0,ShadcnTest
DA:10,0
LF:1
LH:0
BRF:0
BRH:0
end_of_record
TN:
SF:src/pages/StyleGuide.tsx
FN:5,StyleGuide
FN:26,(anonymous_1)
FN:29,(anonymous_2)
FN:181,(anonymous_3)
FN:198,(anonymous_4)
FN:374,ColorCard
FNF:6
FNH:0
FNDA:0,StyleGuide
FNDA:0,(anonymous_1)
FNDA:0,(anonymous_2)
FNDA:0,(anonymous_3)
FNDA:0,(anonymous_4)
FNDA:0,ColorCard
DA:6,0
DA:8,0
DA:17,0
DA:27,0
DA:29,0
DA:182,0
DA:199,0
DA:375,0
LF:8
LH:0
BRDA:31,0,0,0
BRDA:31,0,1,0
BRDA:48,1,0,0
BRDA:48,1,1,0
BRDA:90,2,0,0
BRDA:90,2,1,0
BRDA:176,3,0,0
BRDA:176,3,1,0
BRDA:193,4,0,0
BRDA:193,4,1,0
BRDA:200,5,0,0
BRDA:200,5,1,0
BRDA:201,6,0,0
BRDA:201,6,1,0
BRDA:211,7,0,0
BRDA:211,7,1,0
BRDA:295,8,0,0
BRDA:295,8,1,0
BRDA:379,9,0,0
BRDA:379,9,1,0
BRDA:380,10,0,0
BRDA:380,10,1,0
BRDA:381,11,0,0
BRDA:381,11,1,0
BRDA:382,12,0,0
BRDA:382,12,1,0
BRDA:383,13,0,0
BRDA:383,13,1,0
BRDA:384,14,0,0
BRDA:384,14,1,0
BRF:30
BRH:0
end_of_record
TN:
SF:src/pages/admin/PermissionManagement.tsx
FN:34,PermissionManagement
FN:45,(anonymous_1)
FN:49,(anonymous_2)
FN:115,(anonymous_3)
FN:122,(anonymous_4)
FN:127,(anonymous_5)
FN:142,(anonymous_6)
FN:145,(anonymous_7)
FN:200,(anonymous_8)
FN:211,(anonymous_9)
FN:237,(anonymous_10)
FN:243,(anonymous_11)
FN:261,(anonymous_12)
FN:296,(anonymous_13)
FN:339,(anonymous_14)
FN:345,(anonymous_15)
FN:410,(anonymous_16)
FNF:17
FNH:0
FNDA:0,PermissionManagement
FNDA:0,(anonymous_1)
FNDA:0,(anonymous_2)
FNDA:0,(anonymous_3)
FNDA:0,(anonymous_4)
FNDA:0,(anonymous_5)
FNDA:0,(anonymous_6)
FNDA:0,(anonymous_7)
FNDA:0,(anonymous_8)
FNDA:0,(anonymous_9)
FNDA:0,(anonymous_10)
FNDA:0,(anonymous_11)
FNDA:0,(anonymous_12)
FNDA:0,(anonymous_13)
FNDA:0,(anonymous_14)
FNDA:0,(anonymous_15)
FNDA:0,(anonymous_16)
DA:35,0
DA:36,0
DA:37,0
DA:38,0
DA:39,0
DA:40,0
DA:41,0
DA:42,0
DA:43,0
DA:45,0
DA:46,0
DA:49,0
DA:50,0
DA:51,0
DA:57,0
DA:92,0
DA:108,0
DA:109,0
DA:111,0
DA:115,0
DA:116,0
DA:118,0
DA:119,0
DA:122,0
DA:123,0
DA:124,0
DA:127,0
DA:128,0
DA:129,0
DA:132,0
DA:134,0
DA:135,0
DA:137,0
DA:138,0
DA:142,0
DA:143,0
DA:145,0
DA:157,0
DA:158,0
DA:159,0
DA:160,0
DA:161,0
DA:162,0
DA:163,0
DA:166,0
DA:167,0
DA:174,0
DA:200,0
DA:211,0
DA:237,0
DA:243,0
DA:262,0
DA:263,0
DA:297,0
DA:339,0
DA:345,0
DA:411,0
LF:57
LH:0
BRDA:116,0,0,0
BRDA:116,0,1,0
BRDA:118,1,0,0
BRDA:118,1,1,0
BRDA:119,2,0,0
BRDA:119,2,1,0
BRDA:128,3,0,0
BRDA:149,4,0,0
BRDA:149,4,1,0
BRDA:150,5,0,0
BRDA:150,5,1,0
BRDA:151,6,0,0
BRDA:151,6,1,0
BRDA:152,7,0,0
BRDA:152,7,1,0
BRDA:153,8,0,0
BRDA:153,8,1,0
BRDA:166,9,0,0
BRDA:202,10,0,0
BRDA:202,10,1,0
BRDA:213,11,0,0
BRDA:213,11,1,0
BRDA:226,12,0,0
BRDA:226,12,1,0
BRDA:306,13,0,0
BRDA:306,13,1,0
BRDA:311,14,0,0
BRDA:311,14,1,0
BRDA:316,15,0,0
BRDA:316,15,1,0
BRDA:325,16,0,0
BRDA:325,16,1,0
BRDA:326,17,0,0
BRDA:326,17,1,0
BRDA:329,18,0,0
BRDA:329,18,1,0
BRDA:330,19,0,0
BRDA:330,19,1,0
BRDA:361,20,0,0
BRDA:361,20,1,0
BRDA:420,21,0,0
BRDA:420,21,1,0
BRDA:421,22,0,0
BRDA:421,22,1,0
BRDA:424,23,0,0
BRDA:424,23,1,0
BRDA:425,24,0,0
BRDA:425,24,1,0
BRDA:429,25,0,0
BRDA:429,25,1,0
BRDA:429,26,0,0
BRDA:429,26,1,0
BRDA:432,27,0,0
BRDA:432,27,1,0
BRDA:439,28,0,0
BRDA:439,28,1,0
BRDA:442,29,0,0
BRDA:442,29,1,0
BRF:58
BRH:0
end_of_record
TN:
SF:src/pages/auth/Login.tsx
FN:7,LoginPage
FN:22,(anonymous_1)
FN:41,(anonymous_2)
FNF:3
FNH:0
FNDA:0,LoginPage
FNDA:0,(anonymous_1)
FNDA:0,(anonymous_2)
DA:8,0
DA:9,0
DA:10,0
DA:11,0
DA:17,0
DA:18,0
DA:19,0
DA:22,0
DA:23,0
DA:24,0
DA:26,0
DA:27,0
DA:29,0
DA:30,0
DA:32,0
DA:35,0
DA:37,0
DA:41,0
DA:42,0
DA:48,0
LF:20
LH:0
BRDA:17,0,0,0
BRDA:18,1,0,0
BRDA:18,1,1,0
BRDA:29,2,0,0
BRDA:29,2,1,0
BRDA:129,3,0,0
BRDA:129,3,1,0
BRF:7
BRH:0
end_of_record
TN:
SF:src/pages/brand/Analytics.tsx
FN:5,Analytics
FNF:1
FNH:0
FNDA:0,Analytics
DA:6,0
LF:1
LH:0
BRF:0
BRH:0
end_of_record
TN:
SF:src/pages/brand/Customers.tsx
FN:5,Customers
FNF:1
FNH:0
FNDA:0,Customers
DA:6,0
LF:1
LH:0
BRF:0
BRH:0
end_of_record
TN:
SF:src/pages/brand/Dashboard.tsx
FN:9,BrandDashboard
FN:64,(anonymous_1)
FNF:2
FNH:0
FNDA:0,BrandDashboard
FNDA:0,(anonymous_1)
DA:10,0
DA:12,0
DA:59,0
DA:65,0
LF:4
LH:0
BRF:0
BRH:0
end_of_record
TN:
SF:src/pages/brand/Marketing.tsx
FN:5,Marketing
FNF:1
FNH:0
FNDA:0,Marketing
DA:6,0
LF:1
LH:0
BRF:0
BRH:0
end_of_record
TN:
SF:src/pages/brand/Menu.tsx
FN:5,Menu
FNF:1
FNH:0
FNDA:0,Menu
DA:6,0
LF:1
LH:0
BRF:0
BRH:0
end_of_record
TN:
SF:src/pages/brand/Orders.tsx
FN:5,Orders
FNF:1
FNH:0
FNDA:0,Orders
DA:6,0
LF:1
LH:0
BRF:0
BRH:0
end_of_record
TN:
SF:src/pages/brand/Settings.tsx
FN:5,Settings
FNF:1
FNH:0
FNDA:0,Settings
DA:6,0
LF:1
LH:0
BRF:0
BRH:0
end_of_record
TN:
SF:src/pages/company/Dashboard.tsx
FN:9,CompanyDashboard
FN:64,(anonymous_1)
FNF:2
FNH:0
FNDA:0,CompanyDashboard
FNDA:0,(anonymous_1)
DA:10,0
DA:12,0
DA:59,0
DA:65,0
LF:4
LH:0
BRF:0
BRH:0
end_of_record
TN:
SF:src/pages/company/Inventory.tsx
FN:5,Inventory
FNF:1
FNH:0
FNDA:0,Inventory
DA:6,0
LF:1
LH:0
BRF:0
BRH:0
end_of_record
TN:
SF:src/pages/company/Orders.tsx
FN:6,Orders
FNF:1
FNH:0
FNDA:0,Orders
DA:7,0
LF:1
LH:0
BRF:0
BRH:0
end_of_record
TN:
SF:src/pages/company/Reports.tsx
FN:5,Reports
FNF:1
FNH:0
FNDA:0,Reports
DA:6,0
LF:1
LH:0
BRF:0
BRH:0
end_of_record
TN:
SF:src/pages/company/Settings.tsx
FN:5,Settings
FNF:1
FNH:0
FNDA:0,Settings
DA:6,0
LF:1
LH:0
BRF:0
BRH:0
end_of_record
TN:
SF:src/pages/company/Suppliers.tsx
FN:5,Suppliers
FNF:1
FNH:0
FNDA:0,Suppliers
DA:6,0
LF:1
LH:0
BRF:0
BRH:0
end_of_record
TN:
SF:src/pages/company/Users.tsx
FN:4,Users
FNF:1
FNH:0
FNDA:0,Users
DA:5,0
LF:1
LH:0
BRF:0
BRH:0
end_of_record
TN:
SF:src/services/permissionService.ts
FN:11,(anonymous_0)
FN:15,(anonymous_1)
FN:25,(anonymous_2)
FN:84,(anonymous_3)
FN:119,(anonymous_4)
FN:174,(anonymous_5)
FN:239,(anonymous_6)
FN:274,(anonymous_7)
FN:293,(anonymous_8)
FN:302,(anonymous_9)
FN:309,(anonymous_10)
FN:331,(anonymous_11)
FN:338,(anonymous_12)
FN:345,(anonymous_13)
FN:360,(anonymous_14)
FNF:15
FNH:0
FNDA:0,(anonymous_0)
FNDA:0,(anonymous_1)
FNDA:0,(anonymous_2)
FNDA:0,(anonymous_3)
FNDA:0,(anonymous_4)
FNDA:0,(anonymous_5)
FNDA:0,(anonymous_6)
FNDA:0,(anonymous_7)
FNDA:0,(anonymous_8)
FNDA:0,(anonymous_9)
FNDA:0,(anonymous_10)
FNDA:0,(anonymous_11)
FNDA:0,(anonymous_12)
FNDA:0,(anonymous_13)
FNDA:0,(anonymous_14)
DA:13,0
DA:16,0
DA:17,0
DA:19,0
DA:26,0
DA:27,0
DA:28,0
DA:29,0
DA:31,0
DA:37,0
DA:38,0
DA:39,0
DA:42,0
DA:73,0
DA:74,0
DA:76,0
DA:77,0
DA:89,0
DA:90,0
DA:91,0
DA:93,0
DA:94,0
DA:97,0
DA:98,0
DA:101,0
DA:102,0
DA:103,0
DA:106,0
DA:109,0
DA:111,0
DA:112,0
DA:124,0
DA:126,0
DA:128,0
DA:129,0
DA:131,0
DA:145,0
DA:146,0
DA:147,0
DA:150,0
DA:163,0
DA:164,0
DA:166,0
DA:167,0
DA:180,0
DA:181,0
DA:188,0
DA:189,0
DA:190,0
DA:194,0
DA:195,0
DA:196,0
DA:197,0
DA:200,0
DA:201,0
DA:208,0
DA:216,0
DA:217,0
DA:218,0
DA:222,0
DA:223,0
DA:224,0
DA:227,0
DA:228,0
DA:230,0
DA:231,0
DA:232,0
DA:248,0
DA:249,0
DA:263,0
DA:264,0
DA:267,0
DA:275,0
DA:276,0
DA:282,0
DA:283,0
DA:286,0
DA:294,0
DA:295,0
DA:296,0
DA:303,0
DA:310,0
DA:311,0
DA:316,0
DA:317,0
DA:320,0
DA:321,0
DA:324,0
DA:332,0
DA:339,0
DA:346,0
DA:347,0
DA:354,0
DA:355,0
DA:356,0
DA:360,0
DA:379,0
DA:381,0
DA:382,0
DA:387,0
LF:100
LH:0
BRDA:16,0,0,0
BRDA:29,1,0,0
BRDA:37,2,0,0
BRDA:44,3,0,0
BRDA:44,3,1,0
BRDA:45,4,0,0
BRDA:45,4,1,0
BRDA:46,5,0,0
BRDA:46,5,1,0
BRDA:52,6,0,0
BRDA:52,6,1,0
BRDA:57,7,0,0
BRDA:57,7,1,0
BRDA:62,8,0,0
BRDA:62,8,1,0
BRDA:91,9,0,0
BRDA:93,10,0,0
BRDA:97,11,0,0
BRDA:98,12,0,0
BRDA:101,13,0,0
BRDA:103,14,0,0
BRDA:103,14,1,0
BRDA:129,15,0,0
BRDA:129,15,1,0
BRDA:136,16,0,0
BRDA:136,16,1,0
BRDA:145,17,0,0
BRDA:152,18,0,0
BRDA:152,18,1,0
BRDA:154,19,0,0
BRDA:154,19,1,0
BRDA:156,20,0,0
BRDA:156,20,1,0
BRDA:157,21,0,0
BRDA:157,21,1,0
BRDA:158,22,0,0
BRDA:158,22,1,0
BRDA:159,23,0,0
BRDA:159,23,1,0
BRDA:160,24,0,0
BRDA:160,24,1,0
BRDA:188,25,0,0
BRDA:188,26,0,0
BRDA:188,26,1,0
BRDA:195,27,0,0
BRDA:200,28,0,0
BRDA:200,28,1,0
BRDA:216,29,0,0
BRDA:222,30,0,0
BRDA:259,31,0,0
BRDA:259,31,1,0
BRDA:260,32,0,0
BRDA:260,32,1,0
BRDA:263,33,0,0
BRDA:282,34,0,0
BRDA:316,35,0,0
BRDA:320,36,0,0
BRDA:345,37,0,0
BRDA:354,38,0,0
BRDA:360,39,0,0
BRDA:360,39,1,0
BRDA:362,40,0,0
BRDA:362,40,1,0
BRDA:376,41,0,0
BRDA:376,41,1,0
BRF:65
BRH:0
end_of_record
TN:
SF:src/utils/dataIntegrity.ts
FN:28,(anonymous_0)
FN:72,(anonymous_1)
FN:95,(anonymous_2)
FN:101,(anonymous_3)
FN:107,(anonymous_4)
FN:114,(anonymous_5)
FN:124,(anonymous_6)
FN:130,(anonymous_7)
FN:137,(anonymous_8)
FN:146,(anonymous_9)
FN:153,(anonymous_10)
FN:160,(anonymous_11)
FN:161,(anonymous_12)
FN:168,(anonymous_13)
FN:179,(anonymous_14)
FN:186,(anonymous_15)
FN:187,(anonymous_16)
FN:194,(anonymous_17)
FN:203,(anonymous_18)
FN:209,(anonymous_19)
FN:215,(anonymous_20)
FN:228,(anonymous_21)
FN:234,(anonymous_22)
FN:248,(anonymous_23)
FN:254,(anonymous_24)
FN:267,(anonymous_25)
FN:280,(anonymous_26)
FN:297,(anonymous_27)
FN:306,(anonymous_28)
FNF:29
FNH:0
FNDA:0,(anonymous_0)
FNDA:0,(anonymous_1)
FNDA:0,(anonymous_2)
FNDA:0,(anonymous_3)
FNDA:0,(anonymous_4)
FNDA:0,(anonymous_5)
FNDA:0,(anonymous_6)
FNDA:0,(anonymous_7)
FNDA:0,(anonymous_8)
FNDA:0,(anonymous_9)
FNDA:0,(anonymous_10)
FNDA:0,(anonymous_11)
FNDA:0,(anonymous_12)
FNDA:0,(anonymous_13)
FNDA:0,(anonymous_14)
FNDA:0,(anonymous_15)
FNDA:0,(anonymous_16)
FNDA:0,(anonymous_17)
FNDA:0,(anonymous_18)
FNDA:0,(anonymous_19)
FNDA:0,(anonymous_20)
FNDA:0,(anonymous_21)
FNDA:0,(anonymous_22)
FNDA:0,(anonymous_23)
FNDA:0,(anonymous_24)
FNDA:0,(anonymous_25)
FNDA:0,(anonymous_26)
FNDA:0,(anonymous_27)
FNDA:0,(anonymous_28)
DA:29,0
DA:42,0
DA:44,0
DA:47,0
DA:50,0
DA:53,0
DA:56,0
DA:59,0
DA:62,0
DA:63,0
DA:66,0
DA:74,0
DA:77,0
DA:80,0
DA:83,0
DA:86,0
DA:89,0
DA:97,0
DA:101,0
DA:103,0
DA:107,0
DA:108,0
DA:111,0
DA:112,0
DA:113,0
DA:114,0
DA:115,0
DA:120,0
DA:124,0
DA:126,0
DA:130,0
DA:131,0
DA:134,0
DA:135,0
DA:136,0
DA:137,0
DA:138,0
DA:148,0
DA:152,0
DA:153,0
DA:154,0
DA:155,0
DA:156,0
DA:159,0
DA:160,0
DA:162,0
DA:163,0
DA:166,0
DA:167,0
DA:168,0
DA:169,0
DA:174,0
DA:178,0
DA:179,0
DA:180,0
DA:181,0
DA:182,0
DA:185,0
DA:186,0
DA:188,0
DA:189,0
DA:192,0
DA:193,0
DA:194,0
DA:195,0
DA:205,0
DA:209,0
DA:210,0
DA:213,0
DA:214,0
DA:215,0
DA:216,0
DA:217,0
DA:218,0
DA:219,0
DA:224,0
DA:228,0
DA:229,0
DA:232,0
DA:233,0
DA:234,0
DA:235,0
DA:236,0
DA:237,0
DA:238,0
DA:239,0
DA:244,0
DA:248,0
DA:249,0
DA:252,0
DA:253,0
DA:254,0
DA:255,0
DA:256,0
DA:257,0
DA:258,0
DA:259,0
DA:269,0
DA:278,0
DA:279,0
DA:280,0
DA:281,0
DA:286,0
DA:295,0
DA:296,0
DA:297,0
DA:298,0
DA:307,0
DA:320,0
DA:322,0
DA:328,0
DA:329,0
DA:330,0
DA:331,0
DA:335,0
DA:339,0
DA:341,0
DA:345,0
DA:347,0
DA:350,0
DA:351,0
DA:354,0
LF:122
LH:0
BRDA:77,0,0,0
BRDA:77,0,1,0
BRDA:83,1,0,0
BRDA:83,1,1,0
BRDA:89,2,0,0
BRDA:89,2,1,0
BRDA:101,3,0,0
BRDA:101,3,1,0
BRDA:107,4,0,0
BRDA:107,4,1,0
BRDA:111,5,0,0
BRDA:124,6,0,0
BRDA:124,6,1,0
BRDA:130,7,0,0
BRDA:130,7,1,0
BRDA:134,8,0,0
BRDA:155,9,0,0
BRDA:155,9,1,0
BRDA:166,10,0,0
BRDA:181,11,0,0
BRDA:181,11,1,0
BRDA:192,12,0,0
BRDA:209,13,0,0
BRDA:209,13,1,0
BRDA:210,14,0,0
BRDA:210,14,1,0
BRDA:213,15,0,0
BRDA:217,16,0,0
BRDA:218,17,0,0
BRDA:228,18,0,0
BRDA:228,18,1,0
BRDA:229,19,0,0
BRDA:229,19,1,0
BRDA:229,19,2,0
BRDA:232,20,0,0
BRDA:236,21,0,0
BRDA:237,22,0,0
BRDA:238,23,0,0
BRDA:248,24,0,0
BRDA:248,24,1,0
BRDA:249,25,0,0
BRDA:249,25,1,0
BRDA:249,25,2,0
BRDA:252,26,0,0
BRDA:256,27,0,0
BRDA:257,28,0,0
BRDA:258,29,0,0
BRDA:278,30,0,0
BRDA:278,31,0,0
BRDA:278,31,1,0
BRDA:295,32,0,0
BRDA:295,33,0,0
BRDA:295,33,1,0
BRDA:328,34,0,0
BRDA:339,35,0,0
BRDA:339,35,1,0
BRDA:345,36,0,0
BRDA:345,36,1,0
BRF:58
BRH:0
end_of_record
